<?xml version="1.0" encoding="UTF-8"?>
<testsuites name="Manage Customer Test Suite" time="108" tests="5" failures="4" errors="0">
   <testsuite name="Manage Customer Test Suite" tests="5" failures="4" errors="0" time="108" timestamp="2018-11-12 14:14:53" hostname="priyanga - 10.185.118.121" id="Test Suites/Regression/Manage Customer Test Suite">
      <properties>
         <property name="deviceName" value=""/>
         <property name="devicePlatform" value=""/>
         <property name="logFolder" value="/Users/priyanga/TMS_QA_AUTOMATION/tms-qa-automation/TMSLiteRegressionAutomation/Reports/Regression/Manage Customer Test Suite/20181112_141449"/>
         <property name="logFiles" value="/Users/priyanga/TMS_QA_AUTOMATION/tms-qa-automation/TMSLiteRegressionAutomation/Reports/Regression/Manage Customer Test Suite/20181112_141449/execution0.log"/>
         <property name="attachments" value="/Users/priyanga/TMS_QA_AUTOMATION/tms-qa-automation/TMSLiteRegressionAutomation/Reports/Regression/Manage Customer Test Suite/20181112_141449/1542012386139.png"/>
         <property name="hostName" value="priyanga - 10.185.118.121"/>
         <property name="os" value="Mac OS X 64bit"/>
         <property name="katalonVersion" value="5.7.1.1"/>
         <property name="browser" value="Chrome 70.0.3538.77"/>
         <property name="hostAddress" value="10.185.118.121"/>
         <property name="sessionId" value="6e62ee05b762906c1c36b7807cbca1b7"/>
         <property name="seleniumVersion" value="3.7.1"/>
         <property name="proxyInformation" value="ProxyInformation{proxyOption=USE_SYSTEM, proxyServerType=HTTP, password=, proxyServerAddress=, proxyServerPort=0}"/>
         <property name="platform" value="Mac OS X"/>
      </properties>
      <testcase name="Test Cases/Customer/F11762-View Customer/QA-US84851/US83148-SearchCustomer/TC60100-Search-Customer" classname="Test Cases/Customer/F11762-View Customer/QA-US84851/US83148-SearchCustomer/TC60100-Search-Customer" status="PASSED">
         <system-out><![CDATA[2018-11-12 14:15:27 - [TEST_CASE][PASSED] - Test Cases/Customer/F11762-View Customer/QA-US84851/US83148-SearchCustomer/TC60100-Search-Customer: Test Cases/Customer/F11762-View Customer/QA-US84851/US83148-SearchCustomer/TC60100-Search-Customer

2018-11-12 14:15:27 - [TEST_STEP][PASSED] - Start listener action : beforeTestCaseExecute: Navigate to 'http://localhost:8080/home' successfully

2018-11-12 14:15:27 - [TEST_STEP][PASSED] - Statement - If (isTestSuitEnable == true): Navigate to 'http://localhost:8080/home' successfully

2018-11-12 14:15:27 - [TEST_STEP][PASSED] - navigateToUrl: Navigate to 'http://localhost:8080/home' successfully

2018-11-12 14:15:28 - [MESSAGE][PASSED] - Navigate to 'http://localhost:8080/home' successfully

2018-11-12 14:15:28 - [TEST_STEP][PASSED] - com.ge.tms.commonactions.CommonClickEvents.clickOnManageCustomers: com.ge.tms.commonactions.CommonClickEvents.clickOnManageCustomers is PASSED

2018-11-12 14:15:28 - [MESSAGE][PASSED] - Execute JavaScript 'document.querySelector('px-app-nav').shadowRoot.querySelector('#items > px-app-nav-group:nth-child(13) > px-app-nav-subitem:nth-child(2)').click()' successfully

2018-11-12 14:15:29 - [MESSAGE][PASSED] - Delayed 1 second(s)

2018-11-12 14:15:29 - [MESSAGE][PASSED] - com.ge.tms.commonactions.CommonClickEvents.clickOnManageCustomers is PASSED

2018-11-12 14:15:29 - [TEST_STEP][PASSED] - com.ge.tms.customer.CustomerVerification.verifyCustomerPageHeader: com.ge.tms.customer.CustomerVerification.verifyCustomerPageHeader is PASSED

2018-11-12 14:15:29 - [MESSAGE][PASSED] - Send request successfully

2018-11-12 14:15:29 - [MESSAGE][PASSED] - Send request successfully

2018-11-12 14:15:29 - [MESSAGE][PASSED] - Send request successfully

2018-11-12 14:15:29 - [MESSAGE][PASSED] - Send request successfully

2018-11-12 14:15:29 - [MESSAGE][PASSED] - Send request successfully

2018-11-12 14:15:29 - [MESSAGE][PASSED] - Send request successfully

2018-11-12 14:15:29 - [MESSAGE][PASSED] - Send request successfully

2018-11-12 14:15:29 - [MESSAGE][PASSED] - Send request successfully

2018-11-12 14:15:29 - [MESSAGE][PASSED] - Send request successfully

2018-11-12 14:15:29 - [MESSAGE][PASSED] - Text of object 'Object Repository/F11762-View Customer/QA-US83146/US84104-View Customer/View Customer/CustomerPageObject/h1_Manage Customers' is: 'Customer Management'

2018-11-12 14:15:29 - [MESSAGE][PASSED] - Actual object 'Customer Management' and expected object 'Customer Management' are equal

2018-11-12 14:15:29 - [MESSAGE][PASSED] - com.ge.tms.customer.CustomerVerification.verifyCustomerPageHeader is PASSED

2018-11-12 14:15:29 - [TEST_STEP][PASSED] - Statement - customerToSearch = com.kms.katalon.core.webui.keyword.WebUiBuiltInKeywords.getText(com.kms.katalon.core.testobject.ObjectRepository.findTestObject(Object Repository/F11762-View Customer/QA-US84851/US83148-SearchCustomer/SearchCustomer/SearchSortCustomerPageObjects/firstCustomerInList)).split("-"): Text of object 'Object Repository/F11762-View Customer/QA-US84851/US83148-SearchCustomer/SearchCustomer/SearchSortCustomerPageObjects/firstCustomerInList' is: '113331232-LWF'

2018-11-12 14:15:29 - [MESSAGE][PASSED] - Text of object 'Object Repository/F11762-View Customer/QA-US84851/US83148-SearchCustomer/SearchCustomer/SearchSortCustomerPageObjects/firstCustomerInList' is: '113331232-LWF'

2018-11-12 14:15:29 - [TEST_STEP][PASSED] - Statement - customerId = customerToSearch[0]: null

2018-11-12 14:15:29 - [TEST_STEP][PASSED] - Statement - addressKey = customerToSearch[1]: null

2018-11-12 14:15:29 - [TEST_STEP][PASSED] - setText: Text '113331232' is set on object 'Object Repository/F11762-View Customer/QA-US84851/US83148-SearchCustomer/SearchCustomer/SearchSortCustomerPageObjects/searchBox'

2018-11-12 14:15:30 - [MESSAGE][PASSED] - Text '113331232' is set on object 'Object Repository/F11762-View Customer/QA-US84851/US83148-SearchCustomer/SearchCustomer/SearchSortCustomerPageObjects/searchBox'

2018-11-12 14:15:30 - [TEST_STEP][PASSED] - com.ge.tms.customer.CustomerVerification.verifyCustomerSearchWithCustomerId: com.ge.tms.customer.CustomerVerification.verifyCustomerSearchWithCustomerId is PASSED

2018-11-12 14:15:30 - [MESSAGE][PASSED] - Send request successfully

2018-11-12 14:15:30 - [MESSAGE][PASSED] - Send request successfully

2018-11-12 14:15:30 - [MESSAGE][PASSED] - Send request successfully

2018-11-12 14:15:30 - [MESSAGE][PASSED] - Send request successfully

2018-11-12 14:15:30 - [MESSAGE][PASSED] - Send request successfully

2018-11-12 14:15:30 - [MESSAGE][PASSED] - Send request successfully

2018-11-12 14:15:30 - [MESSAGE][PASSED] - Send request successfully

2018-11-12 14:15:30 - [MESSAGE][PASSED] - Send request successfully

2018-11-12 14:15:30 - [MESSAGE][PASSED] - Send request successfully

2018-11-12 14:15:30 - [MESSAGE][PASSED] - Actual object 'true' and expected object 'true' are equal

2018-11-12 14:15:30 - [MESSAGE][PASSED] - com.ge.tms.customer.CustomerVerification.verifyCustomerSearchWithCustomerId is PASSED

2018-11-12 14:15:30 - [TEST_STEP][PASSED] - clearText: Text of object 'Object Repository/F11762-View Customer/QA-US84851/US83148-SearchCustomer/SearchCustomer/SearchSortCustomerPageObjects/searchBox' is cleared

2018-11-12 14:15:30 - [MESSAGE][PASSED] - Text of object 'Object Repository/F11762-View Customer/QA-US84851/US83148-SearchCustomer/SearchCustomer/SearchSortCustomerPageObjects/searchBox' is cleared

2018-11-12 14:15:30 - [TEST_STEP][PASSED] - setText: Text 'LWF' is set on object 'Object Repository/F11762-View Customer/QA-US84851/US83148-SearchCustomer/SearchCustomer/SearchSortCustomerPageObjects/searchBox'

2018-11-12 14:15:30 - [MESSAGE][PASSED] - Text 'LWF' is set on object 'Object Repository/F11762-View Customer/QA-US84851/US83148-SearchCustomer/SearchCustomer/SearchSortCustomerPageObjects/searchBox'

2018-11-12 14:15:30 - [TEST_STEP][PASSED] - com.ge.tms.customer.CustomerVerification.verifyCustomerSearchWithAddressType: com.ge.tms.customer.CustomerVerification.verifyCustomerSearchWithAddressType is PASSED

2018-11-12 14:15:30 - [MESSAGE][PASSED] - Send request successfully

2018-11-12 14:15:30 - [MESSAGE][PASSED] - Send request successfully

2018-11-12 14:15:30 - [MESSAGE][PASSED] - Send request successfully

2018-11-12 14:15:30 - [MESSAGE][PASSED] - Send request successfully

2018-11-12 14:15:30 - [MESSAGE][PASSED] - Send request successfully

2018-11-12 14:15:30 - [MESSAGE][PASSED] - Send request successfully

2018-11-12 14:15:30 - [MESSAGE][PASSED] - Send request successfully

2018-11-12 14:15:30 - [MESSAGE][PASSED] - Send request successfully

2018-11-12 14:15:30 - [MESSAGE][PASSED] - Send request successfully

2018-11-12 14:15:30 - [MESSAGE][PASSED] - Actual object 'LWF' and expected object 'LWF' are equal

2018-11-12 14:15:30 - [MESSAGE][PASSED] - com.ge.tms.customer.CustomerVerification.verifyCustomerSearchWithAddressType is PASSED

2018-11-12 14:15:30 - [TEST_STEP][PASSED] - clearText: Text of object 'Object Repository/F11762-View Customer/QA-US84851/US83148-SearchCustomer/SearchCustomer/SearchSortCustomerPageObjects/searchBox' is cleared

2018-11-12 14:15:30 - [MESSAGE][PASSED] - Text of object 'Object Repository/F11762-View Customer/QA-US84851/US83148-SearchCustomer/SearchCustomer/SearchSortCustomerPageObjects/searchBox' is cleared

2018-11-12 14:15:30 - [TEST_STEP][PASSED] - Statement - partialText = customerId.substring(0, 3): null

2018-11-12 14:15:30 - [TEST_STEP][PASSED] - setText: Text '113' is set on object 'Object Repository/F11762-View Customer/QA-US84851/US83148-SearchCustomer/SearchCustomer/SearchSortCustomerPageObjects/searchBox'

2018-11-12 14:15:30 - [MESSAGE][PASSED] - Text '113' is set on object 'Object Repository/F11762-View Customer/QA-US84851/US83148-SearchCustomer/SearchCustomer/SearchSortCustomerPageObjects/searchBox'

2018-11-12 14:15:30 - [TEST_STEP][PASSED] - com.ge.tms.customer.CustomerVerification.verifyCustomerSearchWithPartialCustomerId: com.ge.tms.customer.CustomerVerification.verifyCustomerSearchWithPartialCustomerId is PASSED

2018-11-12 14:15:31 - [MESSAGE][PASSED] - Send request successfully

2018-11-12 14:15:31 - [MESSAGE][PASSED] - Send request successfully

2018-11-12 14:15:31 - [MESSAGE][PASSED] - Send request successfully

2018-11-12 14:15:31 - [MESSAGE][PASSED] - Send request successfully

2018-11-12 14:15:31 - [MESSAGE][PASSED] - Send request successfully

2018-11-12 14:15:31 - [MESSAGE][PASSED] - Send request successfully

2018-11-12 14:15:31 - [MESSAGE][PASSED] - Send request successfully

2018-11-12 14:15:31 - [MESSAGE][PASSED] - Send request successfully

2018-11-12 14:15:31 - [MESSAGE][PASSED] - Send request successfully

2018-11-12 14:15:31 - [MESSAGE][PASSED] - Actual object 'true' and expected object 'true' are equal

2018-11-12 14:15:31 - [MESSAGE][PASSED] - com.ge.tms.customer.CustomerVerification.verifyCustomerSearchWithPartialCustomerId is PASSED

2018-11-12 14:15:31 - [TEST_STEP][PASSED] - clearText: Text of object 'Object Repository/F11762-View Customer/QA-US84851/US83148-SearchCustomer/SearchCustomer/SearchSortCustomerPageObjects/searchBox' is cleared

2018-11-12 14:15:31 - [MESSAGE][PASSED] - Text of object 'Object Repository/F11762-View Customer/QA-US84851/US83148-SearchCustomer/SearchCustomer/SearchSortCustomerPageObjects/searchBox' is cleared

2018-11-12 14:15:31 - [TEST_STEP][PASSED] - Statement - lengthid = customerId.length() - 1: null

2018-11-12 14:15:31 - [TEST_STEP][PASSED] - Statement - partialTextSecond = customerId.substring(3, customerId.length() - 1): null

2018-11-12 14:15:31 - [TEST_STEP][PASSED] - com.ge.tms.customer.CustomerVerification.verifyCustomerSearchWithPartialCustomerId: com.ge.tms.customer.CustomerVerification.verifyCustomerSearchWithPartialCustomerId is PASSED

2018-11-12 14:15:31 - [MESSAGE][PASSED] - Send request successfully

2018-11-12 14:15:31 - [MESSAGE][PASSED] - Send request successfully

2018-11-12 14:15:31 - [MESSAGE][PASSED] - Send request successfully

2018-11-12 14:15:31 - [MESSAGE][PASSED] - Send request successfully

2018-11-12 14:15:31 - [MESSAGE][PASSED] - Send request successfully

2018-11-12 14:15:31 - [MESSAGE][PASSED] - Send request successfully

2018-11-12 14:15:31 - [MESSAGE][PASSED] - Send request successfully

2018-11-12 14:15:31 - [MESSAGE][PASSED] - Send request successfully

2018-11-12 14:15:31 - [MESSAGE][PASSED] - Send request successfully

2018-11-12 14:15:31 - [MESSAGE][PASSED] - Actual object 'true' and expected object 'true' are equal

2018-11-12 14:15:31 - [MESSAGE][PASSED] - com.ge.tms.customer.CustomerVerification.verifyCustomerSearchWithPartialCustomerId is PASSED

2018-11-12 14:15:31 - [TEST_STEP][PASSED] - clearText: Text of object 'Object Repository/F11762-View Customer/QA-US84851/US83148-SearchCustomer/SearchCustomer/SearchSortCustomerPageObjects/searchBox' is cleared

2018-11-12 14:15:31 - [MESSAGE][PASSED] - Text of object 'Object Repository/F11762-View Customer/QA-US84851/US83148-SearchCustomer/SearchCustomer/SearchSortCustomerPageObjects/searchBox' is cleared

2018-11-12 14:15:31 - [TEST_STEP][PASSED] - Statement - partialTextAddrKey = addressKey.substring(0, 2): null

2018-11-12 14:15:31 - [TEST_STEP][PASSED] - setText: Text 'LW' is set on object 'Object Repository/F11762-View Customer/QA-US84851/US83148-SearchCustomer/SearchCustomer/SearchSortCustomerPageObjects/searchBox'

2018-11-12 14:15:31 - [MESSAGE][PASSED] - Text 'LW' is set on object 'Object Repository/F11762-View Customer/QA-US84851/US83148-SearchCustomer/SearchCustomer/SearchSortCustomerPageObjects/searchBox'

2018-11-12 14:15:31 - [TEST_STEP][PASSED] - com.ge.tms.customer.CustomerVerification.verifyCustomerSearchWithPartialAddrKey: com.ge.tms.customer.CustomerVerification.verifyCustomerSearchWithPartialAddrKey is PASSED

2018-11-12 14:15:31 - [MESSAGE][PASSED] - Send request successfully

2018-11-12 14:15:31 - [MESSAGE][PASSED] - Send request successfully

2018-11-12 14:15:31 - [MESSAGE][PASSED] - Send request successfully

2018-11-12 14:15:31 - [MESSAGE][PASSED] - Send request successfully

2018-11-12 14:15:31 - [MESSAGE][PASSED] - Send request successfully

2018-11-12 14:15:31 - [MESSAGE][PASSED] - Send request successfully

2018-11-12 14:15:31 - [MESSAGE][PASSED] - Send request successfully

2018-11-12 14:15:31 - [MESSAGE][PASSED] - Send request successfully

2018-11-12 14:15:31 - [MESSAGE][PASSED] - Send request successfully

2018-11-12 14:15:31 - [MESSAGE][PASSED] - Actual object 'true' and expected object 'true' are equal

2018-11-12 14:15:31 - [MESSAGE][PASSED] - com.ge.tms.customer.CustomerVerification.verifyCustomerSearchWithPartialAddrKey is PASSED

2018-11-12 14:15:31 - [TEST_STEP][PASSED] - Start listener action : closeBrowserForTestCasse: Navigate to 'http://localhost:8080/home' successfully

2018-11-12 14:15:31 - [TEST_STEP][PASSED] - Statement - If (isTestSuitEnable == true): null

2018-11-12 14:15:31 - [TEST_STEP][PASSED] - Statement - beforeTestCaseExecute(): null

2018-11-12 14:15:31 - [TEST_STEP][PASSED] - Statement - If (isTestSuitEnable == true): Navigate to 'http://localhost:8080/home' successfully

2018-11-12 14:15:31 - [TEST_STEP][PASSED] - navigateToUrl: Navigate to 'http://localhost:8080/home' successfully

2018-11-12 14:15:32 - [MESSAGE][PASSED] - Navigate to 'http://localhost:8080/home' successfully

2018-11-12 14:15:32 - [TEST_STEP][PASSED] - Start listener action : afterTestCase: Invoke 'com.kms.katalon.core.annotation.AfterTestCase' method: 'TmsTestListner.afterTestCase(...)' completed.

2018-11-12 14:15:32 - [TEST_STEP][PASSED] - Statement - If (java.lang.System.getProperties().containsKey("updateRally")): Invoke 'com.kms.katalon.core.annotation.AfterTestCase' method: 'TmsTestListner.afterTestCase(...)' completed.]]></system-out>
         <system-err><![CDATA[]]></system-err>
      </testcase>
      <testcase name="Test Cases/Customer/F11762-View Customer/QA-US83146/US84104-View Customer/TC59502-Verify Customer Page" classname="Test Cases/Customer/F11762-View Customer/QA-US83146/US84104-View Customer/TC59502-Verify Customer Page" status="FAILED">
         <failure type="FAILED" message="(Stack trace: com.kms.katalon.core.exception.StepFailedException: Unable to verify equal between actual object 'Z5HSLIL - null' and expected object 'Z5HSLIL' (Root cause: Actual object 'Z5HSLIL - null' and expected object 'Z5HSLIL' are not equal)
	at com.kms.katalon.core.keyword.internal.KeywordMain.stepFailed(KeywordMain.groovy:36)
	at com.kms.katalon.core.keyword.internal.KeywordMain.stepFailed(KeywordMain.groovy)
	at com.kms.katalon.core.keyword.internal.KeywordMain.runKeyword(KeywordMain.groovy:56)
	at com.kms.katalon.core.keyword.builtin.VerifyEqualKeyword.verifyEqual(VerifyEqualKeyword.groovy:64)
	at com.kms.katalon.core.keyword.builtin.VerifyEqualKeyword.execute(VerifyEqualKeyword.groovy:45)
	at com.kms.katalon.core.keyword.internal.KeywordExecutor.executeKeywordForPlatform(KeywordExecutor.groovy:53)
	at com.kms.katalon.core.keyword.BuiltinKeywords.verifyEqual(BuiltinKeywords.groovy:141)
	at sun.reflect.GeneratedMethodAccessor3.invoke(Unknown Source)
	at sun.reflect.DelegatingMethodAccessorImpl.invoke(DelegatingMethodAccessorImpl.java:43)
	at java.lang.reflect.Method.invoke(Method.java:498)
	at org.codehaus.groovy.reflection.CachedMethod.invoke(CachedMethod.java:93)
	at groovy.lang.MetaMethod.doMethodInvoke(MetaMethod.java:325)
	at groovy.lang.MetaClassImpl.invokeStaticMethod(MetaClassImpl.java:1469)
	at org.codehaus.groovy.runtime.callsite.StaticMetaClassSite.call(StaticMetaClassSite.java:53)
	at org.codehaus.groovy.runtime.callsite.CallSiteArray.defaultCall(CallSiteArray.java:48)
	at org.codehaus.groovy.runtime.callsite.AbstractCallSite.call(AbstractCallSite.java:113)
	at org.codehaus.groovy.runtime.callsite.AbstractCallSite.call(AbstractCallSite.java:133)
	at com.ge.tms.customer.CustomerVerification.verifyCustomerDetailsInRightPane(CustomerVerification.groovy:245)
	at sun.reflect.NativeMethodAccessorImpl.invoke0(Native Method)
	at sun.reflect.NativeMethodAccessorImpl.invoke(NativeMethodAccessorImpl.java:62)
	at sun.reflect.DelegatingMethodAccessorImpl.invoke(DelegatingMethodAccessorImpl.java:43)
	at java.lang.reflect.Method.invoke(Method.java:498)
	at org.codehaus.groovy.reflection.CachedMethod.invoke(CachedMethod.java:93)
	at groovy.lang.MetaMethod.doMethodInvoke(MetaMethod.java:325)
	at groovy.lang.MetaClassImpl.invokeMethod(MetaClassImpl.java:1215)
	at groovy.lang.MetaClassImpl.invokeMethod(MetaClassImpl.java:1024)
	at groovy.lang.MetaClassImpl.invokeMethod(MetaClassImpl.java:812)
	at groovy.lang.DelegatingMetaClass.invokeMethod(DelegatingMetaClass.java:144)
	at com.ge.tms.customer.CustomerVerification.invokeMethod(CustomerVerification.groovy)
	at com.kms.katalon.core.main.CustomKeywordDelegatingMetaClass.invokeStaticMethod(CustomKeywordDelegatingMetaClass.java:46)
	at org.codehaus.groovy.runtime.callsite.StaticMetaClassSite.call(StaticMetaClassSite.java:53)
	at org.codehaus.groovy.runtime.callsite.CallSiteArray.defaultCall(CallSiteArray.java:48)
	at org.codehaus.groovy.runtime.callsite.AbstractCallSite.call(AbstractCallSite.java:113)
	at org.codehaus.groovy.runtime.callsite.AbstractCallSite.call(AbstractCallSite.java:125)
	at Script1533639748945.run(Script1533639748945.groovy:90)
	at com.kms.katalon.core.main.ScriptEngine.run(ScriptEngine.java:183)
	at com.kms.katalon.core.main.ScriptEngine.runScriptAsRawText(ScriptEngine.java:108)
	at com.kms.katalon.core.main.TestCaseExecutor.runScript(TestCaseExecutor.java:294)
	at com.kms.katalon.core.main.TestCaseExecutor.doExecute(TestCaseExecutor.java:285)
	at com.kms.katalon.core.main.TestCaseExecutor.processExecutionPhase(TestCaseExecutor.java:264)
	at com.kms.katalon.core.main.TestCaseExecutor.accessMainPhase(TestCaseExecutor.java:256)
	at com.kms.katalon.core.main.TestCaseExecutor.execute(TestCaseExecutor.java:200)
	at com.kms.katalon.core.main.TestSuiteExecutor.accessTestCaseMainPhase(TestSuiteExecutor.java:129)
	at com.kms.katalon.core.main.TestSuiteExecutor.accessTestSuiteMainPhase(TestSuiteExecutor.java:112)
	at com.kms.katalon.core.main.TestSuiteExecutor.execute(TestSuiteExecutor.java:81)
	at com.kms.katalon.core.main.TestCaseMain.startTestSuite(TestCaseMain.java:142)
	at com.kms.katalon.core.main.TestCaseMain$startTestSuite$0.call(Unknown Source)
	at org.codehaus.groovy.runtime.callsite.CallSiteArray.defaultCall(CallSiteArray.java:48)
	at org.codehaus.groovy.runtime.callsite.AbstractCallSite.call(AbstractCallSite.java:113)
	at org.codehaus.groovy.runtime.callsite.AbstractCallSite.call(AbstractCallSite.java:141)
	at TempTestSuite1542012289825.run(TempTestSuite1542012289825.groovy:36)
	at groovy.lang.GroovyShell.runScriptOrMainOrTestOrRunnable(GroovyShell.java:263)
	at groovy.lang.GroovyShell.run(GroovyShell.java:518)
	at groovy.lang.GroovyShell.run(GroovyShell.java:507)
	at groovy.ui.GroovyMain.processOnce(GroovyMain.java:653)
	at groovy.ui.GroovyMain.run(GroovyMain.java:384)
	at groovy.ui.GroovyMain.process(GroovyMain.java:370)
	at groovy.ui.GroovyMain.processArgs(GroovyMain.java:129)
	at groovy.ui.GroovyMain.main(GroovyMain.java:109)
	at sun.reflect.NativeMethodAccessorImpl.invoke0(Native Method)
	at sun.reflect.NativeMethodAccessorImpl.invoke(NativeMethodAccessorImpl.java:62)
	at sun.reflect.DelegatingMethodAccessorImpl.invoke(DelegatingMethodAccessorImpl.java:43)
	at java.lang.reflect.Method.invoke(Method.java:498)
	at org.codehaus.groovy.tools.GroovyStarter.rootLoader(GroovyStarter.java:109)
	at org.codehaus.groovy.tools.GroovyStarter.main(GroovyStarter.java:131)
)"/>
         <system-out><![CDATA[2018-11-12 14:15:32 - [TEST_CASE][FAILED] - Test Cases/Customer/F11762-View Customer/QA-US83146/US84104-View Customer/TC59502-Verify Customer Page: Test Cases/Customer/F11762-View Customer/QA-US83146/US84104-View Customer/TC59502-Verify Customer Page FAILED because (of) (Stack trace: com.kms.katalon.core.exception.StepFailedException: Unable to verify equal between actual object 'Z5HSLIL - null' and expected object 'Z5HSLIL' (Root cause: Actual object 'Z5HSLIL - null' and expected object 'Z5HSLIL' are not equal)
	at com.kms.katalon.core.keyword.internal.KeywordMain.stepFailed(KeywordMain.groovy:36)
	at com.kms.katalon.core.keyword.internal.KeywordMain.stepFailed(KeywordMain.groovy)
	at com.kms.katalon.core.keyword.internal.KeywordMain.runKeyword(KeywordMain.groovy:56)
	at com.kms.katalon.core.keyword.builtin.VerifyEqualKeyword.verifyEqual(VerifyEqualKeyword.groovy:64)
	at com.kms.katalon.core.keyword.builtin.VerifyEqualKeyword.execute(VerifyEqualKeyword.groovy:45)
	at com.kms.katalon.core.keyword.internal.KeywordExecutor.executeKeywordForPlatform(KeywordExecutor.groovy:53)
	at com.kms.katalon.core.keyword.BuiltinKeywords.verifyEqual(BuiltinKeywords.groovy:141)
	at sun.reflect.GeneratedMethodAccessor3.invoke(Unknown Source)
	at sun.reflect.DelegatingMethodAccessorImpl.invoke(DelegatingMethodAccessorImpl.java:43)
	at java.lang.reflect.Method.invoke(Method.java:498)
	at org.codehaus.groovy.reflection.CachedMethod.invoke(CachedMethod.java:93)
	at groovy.lang.MetaMethod.doMethodInvoke(MetaMethod.java:325)
	at groovy.lang.MetaClassImpl.invokeStaticMethod(MetaClassImpl.java:1469)
	at org.codehaus.groovy.runtime.callsite.StaticMetaClassSite.call(StaticMetaClassSite.java:53)
	at org.codehaus.groovy.runtime.callsite.CallSiteArray.defaultCall(CallSiteArray.java:48)
	at org.codehaus.groovy.runtime.callsite.AbstractCallSite.call(AbstractCallSite.java:113)
	at org.codehaus.groovy.runtime.callsite.AbstractCallSite.call(AbstractCallSite.java:133)
	at com.ge.tms.customer.CustomerVerification.verifyCustomerDetailsInRightPane(CustomerVerification.groovy:245)
	at sun.reflect.NativeMethodAccessorImpl.invoke0(Native Method)
	at sun.reflect.NativeMethodAccessorImpl.invoke(NativeMethodAccessorImpl.java:62)
	at sun.reflect.DelegatingMethodAccessorImpl.invoke(DelegatingMethodAccessorImpl.java:43)
	at java.lang.reflect.Method.invoke(Method.java:498)
	at org.codehaus.groovy.reflection.CachedMethod.invoke(CachedMethod.java:93)
	at groovy.lang.MetaMethod.doMethodInvoke(MetaMethod.java:325)
	at groovy.lang.MetaClassImpl.invokeMethod(MetaClassImpl.java:1215)
	at groovy.lang.MetaClassImpl.invokeMethod(MetaClassImpl.java:1024)
	at groovy.lang.MetaClassImpl.invokeMethod(MetaClassImpl.java:812)
	at groovy.lang.DelegatingMetaClass.invokeMethod(DelegatingMetaClass.java:144)
	at com.ge.tms.customer.CustomerVerification.invokeMethod(CustomerVerification.groovy)
	at com.kms.katalon.core.main.CustomKeywordDelegatingMetaClass.invokeStaticMethod(CustomKeywordDelegatingMetaClass.java:46)
	at org.codehaus.groovy.runtime.callsite.StaticMetaClassSite.call(StaticMetaClassSite.java:53)
	at org.codehaus.groovy.runtime.callsite.CallSiteArray.defaultCall(CallSiteArray.java:48)
	at org.codehaus.groovy.runtime.callsite.AbstractCallSite.call(AbstractCallSite.java:113)
	at org.codehaus.groovy.runtime.callsite.AbstractCallSite.call(AbstractCallSite.java:125)
	at Script1533639748945.run(Script1533639748945.groovy:90)
	at com.kms.katalon.core.main.ScriptEngine.run(ScriptEngine.java:183)
	at com.kms.katalon.core.main.ScriptEngine.runScriptAsRawText(ScriptEngine.java:108)
	at com.kms.katalon.core.main.TestCaseExecutor.runScript(TestCaseExecutor.java:294)
	at com.kms.katalon.core.main.TestCaseExecutor.doExecute(TestCaseExecutor.java:285)
	at com.kms.katalon.core.main.TestCaseExecutor.processExecutionPhase(TestCaseExecutor.java:264)
	at com.kms.katalon.core.main.TestCaseExecutor.accessMainPhase(TestCaseExecutor.java:256)
	at com.kms.katalon.core.main.TestCaseExecutor.execute(TestCaseExecutor.java:200)
	at com.kms.katalon.core.main.TestSuiteExecutor.accessTestCaseMainPhase(TestSuiteExecutor.java:129)
	at com.kms.katalon.core.main.TestSuiteExecutor.accessTestSuiteMainPhase(TestSuiteExecutor.java:112)
	at com.kms.katalon.core.main.TestSuiteExecutor.execute(TestSuiteExecutor.java:81)
	at com.kms.katalon.core.main.TestCaseMain.startTestSuite(TestCaseMain.java:142)
	at com.kms.katalon.core.main.TestCaseMain$startTestSuite$0.call(Unknown Source)
	at org.codehaus.groovy.runtime.callsite.CallSiteArray.defaultCall(CallSiteArray.java:48)
	at org.codehaus.groovy.runtime.callsite.AbstractCallSite.call(AbstractCallSite.java:113)
	at org.codehaus.groovy.runtime.callsite.AbstractCallSite.call(AbstractCallSite.java:141)
	at TempTestSuite1542012289825.run(TempTestSuite1542012289825.groovy:36)
	at groovy.lang.GroovyShell.runScriptOrMainOrTestOrRunnable(GroovyShell.java:263)
	at groovy.lang.GroovyShell.run(GroovyShell.java:518)
	at groovy.lang.GroovyShell.run(GroovyShell.java:507)
	at groovy.ui.GroovyMain.processOnce(GroovyMain.java:653)
	at groovy.ui.GroovyMain.run(GroovyMain.java:384)
	at groovy.ui.GroovyMain.process(GroovyMain.java:370)
	at groovy.ui.GroovyMain.processArgs(GroovyMain.java:129)
	at groovy.ui.GroovyMain.main(GroovyMain.java:109)
	at sun.reflect.NativeMethodAccessorImpl.invoke0(Native Method)
	at sun.reflect.NativeMethodAccessorImpl.invoke(NativeMethodAccessorImpl.java:62)
	at sun.reflect.DelegatingMethodAccessorImpl.invoke(DelegatingMethodAccessorImpl.java:43)
	at java.lang.reflect.Method.invoke(Method.java:498)
	at org.codehaus.groovy.tools.GroovyStarter.rootLoader(GroovyStarter.java:109)
	at org.codehaus.groovy.tools.GroovyStarter.main(GroovyStarter.java:131)
)

2018-11-12 14:15:32 - [TEST_STEP][PASSED] - Start listener action : beforeTestCaseExecute: Navigate to 'http://localhost:8080/home' successfully

2018-11-12 14:15:32 - [TEST_STEP][PASSED] - Statement - If (isTestSuitEnable == true): Navigate to 'http://localhost:8080/home' successfully

2018-11-12 14:15:32 - [TEST_STEP][PASSED] - navigateToUrl: Navigate to 'http://localhost:8080/home' successfully

2018-11-12 14:15:33 - [MESSAGE][PASSED] - Navigate to 'http://localhost:8080/home' successfully

2018-11-12 14:15:33 - [TEST_STEP][PASSED] - com.ge.tms.commonactions.CommonClickEvents.clickOnManageCustomers: com.ge.tms.commonactions.CommonClickEvents.clickOnManageCustomers is PASSED

2018-11-12 14:15:33 - [MESSAGE][PASSED] - Execute JavaScript 'document.querySelector('px-app-nav').shadowRoot.querySelector('#items > px-app-nav-group:nth-child(13) > px-app-nav-subitem:nth-child(2)').click()' successfully

2018-11-12 14:15:34 - [MESSAGE][PASSED] - Delayed 1 second(s)

2018-11-12 14:15:34 - [MESSAGE][PASSED] - com.ge.tms.commonactions.CommonClickEvents.clickOnManageCustomers is PASSED

2018-11-12 14:15:34 - [TEST_STEP][PASSED] - com.ge.tms.customer.CustomerVerification.verifyCustomerPageHeader: com.ge.tms.customer.CustomerVerification.verifyCustomerPageHeader is PASSED

2018-11-12 14:15:34 - [MESSAGE][PASSED] - Send request successfully

2018-11-12 14:15:34 - [MESSAGE][PASSED] - Send request successfully

2018-11-12 14:15:34 - [MESSAGE][PASSED] - Send request successfully

2018-11-12 14:15:35 - [MESSAGE][PASSED] - Send request successfully

2018-11-12 14:15:35 - [MESSAGE][PASSED] - Send request successfully

2018-11-12 14:15:35 - [MESSAGE][PASSED] - Send request successfully

2018-11-12 14:15:35 - [MESSAGE][PASSED] - Send request successfully

2018-11-12 14:15:35 - [MESSAGE][PASSED] - Send request successfully

2018-11-12 14:15:35 - [MESSAGE][PASSED] - Send request successfully

2018-11-12 14:15:35 - [MESSAGE][PASSED] - Text of object 'Object Repository/F11762-View Customer/QA-US83146/US84104-View Customer/View Customer/CustomerPageObject/h1_Manage Customers' is: 'Customer Management'

2018-11-12 14:15:35 - [MESSAGE][PASSED] - Actual object 'Customer Management' and expected object 'Customer Management' are equal

2018-11-12 14:15:35 - [MESSAGE][PASSED] - com.ge.tms.customer.CustomerVerification.verifyCustomerPageHeader is PASSED

2018-11-12 14:15:35 - [TEST_STEP][PASSED] - Statement - customersData = com.kms.katalon.core.webservice.keyword.WSBuiltInKeywords.sendRequest(com.kms.katalon.core.testobject.ObjectRepository.findTestObject(customerServices/GET-AllCustomersData)): Send request successfully

2018-11-12 14:15:35 - [MESSAGE][PASSED] - Send request successfully

2018-11-12 14:15:35 - [TEST_STEP][PASSED] - com.ge.tms.customer.CustomerVerification.verifyCustomerSize: com.ge.tms.customer.CustomerVerification.verifyCustomerSize is PASSED

2018-11-12 14:15:35 - [MESSAGE][PASSED] - Send request successfully

2018-11-12 14:15:35 - [MESSAGE][PASSED] - Send request successfully

2018-11-12 14:15:35 - [MESSAGE][PASSED] - Send request successfully

2018-11-12 14:15:35 - [MESSAGE][PASSED] - Send request successfully

2018-11-12 14:15:35 - [MESSAGE][PASSED] - Send request successfully

2018-11-12 14:15:35 - [MESSAGE][PASSED] - Send request successfully

2018-11-12 14:15:35 - [MESSAGE][PASSED] - Send request successfully

2018-11-12 14:15:35 - [MESSAGE][PASSED] - Send request successfully

2018-11-12 14:15:35 - [MESSAGE][PASSED] - Send request successfully

2018-11-12 14:15:35 - [MESSAGE][PASSED] - Actual object '21' and expected object '21' are equal

2018-11-12 14:15:35 - [MESSAGE][PASSED] - com.ge.tms.customer.CustomerVerification.verifyCustomerSize is PASSED

2018-11-12 14:15:35 - [TEST_STEP][PASSED] - com.ge.tms.util.CommonUtilities.verifyDefualtSelectedBackground: com.ge.tms.util.CommonUtilities.verifyDefualtSelectedBackground is PASSED

2018-11-12 14:15:35 - [MESSAGE][PASSED] - Send request successfully

2018-11-12 14:15:35 - [MESSAGE][PASSED] - Send request successfully

2018-11-12 14:15:35 - [MESSAGE][PASSED] - Send request successfully

2018-11-12 14:15:35 - [MESSAGE][PASSED] - Send request successfully

2018-11-12 14:15:35 - [MESSAGE][PASSED] - Get CSS 'background-color' value on 'Object Repository/F11762-View Customer/QA-US83146/US84104-View Customer/View Customer/CustomerPageObject/ToCheckBgColor' successfully: 'rgba(9, 129, 156, 1)'.

2018-11-12 14:15:35 - [MESSAGE][PASSED] - Actual object 'rgba(9, 129, 156, 1)' and expected object 'rgba(9, 129, 156, 1)' are equal

2018-11-12 14:15:35 - [MESSAGE][PASSED] - com.ge.tms.util.CommonUtilities.verifyDefualtSelectedBackground is PASSED

2018-11-12 14:15:35 - [TEST_STEP][PASSED] - Statement - partronId = com.kms.katalon.core.webui.keyword.WebUiBuiltInKeywords.getText(com.kms.katalon.core.testobject.ObjectRepository.findTestObject(F11762-View Customer/QA-US83146/US84104-View Customer/View Customer/CustomerPageObject/button_Customer 4ABC)): Text of object 'Object Repository/F11762-View Customer/QA-US83146/US84104-View Customer/View Customer/CustomerPageObject/button_Customer 4ABC' is: '113331232-LWF'

2018-11-12 14:15:35 - [MESSAGE][PASSED] - Text of object 'Object Repository/F11762-View Customer/QA-US83146/US84104-View Customer/View Customer/CustomerPageObject/button_Customer 4ABC' is: '113331232-LWF'

2018-11-12 14:15:35 - [TEST_STEP][PASSED] - Statement - selectedCustomerData = com.kms.katalon.core.webservice.keyword.WSBuiltInKeywords.sendRequest(com.kms.katalon.core.testobject.ObjectRepository.findTestObject(customerServices/GET-SelectedCustomer, [custId:partronId.split(-)[0]])): Send request successfully

2018-11-12 14:15:35 - [MESSAGE][PASSED] - Send request successfully

2018-11-12 14:15:35 - [TEST_STEP][PASSED] - com.ge.tms.customer.CustomerVerification.verifyCustomerRightPageHeader: com.ge.tms.customer.CustomerVerification.verifyCustomerRightPageHeader is PASSED

2018-11-12 14:15:35 - [MESSAGE][PASSED] - Send request successfully

2018-11-12 14:15:35 - [MESSAGE][PASSED] - Send request successfully

2018-11-12 14:15:35 - [MESSAGE][PASSED] - Send request successfully

2018-11-12 14:15:35 - [MESSAGE][PASSED] - Send request successfully

2018-11-12 14:15:35 - [MESSAGE][PASSED] - Send request successfully

2018-11-12 14:15:35 - [MESSAGE][PASSED] - Send request successfully

2018-11-12 14:15:35 - [MESSAGE][PASSED] - Send request successfully

2018-11-12 14:15:35 - [MESSAGE][PASSED] - Send request successfully

2018-11-12 14:15:35 - [MESSAGE][PASSED] - Send request successfully

2018-11-12 14:15:35 - [MESSAGE][PASSED] - Text of object 'Object Repository/F11762-View Customer/QA-US83146/US84104-View Customer/View Customer/CustomerPageObject/div_Customer1' is: 'Billing Customer
113331232-LWF
10/8/2018 02:18 PM'

2018-11-12 14:15:35 - [MESSAGE][PASSED] - Actual object 'Billing Customer' and expected object 'Billing Customer' are equal

2018-11-12 14:15:35 - [MESSAGE][PASSED] - com.ge.tms.customer.CustomerVerification.verifyCustomerRightPageHeader is PASSED

2018-11-12 14:15:35 - [TEST_STEP][FAILED] - com.ge.tms.customer.CustomerVerification.verifyCustomerDetailsInRightPane: Unable to verify equal between actual object 'Z5HSLIL - null' and expected object 'Z5HSLIL' (Root cause: Actual object 'Z5HSLIL - null' and expected object 'Z5HSLIL' are not equal)

2018-11-12 14:15:35 - [MESSAGE][PASSED] - Send request successfully

2018-11-12 14:15:35 - [MESSAGE][PASSED] - Send request successfully

2018-11-12 14:15:35 - [MESSAGE][PASSED] - Send request successfully

2018-11-12 14:15:35 - [MESSAGE][PASSED] - Send request successfully

2018-11-12 14:15:35 - [MESSAGE][PASSED] - Send request successfully

2018-11-12 14:15:35 - [MESSAGE][PASSED] - Send request successfully

2018-11-12 14:15:35 - [MESSAGE][PASSED] - Send request successfully

2018-11-12 14:15:35 - [MESSAGE][PASSED] - Send request successfully

2018-11-12 14:15:35 - [MESSAGE][PASSED] - Send request successfully

2018-11-12 14:15:35 - [MESSAGE][PASSED] - Text of object 'Object Repository/F11762-View Customer/QA-US83146/US84104-View Customer/View Customer/CustomerPageObject/rightPane/type' is: 'Billing'

2018-11-12 14:15:35 - [MESSAGE][PASSED] - Text of object 'Object Repository/F11762-View Customer/QA-US83146/US84104-View Customer/View Customer/CustomerPageObject/rightPane/altCode' is: 'alt10'

2018-11-12 14:15:35 - [MESSAGE][PASSED] - Text of object 'Object Repository/F11762-View Customer/QA-US83146/US84104-View Customer/View Customer/CustomerPageObject/rightPane/shortName' is: '113331232LWF'

2018-11-12 14:15:35 - [MESSAGE][PASSED] - Text of object 'Object Repository/F11762-View Customer/QA-US83146/US84104-View Customer/View Customer/CustomerPageObject/rightPane/parent' is: '--'

2018-11-12 14:15:35 - [MESSAGE][PASSED] - Text of object 'Object Repository/F11762-View Customer/QA-US83146/US84104-View Customer/View Customer/CustomerPageObject/rightPane/address' is: '#101-5-87 - downtown'

2018-11-12 14:15:36 - [MESSAGE][PASSED] - Text of object 'Object Repository/F11762-View Customer/QA-US83146/US84104-View Customer/View Customer/CustomerPageObject/rightPane/city' is: 'chicago'

2018-11-12 14:15:36 - [MESSAGE][PASSED] - Text of object 'Object Repository/F11762-View Customer/QA-US83146/US84104-View Customer/View Customer/CustomerPageObject/rightPane/state' is: 'AK'

2018-11-12 14:15:36 - [MESSAGE][PASSED] - Text of object 'Object Repository/F11762-View Customer/QA-US83146/US84104-View Customer/View Customer/CustomerPageObject/rightPane/country' is: 'USA'

2018-11-12 14:15:36 - [MESSAGE][PASSED] - Text of object 'Object Repository/F11762-View Customer/QA-US83146/US84104-View Customer/View Customer/CustomerPageObject/rightPane/zip' is: '61001'

2018-11-12 14:15:36 - [MESSAGE][PASSED] - Text of object 'Object Repository/F11762-View Customer/QA-US83146/US84104-View Customer/View Customer/CustomerPageObject/rightPane/attention' is: 'Attention'

2018-11-12 14:15:36 - [MESSAGE][PASSED] - Text of object 'Object Repository/F11762-View Customer/QA-US83146/US84104-View Customer/View Customer/CustomerPageObject/rightPane/phone' is: '--'

2018-11-12 14:15:36 - [MESSAGE][PASSED] - Text of object 'Object Repository/F11762-View Customer/QA-US83146/US84104-View Customer/View Customer/CustomerPageObject/rightPane/fax' is: '--'

2018-11-12 14:15:36 - [MESSAGE][PASSED] - Text of object 'Object Repository/F11762-View Customer/QA-US83146/US84104-View Customer/View Customer/CustomerPageObject/rightPane/stationZone' is: 'Z5HSLIL'

2018-11-12 14:15:36 - [MESSAGE][PASSED] - Text of object 'Object Repository/F11762-View Customer/QA-US83146/US84104-View Customer/View Customer/CustomerPageObject/rightPane/milepost' is: '100'

2018-11-12 14:15:36 - [MESSAGE][PASSED] - Text of object 'Object Repository/F11762-View Customer/QA-US83146/US84104-View Customer/View Customer/CustomerPageObject/rightPane/servingStation' is: 'SE8GFRR'

2018-11-12 14:15:36 - [MESSAGE][PASSED] - Text of object 'Object Repository/F11762-View Customer/QA-US83146/US84104-View Customer/View Customer/CustomerPageObject/rightPane/defaultStationTrack' is: 'SJA5LGC'

2018-11-12 14:15:36 - [MESSAGE][PASSED] - Actual object 'Billing' and expected object 'Billing' are equal

2018-11-12 14:15:36 - [MESSAGE][PASSED] - Actual object 'alt10' and expected object 'alt10' are equal

2018-11-12 14:15:36 - [MESSAGE][PASSED] - Actual object '113331232LWF' and expected object '113331232LWF' are equal

2018-11-12 14:15:36 - [MESSAGE][PASSED] - Actual object '--' and expected object '--' are equal

2018-11-12 14:15:36 - [MESSAGE][PASSED] - Actual object '#101-5-87 - downtown' and expected object '#101-5-87 - downtown' are equal

2018-11-12 14:15:36 - [MESSAGE][PASSED] - Actual object 'chicago' and expected object 'chicago' are equal

2018-11-12 14:15:36 - [MESSAGE][PASSED] - Actual object 'AK' and expected object 'AK' are equal

2018-11-12 14:15:36 - [MESSAGE][PASSED] - Actual object 'USA' and expected object 'USA' are equal

2018-11-12 14:15:36 - [MESSAGE][PASSED] - Actual object '61001' and expected object '61001' are equal

2018-11-12 14:15:36 - [MESSAGE][PASSED] - Actual object 'Attention' and expected object 'Attention' are equal

2018-11-12 14:15:36 - [MESSAGE][PASSED] - Actual object '--' and expected object '--' are equal

2018-11-12 14:15:36 - [MESSAGE][PASSED] - Actual object '--' and expected object '--' are equal

2018-11-12 14:15:36 - [MESSAGE][FAILED] - Unable to verify equal between actual object 'Z5HSLIL - null' and expected object 'Z5HSLIL' (Root cause: Actual object 'Z5HSLIL - null' and expected object 'Z5HSLIL' are not equal)

2018-11-12 14:15:36 - [MESSAGE][FAILED] - Unable to verify equal between actual object 'Z5HSLIL - null' and expected object 'Z5HSLIL' (Root cause: Actual object 'Z5HSLIL - null' and expected object 'Z5HSLIL' are not equal)

2018-11-12 14:15:36 - [TEST_STEP][PASSED] - Start listener action : closeBrowserForTestCasse: Navigate to 'http://localhost:8080/home' successfully

2018-11-12 14:15:36 - [TEST_STEP][PASSED] - Statement - If (isTestSuitEnable == true): null

2018-11-12 14:15:36 - [TEST_STEP][PASSED] - Statement - beforeTestCaseExecute(): null

2018-11-12 14:15:36 - [TEST_STEP][PASSED] - Statement - If (isTestSuitEnable == true): Navigate to 'http://localhost:8080/home' successfully

2018-11-12 14:15:36 - [TEST_STEP][PASSED] - navigateToUrl: Navigate to 'http://localhost:8080/home' successfully

2018-11-12 14:15:37 - [MESSAGE][PASSED] - Navigate to 'http://localhost:8080/home' successfully

2018-11-12 14:15:37 - [TEST_STEP][PASSED] - Start listener action : afterTestCase: Invoke 'com.kms.katalon.core.annotation.AfterTestCase' method: 'TmsTestListner.afterTestCase(...)' completed.

2018-11-12 14:15:37 - [TEST_STEP][PASSED] - Statement - If (java.lang.System.getProperties().containsKey("updateRally")): Invoke 'com.kms.katalon.core.annotation.AfterTestCase' method: 'TmsTestListner.afterTestCase(...)' completed.]]></system-out>
         <system-err><![CDATA[2018-11-12 14:15:32 - [TEST_CASE][FAILED] - Test Cases/Customer/F11762-View Customer/QA-US83146/US84104-View Customer/TC59502-Verify Customer Page: Test Cases/Customer/F11762-View Customer/QA-US83146/US84104-View Customer/TC59502-Verify Customer Page FAILED because (of) (Stack trace: com.kms.katalon.core.exception.StepFailedException: Unable to verify equal between actual object 'Z5HSLIL - null' and expected object 'Z5HSLIL' (Root cause: Actual object 'Z5HSLIL - null' and expected object 'Z5HSLIL' are not equal)
	at com.kms.katalon.core.keyword.internal.KeywordMain.stepFailed(KeywordMain.groovy:36)
	at com.kms.katalon.core.keyword.internal.KeywordMain.stepFailed(KeywordMain.groovy)
	at com.kms.katalon.core.keyword.internal.KeywordMain.runKeyword(KeywordMain.groovy:56)
	at com.kms.katalon.core.keyword.builtin.VerifyEqualKeyword.verifyEqual(VerifyEqualKeyword.groovy:64)
	at com.kms.katalon.core.keyword.builtin.VerifyEqualKeyword.execute(VerifyEqualKeyword.groovy:45)
	at com.kms.katalon.core.keyword.internal.KeywordExecutor.executeKeywordForPlatform(KeywordExecutor.groovy:53)
	at com.kms.katalon.core.keyword.BuiltinKeywords.verifyEqual(BuiltinKeywords.groovy:141)
	at sun.reflect.GeneratedMethodAccessor3.invoke(Unknown Source)
	at sun.reflect.DelegatingMethodAccessorImpl.invoke(DelegatingMethodAccessorImpl.java:43)
	at java.lang.reflect.Method.invoke(Method.java:498)
	at org.codehaus.groovy.reflection.CachedMethod.invoke(CachedMethod.java:93)
	at groovy.lang.MetaMethod.doMethodInvoke(MetaMethod.java:325)
	at groovy.lang.MetaClassImpl.invokeStaticMethod(MetaClassImpl.java:1469)
	at org.codehaus.groovy.runtime.callsite.StaticMetaClassSite.call(StaticMetaClassSite.java:53)
	at org.codehaus.groovy.runtime.callsite.CallSiteArray.defaultCall(CallSiteArray.java:48)
	at org.codehaus.groovy.runtime.callsite.AbstractCallSite.call(AbstractCallSite.java:113)
	at org.codehaus.groovy.runtime.callsite.AbstractCallSite.call(AbstractCallSite.java:133)
	at com.ge.tms.customer.CustomerVerification.verifyCustomerDetailsInRightPane(CustomerVerification.groovy:245)
	at sun.reflect.NativeMethodAccessorImpl.invoke0(Native Method)
	at sun.reflect.NativeMethodAccessorImpl.invoke(NativeMethodAccessorImpl.java:62)
	at sun.reflect.DelegatingMethodAccessorImpl.invoke(DelegatingMethodAccessorImpl.java:43)
	at java.lang.reflect.Method.invoke(Method.java:498)
	at org.codehaus.groovy.reflection.CachedMethod.invoke(CachedMethod.java:93)
	at groovy.lang.MetaMethod.doMethodInvoke(MetaMethod.java:325)
	at groovy.lang.MetaClassImpl.invokeMethod(MetaClassImpl.java:1215)
	at groovy.lang.MetaClassImpl.invokeMethod(MetaClassImpl.java:1024)
	at groovy.lang.MetaClassImpl.invokeMethod(MetaClassImpl.java:812)
	at groovy.lang.DelegatingMetaClass.invokeMethod(DelegatingMetaClass.java:144)
	at com.ge.tms.customer.CustomerVerification.invokeMethod(CustomerVerification.groovy)
	at com.kms.katalon.core.main.CustomKeywordDelegatingMetaClass.invokeStaticMethod(CustomKeywordDelegatingMetaClass.java:46)
	at org.codehaus.groovy.runtime.callsite.StaticMetaClassSite.call(StaticMetaClassSite.java:53)
	at org.codehaus.groovy.runtime.callsite.CallSiteArray.defaultCall(CallSiteArray.java:48)
	at org.codehaus.groovy.runtime.callsite.AbstractCallSite.call(AbstractCallSite.java:113)
	at org.codehaus.groovy.runtime.callsite.AbstractCallSite.call(AbstractCallSite.java:125)
	at Script1533639748945.run(Script1533639748945.groovy:90)
	at com.kms.katalon.core.main.ScriptEngine.run(ScriptEngine.java:183)
	at com.kms.katalon.core.main.ScriptEngine.runScriptAsRawText(ScriptEngine.java:108)
	at com.kms.katalon.core.main.TestCaseExecutor.runScript(TestCaseExecutor.java:294)
	at com.kms.katalon.core.main.TestCaseExecutor.doExecute(TestCaseExecutor.java:285)
	at com.kms.katalon.core.main.TestCaseExecutor.processExecutionPhase(TestCaseExecutor.java:264)
	at com.kms.katalon.core.main.TestCaseExecutor.accessMainPhase(TestCaseExecutor.java:256)
	at com.kms.katalon.core.main.TestCaseExecutor.execute(TestCaseExecutor.java:200)
	at com.kms.katalon.core.main.TestSuiteExecutor.accessTestCaseMainPhase(TestSuiteExecutor.java:129)
	at com.kms.katalon.core.main.TestSuiteExecutor.accessTestSuiteMainPhase(TestSuiteExecutor.java:112)
	at com.kms.katalon.core.main.TestSuiteExecutor.execute(TestSuiteExecutor.java:81)
	at com.kms.katalon.core.main.TestCaseMain.startTestSuite(TestCaseMain.java:142)
	at com.kms.katalon.core.main.TestCaseMain$startTestSuite$0.call(Unknown Source)
	at org.codehaus.groovy.runtime.callsite.CallSiteArray.defaultCall(CallSiteArray.java:48)
	at org.codehaus.groovy.runtime.callsite.AbstractCallSite.call(AbstractCallSite.java:113)
	at org.codehaus.groovy.runtime.callsite.AbstractCallSite.call(AbstractCallSite.java:141)
	at TempTestSuite1542012289825.run(TempTestSuite1542012289825.groovy:36)
	at groovy.lang.GroovyShell.runScriptOrMainOrTestOrRunnable(GroovyShell.java:263)
	at groovy.lang.GroovyShell.run(GroovyShell.java:518)
	at groovy.lang.GroovyShell.run(GroovyShell.java:507)
	at groovy.ui.GroovyMain.processOnce(GroovyMain.java:653)
	at groovy.ui.GroovyMain.run(GroovyMain.java:384)
	at groovy.ui.GroovyMain.process(GroovyMain.java:370)
	at groovy.ui.GroovyMain.processArgs(GroovyMain.java:129)
	at groovy.ui.GroovyMain.main(GroovyMain.java:109)
	at sun.reflect.NativeMethodAccessorImpl.invoke0(Native Method)
	at sun.reflect.NativeMethodAccessorImpl.invoke(NativeMethodAccessorImpl.java:62)
	at sun.reflect.DelegatingMethodAccessorImpl.invoke(DelegatingMethodAccessorImpl.java:43)
	at java.lang.reflect.Method.invoke(Method.java:498)
	at org.codehaus.groovy.tools.GroovyStarter.rootLoader(GroovyStarter.java:109)
	at org.codehaus.groovy.tools.GroovyStarter.main(GroovyStarter.java:131)
)]]></system-err>
      </testcase>
      <testcase name="Test Cases/Customer/F11762-View Customer/QA-US84851/US83148-SearchCustomer/TC60342-Verify Filters" classname="Test Cases/Customer/F11762-View Customer/QA-US84851/US83148-SearchCustomer/TC60342-Verify Filters" status="PASSED">
         <system-out><![CDATA[2018-11-12 14:15:37 - [TEST_CASE][PASSED] - Test Cases/Customer/F11762-View Customer/QA-US84851/US83148-SearchCustomer/TC60342-Verify Filters: Test Cases/Customer/F11762-View Customer/QA-US84851/US83148-SearchCustomer/TC60342-Verify Filters

2018-11-12 14:15:37 - [TEST_STEP][PASSED] - Start listener action : beforeTestCaseExecute: Navigate to 'http://localhost:8080/home' successfully

2018-11-12 14:15:37 - [TEST_STEP][PASSED] - Statement - If (isTestSuitEnable == true): Navigate to 'http://localhost:8080/home' successfully

2018-11-12 14:15:37 - [TEST_STEP][PASSED] - navigateToUrl: Navigate to 'http://localhost:8080/home' successfully

2018-11-12 14:15:37 - [MESSAGE][PASSED] - Navigate to 'http://localhost:8080/home' successfully

2018-11-12 14:15:38 - [TEST_STEP][PASSED] - com.ge.tms.commonactions.CommonClickEvents.clickOnManageCustomers: com.ge.tms.commonactions.CommonClickEvents.clickOnManageCustomers is PASSED

2018-11-12 14:15:38 - [MESSAGE][PASSED] - Execute JavaScript 'document.querySelector('px-app-nav').shadowRoot.querySelector('#items > px-app-nav-group:nth-child(13) > px-app-nav-subitem:nth-child(2)').click()' successfully

2018-11-12 14:15:39 - [MESSAGE][PASSED] - Delayed 1 second(s)

2018-11-12 14:15:39 - [MESSAGE][PASSED] - com.ge.tms.commonactions.CommonClickEvents.clickOnManageCustomers is PASSED

2018-11-12 14:15:39 - [TEST_STEP][PASSED] - com.ge.tms.customer.CustomerVerification.verifyCustomerPageHeader: com.ge.tms.customer.CustomerVerification.verifyCustomerPageHeader is PASSED

2018-11-12 14:15:39 - [MESSAGE][PASSED] - Send request successfully

2018-11-12 14:15:39 - [MESSAGE][PASSED] - Send request successfully

2018-11-12 14:15:39 - [MESSAGE][PASSED] - Send request successfully

2018-11-12 14:15:39 - [MESSAGE][PASSED] - Send request successfully

2018-11-12 14:15:39 - [MESSAGE][PASSED] - Send request successfully

2018-11-12 14:15:39 - [MESSAGE][PASSED] - Send request successfully

2018-11-12 14:15:39 - [MESSAGE][PASSED] - Send request successfully

2018-11-12 14:15:39 - [MESSAGE][PASSED] - Send request successfully

2018-11-12 14:15:39 - [MESSAGE][PASSED] - Send request successfully

2018-11-12 14:15:39 - [MESSAGE][PASSED] - Text of object 'Object Repository/F11762-View Customer/QA-US83146/US84104-View Customer/View Customer/CustomerPageObject/h1_Manage Customers' is: 'Customer Management'

2018-11-12 14:15:39 - [MESSAGE][PASSED] - Actual object 'Customer Management' and expected object 'Customer Management' are equal

2018-11-12 14:15:39 - [MESSAGE][PASSED] - com.ge.tms.customer.CustomerVerification.verifyCustomerPageHeader is PASSED

2018-11-12 14:15:39 - [TEST_STEP][PASSED] - click: Object: 'Object Repository/F11762-View Customer/QA-US83146/US84104-View Customer/View Customer/CustomerPageObject/filters/filterIcon' is clicked on

2018-11-12 14:15:39 - [MESSAGE][PASSED] - Object: 'Object Repository/F11762-View Customer/QA-US83146/US84104-View Customer/View Customer/CustomerPageObject/filters/filterIcon' is clicked on

2018-11-12 14:15:39 - [TEST_STEP][PASSED] - click: Object: 'Object Repository/F11762-View Customer/QA-US83146/US84104-View Customer/View Customer/CustomerPageObject/filters/billingCheckBox' is clicked on

2018-11-12 14:15:39 - [MESSAGE][PASSED] - Object: 'Object Repository/F11762-View Customer/QA-US83146/US84104-View Customer/View Customer/CustomerPageObject/filters/billingCheckBox' is clicked on

2018-11-12 14:15:39 - [TEST_STEP][PASSED] - click: Object: 'Object Repository/F11762-View Customer/QA-US83146/US84104-View Customer/View Customer/CustomerPageObject/filters/applyFilter' is clicked on

2018-11-12 14:15:39 - [MESSAGE][PASSED] - Object: 'Object Repository/F11762-View Customer/QA-US83146/US84104-View Customer/View Customer/CustomerPageObject/filters/applyFilter' is clicked on

2018-11-12 14:15:39 - [TEST_STEP][PASSED] - com.ge.tms.customer.CustomerVerification.verifyCustomerFilter: com.ge.tms.customer.CustomerVerification.verifyCustomerFilter is PASSED

2018-11-12 14:15:39 - [MESSAGE][PASSED] - Send request successfully

2018-11-12 14:15:39 - [MESSAGE][PASSED] - Send request successfully

2018-11-12 14:15:39 - [MESSAGE][PASSED] - Send request successfully

2018-11-12 14:15:39 - [MESSAGE][PASSED] - Send request successfully

2018-11-12 14:15:39 - [MESSAGE][PASSED] - Send request successfully

2018-11-12 14:15:39 - [MESSAGE][PASSED] - Send request successfully

2018-11-12 14:15:39 - [MESSAGE][PASSED] - Send request successfully

2018-11-12 14:15:39 - [MESSAGE][PASSED] - Send request successfully

2018-11-12 14:15:39 - [MESSAGE][PASSED] - Send request successfully

2018-11-12 14:15:41 - [MESSAGE][PASSED] - Delayed 2 second(s)

2018-11-12 14:15:41 - [MESSAGE][PASSED] - Object: 'Object Repository/F11762-View Customer/QA-US83146/US84104-View Customer/View Customer/CustomerPageObject/div_Customer1' is clicked on

2018-11-12 14:15:41 - [MESSAGE][PASSED] - Text of object 'Object Repository/F11762-View Customer/QA-US83146/US84104-View Customer/View Customer/CustomerPageObject/CustTypeValue' is: 'Billing'

2018-11-12 14:15:41 - [MESSAGE][PASSED] - Actual object 'Billing' and expected object 'Billing' are equal

2018-11-12 14:15:41 - [MESSAGE][PASSED] - com.ge.tms.customer.CustomerVerification.verifyCustomerFilter is PASSED

2018-11-12 14:15:41 - [TEST_STEP][PASSED] - click: Object: 'Object Repository/F11762-View Customer/QA-US83146/US84104-View Customer/View Customer/CustomerPageObject/filters/filterIcon' is clicked on

2018-11-12 14:15:41 - [MESSAGE][PASSED] - Object: 'Object Repository/F11762-View Customer/QA-US83146/US84104-View Customer/View Customer/CustomerPageObject/filters/filterIcon' is clicked on

2018-11-12 14:15:41 - [TEST_STEP][PASSED] - click: Object: 'Object Repository/F11762-View Customer/QA-US83146/US84104-View Customer/View Customer/CustomerPageObject/filters/billingCheckBox' is clicked on

2018-11-12 14:15:41 - [MESSAGE][PASSED] - Object: 'Object Repository/F11762-View Customer/QA-US83146/US84104-View Customer/View Customer/CustomerPageObject/filters/billingCheckBox' is clicked on

2018-11-12 14:15:41 - [TEST_STEP][PASSED] - click: Object: 'Object Repository/F11762-View Customer/QA-US83146/US84104-View Customer/View Customer/CustomerPageObject/filters/inactive' is clicked on

2018-11-12 14:15:42 - [MESSAGE][PASSED] - Object: 'Object Repository/F11762-View Customer/QA-US83146/US84104-View Customer/View Customer/CustomerPageObject/filters/inactive' is clicked on

2018-11-12 14:15:42 - [TEST_STEP][PASSED] - click: Object: 'Object Repository/F11762-View Customer/QA-US83146/US84104-View Customer/View Customer/CustomerPageObject/filters/applyFilter' is clicked on

2018-11-12 14:15:42 - [MESSAGE][PASSED] - Object: 'Object Repository/F11762-View Customer/QA-US83146/US84104-View Customer/View Customer/CustomerPageObject/filters/applyFilter' is clicked on

2018-11-12 14:15:42 - [TEST_STEP][PASSED] - com.ge.tms.customer.CustomerVerification.verifyCustomerFilter: com.ge.tms.customer.CustomerVerification.verifyCustomerFilter is PASSED

2018-11-12 14:15:42 - [MESSAGE][PASSED] - Send request successfully

2018-11-12 14:15:42 - [MESSAGE][PASSED] - Send request successfully

2018-11-12 14:15:42 - [MESSAGE][PASSED] - Send request successfully

2018-11-12 14:15:42 - [MESSAGE][PASSED] - Send request successfully

2018-11-12 14:15:42 - [MESSAGE][PASSED] - Send request successfully

2018-11-12 14:15:42 - [MESSAGE][PASSED] - Send request successfully

2018-11-12 14:15:42 - [MESSAGE][PASSED] - Send request successfully

2018-11-12 14:15:42 - [MESSAGE][PASSED] - Send request successfully

2018-11-12 14:15:42 - [MESSAGE][PASSED] - Send request successfully

2018-11-12 14:15:44 - [MESSAGE][PASSED] - Delayed 2 second(s)

2018-11-12 14:15:44 - [MESSAGE][PASSED] - Object: 'Object Repository/F11762-View Customer/QA-US83146/US84104-View Customer/View Customer/CustomerPageObject/div_Customer1' is clicked on

2018-11-12 14:15:44 - [MESSAGE][PASSED] - Text of object 'Object Repository/F11762-View Customer/QA-US83146/US84104-View Customer/View Customer/CustomerPageObject/CustTypeValue' is: 'Inactive'

2018-11-12 14:15:44 - [MESSAGE][PASSED] - Actual object 'Inactive' and expected object 'Inactive' are equal

2018-11-12 14:15:44 - [MESSAGE][PASSED] - com.ge.tms.customer.CustomerVerification.verifyCustomerFilter is PASSED

2018-11-12 14:15:44 - [TEST_STEP][PASSED] - click: Object: 'Object Repository/F11762-View Customer/QA-US83146/US84104-View Customer/View Customer/CustomerPageObject/filters/filterIcon' is clicked on

2018-11-12 14:15:44 - [MESSAGE][PASSED] - Object: 'Object Repository/F11762-View Customer/QA-US83146/US84104-View Customer/View Customer/CustomerPageObject/filters/filterIcon' is clicked on

2018-11-12 14:15:44 - [TEST_STEP][PASSED] - click: Object: 'Object Repository/F11762-View Customer/QA-US83146/US84104-View Customer/View Customer/CustomerPageObject/filters/inactive' is clicked on

2018-11-12 14:15:44 - [MESSAGE][PASSED] - Object: 'Object Repository/F11762-View Customer/QA-US83146/US84104-View Customer/View Customer/CustomerPageObject/filters/inactive' is clicked on

2018-11-12 14:15:44 - [TEST_STEP][PASSED] - click: Object: 'Object Repository/F11762-View Customer/QA-US83146/US84104-View Customer/View Customer/CustomerPageObject/filters/transportationCheckbox' is clicked on

2018-11-12 14:15:44 - [MESSAGE][PASSED] - Object: 'Object Repository/F11762-View Customer/QA-US83146/US84104-View Customer/View Customer/CustomerPageObject/filters/transportationCheckbox' is clicked on

2018-11-12 14:15:44 - [TEST_STEP][PASSED] - click: Object: 'Object Repository/F11762-View Customer/QA-US83146/US84104-View Customer/View Customer/CustomerPageObject/filters/applyFilter' is clicked on

2018-11-12 14:15:44 - [MESSAGE][PASSED] - Object: 'Object Repository/F11762-View Customer/QA-US83146/US84104-View Customer/View Customer/CustomerPageObject/filters/applyFilter' is clicked on

2018-11-12 14:15:44 - [TEST_STEP][PASSED] - com.ge.tms.customer.CustomerVerification.verifyCustomerFilter: com.ge.tms.customer.CustomerVerification.verifyCustomerFilter is PASSED

2018-11-12 14:15:44 - [MESSAGE][PASSED] - Send request successfully

2018-11-12 14:15:44 - [MESSAGE][PASSED] - Send request successfully

2018-11-12 14:15:44 - [MESSAGE][PASSED] - Send request successfully

2018-11-12 14:15:44 - [MESSAGE][PASSED] - Send request successfully

2018-11-12 14:15:44 - [MESSAGE][PASSED] - Send request successfully

2018-11-12 14:15:44 - [MESSAGE][PASSED] - Send request successfully

2018-11-12 14:15:44 - [MESSAGE][PASSED] - Send request successfully

2018-11-12 14:15:44 - [MESSAGE][PASSED] - Send request successfully

2018-11-12 14:15:44 - [MESSAGE][PASSED] - Send request successfully

2018-11-12 14:15:46 - [MESSAGE][PASSED] - Delayed 2 second(s)

2018-11-12 14:15:46 - [MESSAGE][PASSED] - Object: 'Object Repository/F11762-View Customer/QA-US83146/US84104-View Customer/View Customer/CustomerPageObject/div_Customer1' is clicked on

2018-11-12 14:15:46 - [MESSAGE][PASSED] - Text of object 'Object Repository/F11762-View Customer/QA-US83146/US84104-View Customer/View Customer/CustomerPageObject/CustTypeValue' is: 'Transportation'

2018-11-12 14:15:46 - [MESSAGE][PASSED] - Actual object 'Transportation' and expected object 'Transportation' are equal

2018-11-12 14:15:46 - [MESSAGE][PASSED] - com.ge.tms.customer.CustomerVerification.verifyCustomerFilter is PASSED

2018-11-12 14:15:46 - [TEST_STEP][PASSED] - click: Object: 'Object Repository/F11762-View Customer/QA-US83146/US84104-View Customer/View Customer/CustomerPageObject/filters/filterIcon' is clicked on

2018-11-12 14:15:46 - [MESSAGE][PASSED] - Object: 'Object Repository/F11762-View Customer/QA-US83146/US84104-View Customer/View Customer/CustomerPageObject/filters/filterIcon' is clicked on

2018-11-12 14:15:46 - [TEST_STEP][PASSED] - click: Object: 'Object Repository/F11762-View Customer/QA-US83146/US84104-View Customer/View Customer/CustomerPageObject/filters/billingCheckBox' is clicked on

2018-11-12 14:15:46 - [MESSAGE][PASSED] - Object: 'Object Repository/F11762-View Customer/QA-US83146/US84104-View Customer/View Customer/CustomerPageObject/filters/billingCheckBox' is clicked on

2018-11-12 14:15:46 - [TEST_STEP][PASSED] - click: Object: 'Object Repository/F11762-View Customer/QA-US83146/US84104-View Customer/View Customer/CustomerPageObject/filters/inactive' is clicked on

2018-11-12 14:15:46 - [MESSAGE][PASSED] - Object: 'Object Repository/F11762-View Customer/QA-US83146/US84104-View Customer/View Customer/CustomerPageObject/filters/inactive' is clicked on

2018-11-12 14:15:46 - [TEST_STEP][PASSED] - click: Object: 'Object Repository/F11762-View Customer/QA-US83146/US84104-View Customer/View Customer/CustomerPageObject/filters/transportationCheckbox' is clicked on

2018-11-12 14:15:47 - [MESSAGE][PASSED] - Object: 'Object Repository/F11762-View Customer/QA-US83146/US84104-View Customer/View Customer/CustomerPageObject/filters/transportationCheckbox' is clicked on

2018-11-12 14:15:47 - [TEST_STEP][PASSED] - click: Object: 'Object Repository/F11762-View Customer/QA-US83146/US84104-View Customer/View Customer/CustomerPageObject/filters/applyFilter' is clicked on

2018-11-12 14:15:47 - [MESSAGE][PASSED] - Object: 'Object Repository/F11762-View Customer/QA-US83146/US84104-View Customer/View Customer/CustomerPageObject/filters/applyFilter' is clicked on

2018-11-12 14:15:47 - [TEST_STEP][PASSED] - com.ge.tms.customer.CustomerVerification.verifyCustomerFilter: com.ge.tms.customer.CustomerVerification.verifyCustomerFilter is PASSED

2018-11-12 14:15:47 - [MESSAGE][PASSED] - Send request successfully

2018-11-12 14:15:47 - [MESSAGE][PASSED] - Send request successfully

2018-11-12 14:15:47 - [MESSAGE][PASSED] - Send request successfully

2018-11-12 14:15:47 - [MESSAGE][PASSED] - Send request successfully

2018-11-12 14:15:47 - [MESSAGE][PASSED] - Send request successfully

2018-11-12 14:15:47 - [MESSAGE][PASSED] - Send request successfully

2018-11-12 14:15:47 - [MESSAGE][PASSED] - Send request successfully

2018-11-12 14:15:47 - [MESSAGE][PASSED] - Send request successfully

2018-11-12 14:15:47 - [MESSAGE][PASSED] - Send request successfully

2018-11-12 14:15:49 - [MESSAGE][PASSED] - Delayed 2 second(s)

2018-11-12 14:15:49 - [MESSAGE][PASSED] - Object: 'Object Repository/F11762-View Customer/QA-US83146/US84104-View Customer/View Customer/CustomerPageObject/div_Customer1' is clicked on

2018-11-12 14:15:49 - [MESSAGE][PASSED] - Text of object 'Object Repository/F11762-View Customer/QA-US83146/US84104-View Customer/View Customer/CustomerPageObject/CustTypeValue' is: 'Billing'

2018-11-12 14:15:49 - [MESSAGE][PASSED] - Actual object 'true' and expected object 'true' are equal

2018-11-12 14:15:49 - [MESSAGE][PASSED] - com.ge.tms.customer.CustomerVerification.verifyCustomerFilter is PASSED

2018-11-12 14:15:49 - [TEST_STEP][PASSED] - click: Object: 'Object Repository/F11762-View Customer/QA-US83146/US84104-View Customer/View Customer/CustomerPageObject/filters/filterIcon' is clicked on

2018-11-12 14:15:49 - [MESSAGE][PASSED] - Object: 'Object Repository/F11762-View Customer/QA-US83146/US84104-View Customer/View Customer/CustomerPageObject/filters/filterIcon' is clicked on

2018-11-12 14:15:49 - [TEST_STEP][PASSED] - click: Object: 'Object Repository/F11762-View Customer/QA-US83146/US84104-View Customer/View Customer/CustomerPageObject/filters/clearBtn' is clicked on

2018-11-12 14:15:49 - [MESSAGE][PASSED] - Object: 'Object Repository/F11762-View Customer/QA-US83146/US84104-View Customer/View Customer/CustomerPageObject/filters/clearBtn' is clicked on

2018-11-12 14:15:49 - [TEST_STEP][PASSED] - com.ge.tms.customer.CustomerVerification.verifyClearFilters: com.ge.tms.customer.CustomerVerification.verifyClearFilters is PASSED

2018-11-12 14:15:49 - [MESSAGE][PASSED] - Send request successfully

2018-11-12 14:15:49 - [MESSAGE][PASSED] - Send request successfully

2018-11-12 14:15:49 - [MESSAGE][PASSED] - Send request successfully

2018-11-12 14:15:49 - [MESSAGE][PASSED] - Send request successfully

2018-11-12 14:15:49 - [MESSAGE][PASSED] - Send request successfully

2018-11-12 14:15:49 - [MESSAGE][PASSED] - Send request successfully

2018-11-12 14:15:49 - [MESSAGE][PASSED] - Send request successfully

2018-11-12 14:15:49 - [MESSAGE][PASSED] - Send request successfully

2018-11-12 14:15:49 - [MESSAGE][PASSED] - Send request successfully

2018-11-12 14:15:49 - [MESSAGE][PASSED] - Actual object '0' and expected object '0' are equal

2018-11-12 14:15:49 - [MESSAGE][PASSED] - com.ge.tms.customer.CustomerVerification.verifyClearFilters is PASSED

2018-11-12 14:15:49 - [TEST_STEP][PASSED] - Start listener action : closeBrowserForTestCasse: Navigate to 'http://localhost:8080/home' successfully

2018-11-12 14:15:49 - [TEST_STEP][PASSED] - Statement - If (isTestSuitEnable == true): null

2018-11-12 14:15:49 - [TEST_STEP][PASSED] - Statement - beforeTestCaseExecute(): null

2018-11-12 14:15:49 - [TEST_STEP][PASSED] - Statement - If (isTestSuitEnable == true): Navigate to 'http://localhost:8080/home' successfully

2018-11-12 14:15:49 - [TEST_STEP][PASSED] - navigateToUrl: Navigate to 'http://localhost:8080/home' successfully

2018-11-12 14:15:50 - [MESSAGE][PASSED] - Navigate to 'http://localhost:8080/home' successfully

2018-11-12 14:15:50 - [TEST_STEP][PASSED] - Start listener action : afterTestCase: Invoke 'com.kms.katalon.core.annotation.AfterTestCase' method: 'TmsTestListner.afterTestCase(...)' completed.

2018-11-12 14:15:50 - [TEST_STEP][PASSED] - Statement - If (java.lang.System.getProperties().containsKey("updateRally")): Invoke 'com.kms.katalon.core.annotation.AfterTestCase' method: 'TmsTestListner.afterTestCase(...)' completed.]]></system-out>
         <system-err><![CDATA[]]></system-err>
      </testcase>
      <testcase name="Test Cases/Customer/F11762-View Customer/QA-US84851/US84857-NegativeSearch/TC60122-CustomerSearchInvalid-Negative" classname="Test Cases/Customer/F11762-View Customer/QA-US84851/US84857-NegativeSearch/TC60122-CustomerSearchInvalid-Negative" status="PASSED">
         <system-out><![CDATA[2018-11-12 14:15:50 - [TEST_CASE][PASSED] - Test Cases/Customer/F11762-View Customer/QA-US84851/US84857-NegativeSearch/TC60122-CustomerSearchInvalid-Negative: Test Cases/Customer/F11762-View Customer/QA-US84851/US84857-NegativeSearch/TC60122-CustomerSearchInvalid-Negative

2018-11-12 14:15:50 - [TEST_STEP][PASSED] - Start listener action : beforeTestCaseExecute: Navigate to 'http://localhost:8080/home' successfully

2018-11-12 14:15:50 - [TEST_STEP][PASSED] - Statement - If (isTestSuitEnable == true): Navigate to 'http://localhost:8080/home' successfully

2018-11-12 14:15:50 - [TEST_STEP][PASSED] - navigateToUrl: Navigate to 'http://localhost:8080/home' successfully

2018-11-12 14:15:51 - [MESSAGE][PASSED] - Navigate to 'http://localhost:8080/home' successfully

2018-11-12 14:15:51 - [TEST_STEP][PASSED] - com.ge.tms.commonactions.CommonClickEvents.clickOnManageCustomers: com.ge.tms.commonactions.CommonClickEvents.clickOnManageCustomers is PASSED

2018-11-12 14:15:51 - [MESSAGE][PASSED] - Execute JavaScript 'document.querySelector('px-app-nav').shadowRoot.querySelector('#items > px-app-nav-group:nth-child(13) > px-app-nav-subitem:nth-child(2)').click()' successfully

2018-11-12 14:15:52 - [MESSAGE][PASSED] - Delayed 1 second(s)

2018-11-12 14:15:52 - [MESSAGE][PASSED] - com.ge.tms.commonactions.CommonClickEvents.clickOnManageCustomers is PASSED

2018-11-12 14:15:52 - [TEST_STEP][PASSED] - com.ge.tms.customer.CustomerVerification.verifyCustomerPageHeader: com.ge.tms.customer.CustomerVerification.verifyCustomerPageHeader is PASSED

2018-11-12 14:15:52 - [MESSAGE][PASSED] - Send request successfully

2018-11-12 14:15:52 - [MESSAGE][PASSED] - Send request successfully

2018-11-12 14:15:52 - [MESSAGE][PASSED] - Send request successfully

2018-11-12 14:15:52 - [MESSAGE][PASSED] - Send request successfully

2018-11-12 14:15:52 - [MESSAGE][PASSED] - Send request successfully

2018-11-12 14:15:52 - [MESSAGE][PASSED] - Send request successfully

2018-11-12 14:15:52 - [MESSAGE][PASSED] - Send request successfully

2018-11-12 14:15:52 - [MESSAGE][PASSED] - Send request successfully

2018-11-12 14:15:52 - [MESSAGE][PASSED] - Send request successfully

2018-11-12 14:15:52 - [MESSAGE][PASSED] - Text of object 'Object Repository/F11762-View Customer/QA-US83146/US84104-View Customer/View Customer/CustomerPageObject/h1_Manage Customers' is: 'Customer Management'

2018-11-12 14:15:52 - [MESSAGE][PASSED] - Actual object 'Customer Management' and expected object 'Customer Management' are equal

2018-11-12 14:15:52 - [MESSAGE][PASSED] - com.ge.tms.customer.CustomerVerification.verifyCustomerPageHeader is PASSED

2018-11-12 14:15:52 - [TEST_STEP][PASSED] - Statement - searchTextCustIdArr = SEARCH_TEXT_NEGATIVE: null

2018-11-12 14:15:52 - [TEST_STEP][PASSED] - Statement - For ([i = 0, i < length, (i++)]): Actual object 'No customers available' and expected object 'No customers available' are equal

2018-11-12 14:15:52 - [TEST_STEP][PASSED] - setText: Text '1ABC100Z' is set on object 'Object Repository/F11762-View Customer/QA-US84851/US83148-SearchCustomer/SearchCustomer/SearchSortCustomerPageObjects/searchBox'

2018-11-12 14:15:52 - [MESSAGE][PASSED] - Text '1ABC100Z' is set on object 'Object Repository/F11762-View Customer/QA-US84851/US83148-SearchCustomer/SearchCustomer/SearchSortCustomerPageObjects/searchBox'

2018-11-12 14:15:52 - [TEST_STEP][PASSED] - Statement - textDisplayed = com.kms.katalon.core.webui.keyword.WebUiBuiltInKeywords.getText(com.kms.katalon.core.testobject.ObjectRepository.findTestObject(Object Repository/F11762-View Customer/QA-US84851/US83148-SearchCustomer/SearchCustomer/SearchSortCustomerPageObjects/NoDataFoundSection)): Text of object 'Object Repository/F11762-View Customer/QA-US84851/US83148-SearchCustomer/SearchCustomer/SearchSortCustomerPageObjects/NoDataFoundSection' is: 'No customers available'

2018-11-12 14:15:52 - [MESSAGE][PASSED] - Text of object 'Object Repository/F11762-View Customer/QA-US84851/US83148-SearchCustomer/SearchCustomer/SearchSortCustomerPageObjects/NoDataFoundSection' is: 'No customers available'

2018-11-12 14:15:52 - [TEST_STEP][PASSED] - Statement - If (textDisplayed.equals(NO_CUSTOMER_FOUND)): Actual object 'No customers available' and expected object 'No customers available' are equal

2018-11-12 14:15:52 - [TEST_STEP][PASSED] - verifyEqual: Actual object 'No customers available' and expected object 'No customers available' are equal

2018-11-12 14:15:52 - [MESSAGE][PASSED] - Actual object 'No customers available' and expected object 'No customers available' are equal

2018-11-12 14:15:52 - [TEST_STEP][PASSED] - setText: Text '$%^^&19HAa' is set on object 'Object Repository/F11762-View Customer/QA-US84851/US83148-SearchCustomer/SearchCustomer/SearchSortCustomerPageObjects/searchBox'

2018-11-12 14:15:53 - [MESSAGE][PASSED] - Text '$%^^&19HAa' is set on object 'Object Repository/F11762-View Customer/QA-US84851/US83148-SearchCustomer/SearchCustomer/SearchSortCustomerPageObjects/searchBox'

2018-11-12 14:15:53 - [TEST_STEP][PASSED] - Statement - textDisplayed = com.kms.katalon.core.webui.keyword.WebUiBuiltInKeywords.getText(com.kms.katalon.core.testobject.ObjectRepository.findTestObject(Object Repository/F11762-View Customer/QA-US84851/US83148-SearchCustomer/SearchCustomer/SearchSortCustomerPageObjects/NoDataFoundSection)): Text of object 'Object Repository/F11762-View Customer/QA-US84851/US83148-SearchCustomer/SearchCustomer/SearchSortCustomerPageObjects/NoDataFoundSection' is: 'No customers available'

2018-11-12 14:15:53 - [MESSAGE][PASSED] - Text of object 'Object Repository/F11762-View Customer/QA-US84851/US83148-SearchCustomer/SearchCustomer/SearchSortCustomerPageObjects/NoDataFoundSection' is: 'No customers available'

2018-11-12 14:15:53 - [TEST_STEP][PASSED] - Statement - If (textDisplayed.equals(NO_CUSTOMER_FOUND)): Actual object 'No customers available' and expected object 'No customers available' are equal

2018-11-12 14:15:53 - [TEST_STEP][PASSED] - verifyEqual: Actual object 'No customers available' and expected object 'No customers available' are equal

2018-11-12 14:15:53 - [MESSAGE][PASSED] - Actual object 'No customers available' and expected object 'No customers available' are equal

2018-11-12 14:15:53 - [TEST_STEP][PASSED] - setText: Text 'kdhk119' is set on object 'Object Repository/F11762-View Customer/QA-US84851/US83148-SearchCustomer/SearchCustomer/SearchSortCustomerPageObjects/searchBox'

2018-11-12 14:15:53 - [MESSAGE][PASSED] - Text 'kdhk119' is set on object 'Object Repository/F11762-View Customer/QA-US84851/US83148-SearchCustomer/SearchCustomer/SearchSortCustomerPageObjects/searchBox'

2018-11-12 14:15:53 - [TEST_STEP][PASSED] - Statement - textDisplayed = com.kms.katalon.core.webui.keyword.WebUiBuiltInKeywords.getText(com.kms.katalon.core.testobject.ObjectRepository.findTestObject(Object Repository/F11762-View Customer/QA-US84851/US83148-SearchCustomer/SearchCustomer/SearchSortCustomerPageObjects/NoDataFoundSection)): Text of object 'Object Repository/F11762-View Customer/QA-US84851/US83148-SearchCustomer/SearchCustomer/SearchSortCustomerPageObjects/NoDataFoundSection' is: 'No customers available'

2018-11-12 14:15:53 - [MESSAGE][PASSED] - Text of object 'Object Repository/F11762-View Customer/QA-US84851/US83148-SearchCustomer/SearchCustomer/SearchSortCustomerPageObjects/NoDataFoundSection' is: 'No customers available'

2018-11-12 14:15:53 - [TEST_STEP][PASSED] - Statement - If (textDisplayed.equals(NO_CUSTOMER_FOUND)): Actual object 'No customers available' and expected object 'No customers available' are equal

2018-11-12 14:15:53 - [TEST_STEP][PASSED] - verifyEqual: Actual object 'No customers available' and expected object 'No customers available' are equal

2018-11-12 14:15:53 - [MESSAGE][PASSED] - Actual object 'No customers available' and expected object 'No customers available' are equal

2018-11-12 14:15:53 - [TEST_STEP][PASSED] - clearText: Text of object 'Object Repository/F11762-View Customer/QA-US84851/US83148-SearchCustomer/SearchCustomer/SearchSortCustomerPageObjects/searchBox' is cleared

2018-11-12 14:15:53 - [MESSAGE][PASSED] - Text of object 'Object Repository/F11762-View Customer/QA-US84851/US83148-SearchCustomer/SearchCustomer/SearchSortCustomerPageObjects/searchBox' is cleared

2018-11-12 14:15:53 - [TEST_STEP][PASSED] - delay: Delayed 3 second(s)

2018-11-12 14:15:56 - [MESSAGE][PASSED] - Delayed 3 second(s)

2018-11-12 14:15:56 - [TEST_STEP][PASSED] - Statement - searchTextAddressKeyArr = ["1ABC100Z", "$%^^&19HAa", "kdhk119"]: null

2018-11-12 14:15:56 - [TEST_STEP][PASSED] - Statement - For ([i = 0, i < length, (i++)]): Actual object 'No customers available' and expected object 'No customers available' are equal

2018-11-12 14:15:56 - [TEST_STEP][PASSED] - setText: Text '1ABC100Z' is set on object 'Object Repository/F11762-View Customer/QA-US84851/US83148-SearchCustomer/SearchCustomer/SearchSortCustomerPageObjects/searchBox'

2018-11-12 14:15:56 - [MESSAGE][PASSED] - Text '1ABC100Z' is set on object 'Object Repository/F11762-View Customer/QA-US84851/US83148-SearchCustomer/SearchCustomer/SearchSortCustomerPageObjects/searchBox'

2018-11-12 14:15:56 - [TEST_STEP][PASSED] - Statement - textDisplayed = com.kms.katalon.core.webui.keyword.WebUiBuiltInKeywords.getText(com.kms.katalon.core.testobject.ObjectRepository.findTestObject(Object Repository/F11762-View Customer/QA-US84851/US83148-SearchCustomer/SearchCustomer/SearchSortCustomerPageObjects/NoDataFoundSection)): Text of object 'Object Repository/F11762-View Customer/QA-US84851/US83148-SearchCustomer/SearchCustomer/SearchSortCustomerPageObjects/NoDataFoundSection' is: 'No customers available'

2018-11-12 14:15:56 - [MESSAGE][PASSED] - Text of object 'Object Repository/F11762-View Customer/QA-US84851/US83148-SearchCustomer/SearchCustomer/SearchSortCustomerPageObjects/NoDataFoundSection' is: 'No customers available'

2018-11-12 14:15:56 - [TEST_STEP][PASSED] - verifyEqual: Actual object 'No customers available' and expected object 'No customers available' are equal

2018-11-12 14:15:56 - [MESSAGE][PASSED] - Actual object 'No customers available' and expected object 'No customers available' are equal

2018-11-12 14:15:56 - [TEST_STEP][PASSED] - setText: Text '$%^^&19HAa' is set on object 'Object Repository/F11762-View Customer/QA-US84851/US83148-SearchCustomer/SearchCustomer/SearchSortCustomerPageObjects/searchBox'

2018-11-12 14:15:56 - [MESSAGE][PASSED] - Text '$%^^&19HAa' is set on object 'Object Repository/F11762-View Customer/QA-US84851/US83148-SearchCustomer/SearchCustomer/SearchSortCustomerPageObjects/searchBox'

2018-11-12 14:15:56 - [TEST_STEP][PASSED] - Statement - textDisplayed = com.kms.katalon.core.webui.keyword.WebUiBuiltInKeywords.getText(com.kms.katalon.core.testobject.ObjectRepository.findTestObject(Object Repository/F11762-View Customer/QA-US84851/US83148-SearchCustomer/SearchCustomer/SearchSortCustomerPageObjects/NoDataFoundSection)): Text of object 'Object Repository/F11762-View Customer/QA-US84851/US83148-SearchCustomer/SearchCustomer/SearchSortCustomerPageObjects/NoDataFoundSection' is: 'No customers available'

2018-11-12 14:15:56 - [MESSAGE][PASSED] - Text of object 'Object Repository/F11762-View Customer/QA-US84851/US83148-SearchCustomer/SearchCustomer/SearchSortCustomerPageObjects/NoDataFoundSection' is: 'No customers available'

2018-11-12 14:15:56 - [TEST_STEP][PASSED] - verifyEqual: Actual object 'No customers available' and expected object 'No customers available' are equal

2018-11-12 14:15:56 - [MESSAGE][PASSED] - Actual object 'No customers available' and expected object 'No customers available' are equal

2018-11-12 14:15:56 - [TEST_STEP][PASSED] - setText: Text 'kdhk119' is set on object 'Object Repository/F11762-View Customer/QA-US84851/US83148-SearchCustomer/SearchCustomer/SearchSortCustomerPageObjects/searchBox'

2018-11-12 14:15:56 - [MESSAGE][PASSED] - Text 'kdhk119' is set on object 'Object Repository/F11762-View Customer/QA-US84851/US83148-SearchCustomer/SearchCustomer/SearchSortCustomerPageObjects/searchBox'

2018-11-12 14:15:56 - [TEST_STEP][PASSED] - Statement - textDisplayed = com.kms.katalon.core.webui.keyword.WebUiBuiltInKeywords.getText(com.kms.katalon.core.testobject.ObjectRepository.findTestObject(Object Repository/F11762-View Customer/QA-US84851/US83148-SearchCustomer/SearchCustomer/SearchSortCustomerPageObjects/NoDataFoundSection)): Text of object 'Object Repository/F11762-View Customer/QA-US84851/US83148-SearchCustomer/SearchCustomer/SearchSortCustomerPageObjects/NoDataFoundSection' is: 'No customers available'

2018-11-12 14:15:56 - [MESSAGE][PASSED] - Text of object 'Object Repository/F11762-View Customer/QA-US84851/US83148-SearchCustomer/SearchCustomer/SearchSortCustomerPageObjects/NoDataFoundSection' is: 'No customers available'

2018-11-12 14:15:56 - [TEST_STEP][PASSED] - verifyEqual: Actual object 'No customers available' and expected object 'No customers available' are equal

2018-11-12 14:15:56 - [MESSAGE][PASSED] - Actual object 'No customers available' and expected object 'No customers available' are equal

2018-11-12 14:15:56 - [TEST_STEP][PASSED] - Start listener action : closeBrowserForTestCasse: Navigate to 'http://localhost:8080/home' successfully

2018-11-12 14:15:56 - [TEST_STEP][PASSED] - Statement - If (isTestSuitEnable == true): null

2018-11-12 14:15:56 - [TEST_STEP][PASSED] - Statement - beforeTestCaseExecute(): null

2018-11-12 14:15:56 - [TEST_STEP][PASSED] - Statement - If (isTestSuitEnable == true): Navigate to 'http://localhost:8080/home' successfully

2018-11-12 14:15:56 - [TEST_STEP][PASSED] - navigateToUrl: Navigate to 'http://localhost:8080/home' successfully

2018-11-12 14:15:57 - [MESSAGE][PASSED] - Navigate to 'http://localhost:8080/home' successfully

2018-11-12 14:15:57 - [TEST_STEP][PASSED] - Start listener action : afterTestCase: Invoke 'com.kms.katalon.core.annotation.AfterTestCase' method: 'TmsTestListner.afterTestCase(...)' completed.

2018-11-12 14:15:57 - [TEST_STEP][PASSED] - Statement - If (java.lang.System.getProperties().containsKey("updateRally")): Invoke 'com.kms.katalon.core.annotation.AfterTestCase' method: 'TmsTestListner.afterTestCase(...)' completed.]]></system-out>
         <system-err><![CDATA[]]></system-err>
      </testcase>
      <testcase name="Test Cases/Customer/F11762-View Customer/QA-Add Edit Customer/US-Add Edit Customer/TC60768-AddCustomer" classname="Test Cases/Customer/F11762-View Customer/QA-Add Edit Customer/US-Add Edit Customer/TC60768-AddCustomer" status="FAILED">
         <failure type="FAILED" message="(Stack trace: com.kms.katalon.core.exception.StepFailedException: Unable to verify equal between actual object 'WHE7OJI - null' and expected object 'WHE7OJI' (Root cause: Actual object 'WHE7OJI - null' and expected object 'WHE7OJI' are not equal)
	at com.kms.katalon.core.keyword.internal.KeywordMain.stepFailed(KeywordMain.groovy:36)
	at com.kms.katalon.core.keyword.internal.KeywordMain.stepFailed(KeywordMain.groovy)
	at com.kms.katalon.core.keyword.internal.KeywordMain.runKeyword(KeywordMain.groovy:56)
	at com.kms.katalon.core.keyword.builtin.VerifyEqualKeyword.verifyEqual(VerifyEqualKeyword.groovy:64)
	at com.kms.katalon.core.keyword.builtin.VerifyEqualKeyword.execute(VerifyEqualKeyword.groovy:45)
	at com.kms.katalon.core.keyword.internal.KeywordExecutor.executeKeywordForPlatform(KeywordExecutor.groovy:53)
	at com.kms.katalon.core.keyword.BuiltinKeywords.verifyEqual(BuiltinKeywords.groovy:141)
	at sun.reflect.GeneratedMethodAccessor3.invoke(Unknown Source)
	at sun.reflect.DelegatingMethodAccessorImpl.invoke(DelegatingMethodAccessorImpl.java:43)
	at java.lang.reflect.Method.invoke(Method.java:498)
	at org.codehaus.groovy.reflection.CachedMethod.invoke(CachedMethod.java:93)
	at groovy.lang.MetaMethod.doMethodInvoke(MetaMethod.java:325)
	at groovy.lang.MetaClassImpl.invokeStaticMethod(MetaClassImpl.java:1469)
	at org.codehaus.groovy.runtime.callsite.StaticMetaClassSite.call(StaticMetaClassSite.java:53)
	at org.codehaus.groovy.runtime.callsite.AbstractCallSite.call(AbstractCallSite.java:133)
	at com.ge.tms.customer.CustomerVerification.verifyCustomerDetailsInRightPane(CustomerVerification.groovy:245)
	at sun.reflect.NativeMethodAccessorImpl.invoke0(Native Method)
	at sun.reflect.NativeMethodAccessorImpl.invoke(NativeMethodAccessorImpl.java:62)
	at sun.reflect.DelegatingMethodAccessorImpl.invoke(DelegatingMethodAccessorImpl.java:43)
	at java.lang.reflect.Method.invoke(Method.java:498)
	at org.codehaus.groovy.reflection.CachedMethod.invoke(CachedMethod.java:93)
	at groovy.lang.MetaMethod.doMethodInvoke(MetaMethod.java:325)
	at groovy.lang.MetaClassImpl.invokeMethod(MetaClassImpl.java:1215)
	at groovy.lang.MetaClassImpl.invokeMethod(MetaClassImpl.java:1024)
	at groovy.lang.MetaClassImpl.invokeMethod(MetaClassImpl.java:812)
	at groovy.lang.DelegatingMetaClass.invokeMethod(DelegatingMetaClass.java:144)
	at com.ge.tms.customer.CustomerVerification.invokeMethod(CustomerVerification.groovy)
	at com.kms.katalon.core.main.CustomKeywordDelegatingMetaClass.invokeStaticMethod(CustomKeywordDelegatingMetaClass.java:46)
	at org.codehaus.groovy.runtime.callsite.StaticMetaClassSite.call(StaticMetaClassSite.java:53)
	at org.codehaus.groovy.runtime.callsite.CallSiteArray.defaultCall(CallSiteArray.java:48)
	at org.codehaus.groovy.runtime.callsite.AbstractCallSite.call(AbstractCallSite.java:113)
	at org.codehaus.groovy.runtime.callsite.AbstractCallSite.call(AbstractCallSite.java:125)
	at Script1534409363966.run(Script1534409363966.groovy:75)
	at com.kms.katalon.core.main.ScriptEngine.run(ScriptEngine.java:183)
	at com.kms.katalon.core.main.ScriptEngine.runScriptAsRawText(ScriptEngine.java:108)
	at com.kms.katalon.core.main.TestCaseExecutor.runScript(TestCaseExecutor.java:294)
	at com.kms.katalon.core.main.TestCaseExecutor.doExecute(TestCaseExecutor.java:285)
	at com.kms.katalon.core.main.TestCaseExecutor.processExecutionPhase(TestCaseExecutor.java:264)
	at com.kms.katalon.core.main.TestCaseExecutor.accessMainPhase(TestCaseExecutor.java:256)
	at com.kms.katalon.core.main.TestCaseExecutor.execute(TestCaseExecutor.java:200)
	at com.kms.katalon.core.main.TestSuiteExecutor.accessTestCaseMainPhase(TestSuiteExecutor.java:129)
	at com.kms.katalon.core.main.TestSuiteExecutor.accessTestSuiteMainPhase(TestSuiteExecutor.java:112)
	at com.kms.katalon.core.main.TestSuiteExecutor.execute(TestSuiteExecutor.java:81)
	at com.kms.katalon.core.main.TestCaseMain.startTestSuite(TestCaseMain.java:142)
	at com.kms.katalon.core.main.TestCaseMain$startTestSuite$0.call(Unknown Source)
	at org.codehaus.groovy.runtime.callsite.CallSiteArray.defaultCall(CallSiteArray.java:48)
	at org.codehaus.groovy.runtime.callsite.AbstractCallSite.call(AbstractCallSite.java:113)
	at org.codehaus.groovy.runtime.callsite.AbstractCallSite.call(AbstractCallSite.java:141)
	at TempTestSuite1542012289825.run(TempTestSuite1542012289825.groovy:36)
	at groovy.lang.GroovyShell.runScriptOrMainOrTestOrRunnable(GroovyShell.java:263)
	at groovy.lang.GroovyShell.run(GroovyShell.java:518)
	at groovy.lang.GroovyShell.run(GroovyShell.java:507)
	at groovy.ui.GroovyMain.processOnce(GroovyMain.java:653)
	at groovy.ui.GroovyMain.run(GroovyMain.java:384)
	at groovy.ui.GroovyMain.process(GroovyMain.java:370)
	at groovy.ui.GroovyMain.processArgs(GroovyMain.java:129)
	at groovy.ui.GroovyMain.main(GroovyMain.java:109)
	at sun.reflect.NativeMethodAccessorImpl.invoke0(Native Method)
	at sun.reflect.NativeMethodAccessorImpl.invoke(NativeMethodAccessorImpl.java:62)
	at sun.reflect.DelegatingMethodAccessorImpl.invoke(DelegatingMethodAccessorImpl.java:43)
	at java.lang.reflect.Method.invoke(Method.java:498)
	at org.codehaus.groovy.tools.GroovyStarter.rootLoader(GroovyStarter.java:109)
	at org.codehaus.groovy.tools.GroovyStarter.main(GroovyStarter.java:131)
)"/>
         <system-out><![CDATA[2018-11-12 14:15:57 - [TEST_CASE][FAILED] - Test Cases/Customer/F11762-View Customer/QA-Add Edit Customer/US-Add Edit Customer/TC60768-AddCustomer: Test Cases/Customer/F11762-View Customer/QA-Add Edit Customer/US-Add Edit Customer/TC60768-AddCustomer FAILED because (of) (Stack trace: com.kms.katalon.core.exception.StepFailedException: Unable to verify equal between actual object 'WHE7OJI - null' and expected object 'WHE7OJI' (Root cause: Actual object 'WHE7OJI - null' and expected object 'WHE7OJI' are not equal)
	at com.kms.katalon.core.keyword.internal.KeywordMain.stepFailed(KeywordMain.groovy:36)
	at com.kms.katalon.core.keyword.internal.KeywordMain.stepFailed(KeywordMain.groovy)
	at com.kms.katalon.core.keyword.internal.KeywordMain.runKeyword(KeywordMain.groovy:56)
	at com.kms.katalon.core.keyword.builtin.VerifyEqualKeyword.verifyEqual(VerifyEqualKeyword.groovy:64)
	at com.kms.katalon.core.keyword.builtin.VerifyEqualKeyword.execute(VerifyEqualKeyword.groovy:45)
	at com.kms.katalon.core.keyword.internal.KeywordExecutor.executeKeywordForPlatform(KeywordExecutor.groovy:53)
	at com.kms.katalon.core.keyword.BuiltinKeywords.verifyEqual(BuiltinKeywords.groovy:141)
	at sun.reflect.GeneratedMethodAccessor3.invoke(Unknown Source)
	at sun.reflect.DelegatingMethodAccessorImpl.invoke(DelegatingMethodAccessorImpl.java:43)
	at java.lang.reflect.Method.invoke(Method.java:498)
	at org.codehaus.groovy.reflection.CachedMethod.invoke(CachedMethod.java:93)
	at groovy.lang.MetaMethod.doMethodInvoke(MetaMethod.java:325)
	at groovy.lang.MetaClassImpl.invokeStaticMethod(MetaClassImpl.java:1469)
	at org.codehaus.groovy.runtime.callsite.StaticMetaClassSite.call(StaticMetaClassSite.java:53)
	at org.codehaus.groovy.runtime.callsite.AbstractCallSite.call(AbstractCallSite.java:133)
	at com.ge.tms.customer.CustomerVerification.verifyCustomerDetailsInRightPane(CustomerVerification.groovy:245)
	at sun.reflect.NativeMethodAccessorImpl.invoke0(Native Method)
	at sun.reflect.NativeMethodAccessorImpl.invoke(NativeMethodAccessorImpl.java:62)
	at sun.reflect.DelegatingMethodAccessorImpl.invoke(DelegatingMethodAccessorImpl.java:43)
	at java.lang.reflect.Method.invoke(Method.java:498)
	at org.codehaus.groovy.reflection.CachedMethod.invoke(CachedMethod.java:93)
	at groovy.lang.MetaMethod.doMethodInvoke(MetaMethod.java:325)
	at groovy.lang.MetaClassImpl.invokeMethod(MetaClassImpl.java:1215)
	at groovy.lang.MetaClassImpl.invokeMethod(MetaClassImpl.java:1024)
	at groovy.lang.MetaClassImpl.invokeMethod(MetaClassImpl.java:812)
	at groovy.lang.DelegatingMetaClass.invokeMethod(DelegatingMetaClass.java:144)
	at com.ge.tms.customer.CustomerVerification.invokeMethod(CustomerVerification.groovy)
	at com.kms.katalon.core.main.CustomKeywordDelegatingMetaClass.invokeStaticMethod(CustomKeywordDelegatingMetaClass.java:46)
	at org.codehaus.groovy.runtime.callsite.StaticMetaClassSite.call(StaticMetaClassSite.java:53)
	at org.codehaus.groovy.runtime.callsite.CallSiteArray.defaultCall(CallSiteArray.java:48)
	at org.codehaus.groovy.runtime.callsite.AbstractCallSite.call(AbstractCallSite.java:113)
	at org.codehaus.groovy.runtime.callsite.AbstractCallSite.call(AbstractCallSite.java:125)
	at Script1534409363966.run(Script1534409363966.groovy:75)
	at com.kms.katalon.core.main.ScriptEngine.run(ScriptEngine.java:183)
	at com.kms.katalon.core.main.ScriptEngine.runScriptAsRawText(ScriptEngine.java:108)
	at com.kms.katalon.core.main.TestCaseExecutor.runScript(TestCaseExecutor.java:294)
	at com.kms.katalon.core.main.TestCaseExecutor.doExecute(TestCaseExecutor.java:285)
	at com.kms.katalon.core.main.TestCaseExecutor.processExecutionPhase(TestCaseExecutor.java:264)
	at com.kms.katalon.core.main.TestCaseExecutor.accessMainPhase(TestCaseExecutor.java:256)
	at com.kms.katalon.core.main.TestCaseExecutor.execute(TestCaseExecutor.java:200)
	at com.kms.katalon.core.main.TestSuiteExecutor.accessTestCaseMainPhase(TestSuiteExecutor.java:129)
	at com.kms.katalon.core.main.TestSuiteExecutor.accessTestSuiteMainPhase(TestSuiteExecutor.java:112)
	at com.kms.katalon.core.main.TestSuiteExecutor.execute(TestSuiteExecutor.java:81)
	at com.kms.katalon.core.main.TestCaseMain.startTestSuite(TestCaseMain.java:142)
	at com.kms.katalon.core.main.TestCaseMain$startTestSuite$0.call(Unknown Source)
	at org.codehaus.groovy.runtime.callsite.CallSiteArray.defaultCall(CallSiteArray.java:48)
	at org.codehaus.groovy.runtime.callsite.AbstractCallSite.call(AbstractCallSite.java:113)
	at org.codehaus.groovy.runtime.callsite.AbstractCallSite.call(AbstractCallSite.java:141)
	at TempTestSuite1542012289825.run(TempTestSuite1542012289825.groovy:36)
	at groovy.lang.GroovyShell.runScriptOrMainOrTestOrRunnable(GroovyShell.java:263)
	at groovy.lang.GroovyShell.run(GroovyShell.java:518)
	at groovy.lang.GroovyShell.run(GroovyShell.java:507)
	at groovy.ui.GroovyMain.processOnce(GroovyMain.java:653)
	at groovy.ui.GroovyMain.run(GroovyMain.java:384)
	at groovy.ui.GroovyMain.process(GroovyMain.java:370)
	at groovy.ui.GroovyMain.processArgs(GroovyMain.java:129)
	at groovy.ui.GroovyMain.main(GroovyMain.java:109)
	at sun.reflect.NativeMethodAccessorImpl.invoke0(Native Method)
	at sun.reflect.NativeMethodAccessorImpl.invoke(NativeMethodAccessorImpl.java:62)
	at sun.reflect.DelegatingMethodAccessorImpl.invoke(DelegatingMethodAccessorImpl.java:43)
	at java.lang.reflect.Method.invoke(Method.java:498)
	at org.codehaus.groovy.tools.GroovyStarter.rootLoader(GroovyStarter.java:109)
	at org.codehaus.groovy.tools.GroovyStarter.main(GroovyStarter.java:131)
)

2018-11-12 14:15:57 - [TEST_STEP][PASSED] - Start listener action : beforeTestCaseExecute: Navigate to 'http://localhost:8080/home' successfully

2018-11-12 14:15:57 - [TEST_STEP][PASSED] - Statement - If (isTestSuitEnable == true): Navigate to 'http://localhost:8080/home' successfully

2018-11-12 14:15:57 - [TEST_STEP][PASSED] - navigateToUrl: Navigate to 'http://localhost:8080/home' successfully

2018-11-12 14:15:58 - [MESSAGE][PASSED] - Navigate to 'http://localhost:8080/home' successfully

2018-11-12 14:15:58 - [TEST_STEP][PASSED] - Statement - action = new com.ge.tms.customer.CustomerActions(): Send request successfully

2018-11-12 14:15:58 - [MESSAGE][PASSED] - Send request successfully

2018-11-12 14:15:58 - [MESSAGE][PASSED] - Send request successfully

2018-11-12 14:15:58 - [MESSAGE][PASSED] - Send request successfully

2018-11-12 14:15:58 - [MESSAGE][PASSED] - Send request successfully

2018-11-12 14:15:58 - [TEST_STEP][PASSED] - com.ge.tms.commonactions.CommonClickEvents.clickOnManageCustomers: com.ge.tms.commonactions.CommonClickEvents.clickOnManageCustomers is PASSED

2018-11-12 14:15:58 - [MESSAGE][PASSED] - Execute JavaScript 'document.querySelector('px-app-nav').shadowRoot.querySelector('#items > px-app-nav-group:nth-child(13) > px-app-nav-subitem:nth-child(2)').click()' successfully

2018-11-12 14:15:59 - [MESSAGE][PASSED] - Delayed 1 second(s)

2018-11-12 14:15:59 - [MESSAGE][PASSED] - com.ge.tms.commonactions.CommonClickEvents.clickOnManageCustomers is PASSED

2018-11-12 14:15:59 - [TEST_STEP][PASSED] - com.ge.tms.customer.CustomerVerification.verifyCustomerPageHeader: com.ge.tms.customer.CustomerVerification.verifyCustomerPageHeader is PASSED

2018-11-12 14:15:59 - [MESSAGE][PASSED] - Send request successfully

2018-11-12 14:15:59 - [MESSAGE][PASSED] - Send request successfully

2018-11-12 14:15:59 - [MESSAGE][PASSED] - Send request successfully

2018-11-12 14:15:59 - [MESSAGE][PASSED] - Send request successfully

2018-11-12 14:15:59 - [MESSAGE][PASSED] - Send request successfully

2018-11-12 14:15:59 - [MESSAGE][PASSED] - Send request successfully

2018-11-12 14:15:59 - [MESSAGE][PASSED] - Send request successfully

2018-11-12 14:15:59 - [MESSAGE][PASSED] - Send request successfully

2018-11-12 14:15:59 - [MESSAGE][PASSED] - Send request successfully

2018-11-12 14:15:59 - [MESSAGE][PASSED] - Text of object 'Object Repository/F11762-View Customer/QA-US83146/US84104-View Customer/View Customer/CustomerPageObject/h1_Manage Customers' is: 'Customer Management'

2018-11-12 14:15:59 - [MESSAGE][PASSED] - Actual object 'Customer Management' and expected object 'Customer Management' are equal

2018-11-12 14:15:59 - [MESSAGE][PASSED] - com.ge.tms.customer.CustomerVerification.verifyCustomerPageHeader is PASSED

2018-11-12 14:15:59 - [TEST_STEP][PASSED] - click: Object: 'Object Repository/F11762-View Customer/QA-US83146/US84104-View Customer/View Customer/CustomerPageObject/AddCustomer/AddCustomerButton' is clicked on

2018-11-12 14:16:00 - [MESSAGE][PASSED] - Object: 'Object Repository/F11762-View Customer/QA-US83146/US84104-View Customer/View Customer/CustomerPageObject/AddCustomer/AddCustomerButton' is clicked on

2018-11-12 14:16:00 - [TEST_STEP][PASSED] - delay: Delayed 2 second(s)

2018-11-12 14:16:02 - [MESSAGE][PASSED] - Delayed 2 second(s)

2018-11-12 14:16:02 - [TEST_STEP][PASSED] - com.ge.tms.customer.CustomerActions.addCustomer: com.ge.tms.customer.CustomerActions.addCustomer is PASSED

2018-11-12 14:16:02 - [MESSAGE][PASSED] - Send request successfully

2018-11-12 14:16:02 - [MESSAGE][PASSED] - Send request successfully

2018-11-12 14:16:02 - [MESSAGE][PASSED] - Send request successfully

2018-11-12 14:16:02 - [MESSAGE][PASSED] - Send request successfully

2018-11-12 14:16:02 - [MESSAGE][PASSED] - Text 'Billing Customer' is set on object 'Object Repository/F11762-View Customer/QA-US83146/US84104-View Customer/View Customer/CustomerPageObject/AddCustomer/customerName'

2018-11-12 14:16:02 - [MESSAGE][PASSED] - Text 'qce1' is set on object 'Object Repository/F11762-View Customer/QA-US83146/US84104-View Customer/View Customer/CustomerPageObject/AddCustomer/customerId'

2018-11-12 14:16:03 - [MESSAGE][PASSED] - Text 'LWF' is set on object 'Object Repository/F11762-View Customer/QA-US83146/US84104-View Customer/View Customer/CustomerPageObject/AddCustomer/AddressKey'

2018-11-12 14:16:03 - [MESSAGE][PASSED] - Text 'alt10' is set on object 'Object Repository/F11762-View Customer/QA-US83146/US84104-View Customer/View Customer/CustomerPageObject/AddCustomer/AltCode'

2018-11-12 14:16:03 - [MESSAGE][PASSED] - Text '#101-5-87' is set on object 'Object Repository/F11762-View Customer/QA-US83146/US84104-View Customer/View Customer/CustomerPageObject/AddCustomer/Address1'

2018-11-12 14:16:04 - [MESSAGE][PASSED] - Text 'downtown' is set on object 'Object Repository/F11762-View Customer/QA-US83146/US84104-View Customer/View Customer/CustomerPageObject/AddCustomer/AddressKey2'

2018-11-12 14:16:04 - [MESSAGE][PASSED] - Text 'chicago' is set on object 'Object Repository/F11762-View Customer/QA-US83146/US84104-View Customer/View Customer/CustomerPageObject/AddCustomer/city'

2018-11-12 14:16:04 - [MESSAGE][PASSED] - Text '61001' is set on object 'Object Repository/F11762-View Customer/QA-US83146/US84104-View Customer/View Customer/CustomerPageObject/AddCustomer/ZipCode'

2018-11-12 14:16:05 - [MESSAGE][PASSED] - Text 'Attention' is set on object 'Object Repository/F11762-View Customer/QA-US83146/US84104-View Customer/View Customer/CustomerPageObject/AddCustomer/Attention'

2018-11-12 14:16:05 - [MESSAGE][PASSED] - Text '100' is set on object 'Object Repository/F11762-View Customer/QA-US83146/US84104-View Customer/View Customer/CustomerPageObject/AddCustomer/MilePost'

2018-11-12 14:16:05 - [MESSAGE][PASSED] - Execute JavaScript 'document.querySelector("#customer-type").shadowRoot.querySelector("#content").shadowRoot.querySelector("#selector > div:nth-child(1)").click()' successfully

2018-11-12 14:16:05 - [MESSAGE][PASSED] - Execute JavaScript 'return document.querySelector("#country").shadowRoot.querySelector("#content").shadowRoot.querySelector("#selector > div").click()' successfully

2018-11-12 14:16:05 - [MESSAGE][PASSED] - Execute JavaScript 'return document.querySelector("#state").shadowRoot.querySelector("#content").shadowRoot.querySelector("#selector > div:nth-child(1)").click()' successfully

2018-11-12 14:16:05 - [MESSAGE][PASSED] - Execute JavaScript 'document.querySelector("#online-station").shadowRoot.querySelector("#trigger").click' successfully

2018-11-12 14:16:05 - [MESSAGE][PASSED] - Execute JavaScript 'return document.querySelector('#online-station').shadowRoot.querySelector('#content').shadowRoot.querySelectorAll('#dropdown > div > #selector > div').length' successfully

2018-11-12 14:16:05 - [MESSAGE][PASSED] - Execute JavaScript 'document.querySelector("#default-station").shadowRoot.querySelector("#trigger")' successfully

2018-11-12 14:16:05 - [MESSAGE][PASSED] - Execute JavaScript 'return document.querySelector('#default-station').shadowRoot.querySelector('#content').shadowRoot.querySelectorAll('#dropdown > div > #selector > div').length' successfully

2018-11-12 14:16:05 - [MESSAGE][PASSED] - com.ge.tms.customer.CustomerActions.addCustomer is PASSED

2018-11-12 14:16:05 - [TEST_STEP][PASSED] - click: Object: 'Object Repository/F11762-View Customer/QA-US83146/US84104-View Customer/View Customer/CustomerPageObject/AddCustomer/SaveButton' is clicked on

2018-11-12 14:16:05 - [MESSAGE][PASSED] - Object: 'Object Repository/F11762-View Customer/QA-US83146/US84104-View Customer/View Customer/CustomerPageObject/AddCustomer/SaveButton' is clicked on

2018-11-12 14:16:05 - [TEST_STEP][FAILED] - com.ge.tms.customer.CustomerVerification.verifyCustomerDetailsInRightPane: Unable to verify equal between actual object 'WHE7OJI - null' and expected object 'WHE7OJI' (Root cause: Actual object 'WHE7OJI - null' and expected object 'WHE7OJI' are not equal)

2018-11-12 14:16:05 - [MESSAGE][PASSED] - Send request successfully

2018-11-12 14:16:05 - [MESSAGE][PASSED] - Send request successfully

2018-11-12 14:16:05 - [MESSAGE][PASSED] - Send request successfully

2018-11-12 14:16:05 - [MESSAGE][PASSED] - Send request successfully

2018-11-12 14:16:05 - [MESSAGE][PASSED] - Send request successfully

2018-11-12 14:16:05 - [MESSAGE][PASSED] - Send request successfully

2018-11-12 14:16:05 - [MESSAGE][PASSED] - Send request successfully

2018-11-12 14:16:05 - [MESSAGE][PASSED] - Send request successfully

2018-11-12 14:16:05 - [MESSAGE][PASSED] - Send request successfully

2018-11-12 14:16:06 - [MESSAGE][PASSED] - Text of object 'Object Repository/F11762-View Customer/QA-US83146/US84104-View Customer/View Customer/CustomerPageObject/rightPane/type' is: 'Billing'

2018-11-12 14:16:06 - [MESSAGE][PASSED] - Text of object 'Object Repository/F11762-View Customer/QA-US83146/US84104-View Customer/View Customer/CustomerPageObject/rightPane/altCode' is: 'alt10'

2018-11-12 14:16:06 - [MESSAGE][PASSED] - Text of object 'Object Repository/F11762-View Customer/QA-US83146/US84104-View Customer/View Customer/CustomerPageObject/rightPane/shortName' is: 'qce1LWF'

2018-11-12 14:16:06 - [MESSAGE][PASSED] - Text of object 'Object Repository/F11762-View Customer/QA-US83146/US84104-View Customer/View Customer/CustomerPageObject/rightPane/parent' is: '--'

2018-11-12 14:16:06 - [MESSAGE][PASSED] - Text of object 'Object Repository/F11762-View Customer/QA-US83146/US84104-View Customer/View Customer/CustomerPageObject/rightPane/address' is: '#101-5-87 - downtown'

2018-11-12 14:16:06 - [MESSAGE][PASSED] - Text of object 'Object Repository/F11762-View Customer/QA-US83146/US84104-View Customer/View Customer/CustomerPageObject/rightPane/city' is: 'chicago'

2018-11-12 14:16:06 - [MESSAGE][PASSED] - Text of object 'Object Repository/F11762-View Customer/QA-US83146/US84104-View Customer/View Customer/CustomerPageObject/rightPane/state' is: 'AK'

2018-11-12 14:16:06 - [MESSAGE][PASSED] - Text of object 'Object Repository/F11762-View Customer/QA-US83146/US84104-View Customer/View Customer/CustomerPageObject/rightPane/country' is: 'USA'

2018-11-12 14:16:06 - [MESSAGE][PASSED] - Text of object 'Object Repository/F11762-View Customer/QA-US83146/US84104-View Customer/View Customer/CustomerPageObject/rightPane/zip' is: '61001'

2018-11-12 14:16:06 - [MESSAGE][PASSED] - Text of object 'Object Repository/F11762-View Customer/QA-US83146/US84104-View Customer/View Customer/CustomerPageObject/rightPane/attention' is: 'Attention'

2018-11-12 14:16:06 - [MESSAGE][PASSED] - Text of object 'Object Repository/F11762-View Customer/QA-US83146/US84104-View Customer/View Customer/CustomerPageObject/rightPane/phone' is: '--'

2018-11-12 14:16:06 - [MESSAGE][PASSED] - Text of object 'Object Repository/F11762-View Customer/QA-US83146/US84104-View Customer/View Customer/CustomerPageObject/rightPane/fax' is: '--'

2018-11-12 14:16:06 - [MESSAGE][PASSED] - Text of object 'Object Repository/F11762-View Customer/QA-US83146/US84104-View Customer/View Customer/CustomerPageObject/rightPane/stationZone' is: 'WHE7OJI'

2018-11-12 14:16:06 - [MESSAGE][PASSED] - Text of object 'Object Repository/F11762-View Customer/QA-US83146/US84104-View Customer/View Customer/CustomerPageObject/rightPane/milepost' is: '100'

2018-11-12 14:16:06 - [MESSAGE][PASSED] - Text of object 'Object Repository/F11762-View Customer/QA-US83146/US84104-View Customer/View Customer/CustomerPageObject/rightPane/servingStation' is: '--'

2018-11-12 14:16:06 - [MESSAGE][PASSED] - Text of object 'Object Repository/F11762-View Customer/QA-US83146/US84104-View Customer/View Customer/CustomerPageObject/rightPane/defaultStationTrack' is: 'WHE7OJI'

2018-11-12 14:16:06 - [MESSAGE][PASSED] - Actual object 'Billing' and expected object 'Billing' are equal

2018-11-12 14:16:06 - [MESSAGE][PASSED] - Actual object 'alt10' and expected object 'alt10' are equal

2018-11-12 14:16:06 - [MESSAGE][PASSED] - Actual object 'qce1LWF' and expected object 'qce1LWF' are equal

2018-11-12 14:16:06 - [MESSAGE][PASSED] - Actual object '--' and expected object '--' are equal

2018-11-12 14:16:06 - [MESSAGE][PASSED] - Actual object '#101-5-87 - downtown' and expected object '#101-5-87 - downtown' are equal

2018-11-12 14:16:06 - [MESSAGE][PASSED] - Actual object 'chicago' and expected object 'chicago' are equal

2018-11-12 14:16:06 - [MESSAGE][PASSED] - Actual object 'AK' and expected object 'AK' are equal

2018-11-12 14:16:06 - [MESSAGE][PASSED] - Actual object 'USA' and expected object 'USA' are equal

2018-11-12 14:16:06 - [MESSAGE][PASSED] - Actual object '61001' and expected object '61001' are equal

2018-11-12 14:16:06 - [MESSAGE][PASSED] - Actual object 'Attention' and expected object 'Attention' are equal

2018-11-12 14:16:06 - [MESSAGE][PASSED] - Actual object '--' and expected object '--' are equal

2018-11-12 14:16:06 - [MESSAGE][PASSED] - Actual object '--' and expected object '--' are equal

2018-11-12 14:16:06 - [MESSAGE][FAILED] - Unable to verify equal between actual object 'WHE7OJI - null' and expected object 'WHE7OJI' (Root cause: Actual object 'WHE7OJI - null' and expected object 'WHE7OJI' are not equal)

2018-11-12 14:16:06 - [MESSAGE][FAILED] - Unable to verify equal between actual object 'WHE7OJI - null' and expected object 'WHE7OJI' (Root cause: Actual object 'WHE7OJI - null' and expected object 'WHE7OJI' are not equal)

2018-11-12 14:16:06 - [TEST_STEP][PASSED] - Start listener action : closeBrowserForTestCasse: Navigate to 'http://localhost:8080/home' successfully

2018-11-12 14:16:06 - [TEST_STEP][PASSED] - Statement - If (isTestSuitEnable == true): null

2018-11-12 14:16:06 - [TEST_STEP][PASSED] - Statement - beforeTestCaseExecute(): null

2018-11-12 14:16:06 - [TEST_STEP][PASSED] - Statement - If (isTestSuitEnable == true): Navigate to 'http://localhost:8080/home' successfully

2018-11-12 14:16:06 - [TEST_STEP][PASSED] - navigateToUrl: Navigate to 'http://localhost:8080/home' successfully

2018-11-12 14:16:07 - [MESSAGE][PASSED] - Navigate to 'http://localhost:8080/home' successfully

2018-11-12 14:16:07 - [TEST_STEP][PASSED] - Start listener action : afterTestCase: Invoke 'com.kms.katalon.core.annotation.AfterTestCase' method: 'TmsTestListner.afterTestCase(...)' completed.

2018-11-12 14:16:07 - [TEST_STEP][PASSED] - Statement - If (java.lang.System.getProperties().containsKey("updateRally")): Invoke 'com.kms.katalon.core.annotation.AfterTestCase' method: 'TmsTestListner.afterTestCase(...)' completed.]]></system-out>
         <system-err><![CDATA[2018-11-12 14:15:57 - [TEST_CASE][FAILED] - Test Cases/Customer/F11762-View Customer/QA-Add Edit Customer/US-Add Edit Customer/TC60768-AddCustomer: Test Cases/Customer/F11762-View Customer/QA-Add Edit Customer/US-Add Edit Customer/TC60768-AddCustomer FAILED because (of) (Stack trace: com.kms.katalon.core.exception.StepFailedException: Unable to verify equal between actual object 'WHE7OJI - null' and expected object 'WHE7OJI' (Root cause: Actual object 'WHE7OJI - null' and expected object 'WHE7OJI' are not equal)
	at com.kms.katalon.core.keyword.internal.KeywordMain.stepFailed(KeywordMain.groovy:36)
	at com.kms.katalon.core.keyword.internal.KeywordMain.stepFailed(KeywordMain.groovy)
	at com.kms.katalon.core.keyword.internal.KeywordMain.runKeyword(KeywordMain.groovy:56)
	at com.kms.katalon.core.keyword.builtin.VerifyEqualKeyword.verifyEqual(VerifyEqualKeyword.groovy:64)
	at com.kms.katalon.core.keyword.builtin.VerifyEqualKeyword.execute(VerifyEqualKeyword.groovy:45)
	at com.kms.katalon.core.keyword.internal.KeywordExecutor.executeKeywordForPlatform(KeywordExecutor.groovy:53)
	at com.kms.katalon.core.keyword.BuiltinKeywords.verifyEqual(BuiltinKeywords.groovy:141)
	at sun.reflect.GeneratedMethodAccessor3.invoke(Unknown Source)
	at sun.reflect.DelegatingMethodAccessorImpl.invoke(DelegatingMethodAccessorImpl.java:43)
	at java.lang.reflect.Method.invoke(Method.java:498)
	at org.codehaus.groovy.reflection.CachedMethod.invoke(CachedMethod.java:93)
	at groovy.lang.MetaMethod.doMethodInvoke(MetaMethod.java:325)
	at groovy.lang.MetaClassImpl.invokeStaticMethod(MetaClassImpl.java:1469)
	at org.codehaus.groovy.runtime.callsite.StaticMetaClassSite.call(StaticMetaClassSite.java:53)
	at org.codehaus.groovy.runtime.callsite.AbstractCallSite.call(AbstractCallSite.java:133)
	at com.ge.tms.customer.CustomerVerification.verifyCustomerDetailsInRightPane(CustomerVerification.groovy:245)
	at sun.reflect.NativeMethodAccessorImpl.invoke0(Native Method)
	at sun.reflect.NativeMethodAccessorImpl.invoke(NativeMethodAccessorImpl.java:62)
	at sun.reflect.DelegatingMethodAccessorImpl.invoke(DelegatingMethodAccessorImpl.java:43)
	at java.lang.reflect.Method.invoke(Method.java:498)
	at org.codehaus.groovy.reflection.CachedMethod.invoke(CachedMethod.java:93)
	at groovy.lang.MetaMethod.doMethodInvoke(MetaMethod.java:325)
	at groovy.lang.MetaClassImpl.invokeMethod(MetaClassImpl.java:1215)
	at groovy.lang.MetaClassImpl.invokeMethod(MetaClassImpl.java:1024)
	at groovy.lang.MetaClassImpl.invokeMethod(MetaClassImpl.java:812)
	at groovy.lang.DelegatingMetaClass.invokeMethod(DelegatingMetaClass.java:144)
	at com.ge.tms.customer.CustomerVerification.invokeMethod(CustomerVerification.groovy)
	at com.kms.katalon.core.main.CustomKeywordDelegatingMetaClass.invokeStaticMethod(CustomKeywordDelegatingMetaClass.java:46)
	at org.codehaus.groovy.runtime.callsite.StaticMetaClassSite.call(StaticMetaClassSite.java:53)
	at org.codehaus.groovy.runtime.callsite.CallSiteArray.defaultCall(CallSiteArray.java:48)
	at org.codehaus.groovy.runtime.callsite.AbstractCallSite.call(AbstractCallSite.java:113)
	at org.codehaus.groovy.runtime.callsite.AbstractCallSite.call(AbstractCallSite.java:125)
	at Script1534409363966.run(Script1534409363966.groovy:75)
	at com.kms.katalon.core.main.ScriptEngine.run(ScriptEngine.java:183)
	at com.kms.katalon.core.main.ScriptEngine.runScriptAsRawText(ScriptEngine.java:108)
	at com.kms.katalon.core.main.TestCaseExecutor.runScript(TestCaseExecutor.java:294)
	at com.kms.katalon.core.main.TestCaseExecutor.doExecute(TestCaseExecutor.java:285)
	at com.kms.katalon.core.main.TestCaseExecutor.processExecutionPhase(TestCaseExecutor.java:264)
	at com.kms.katalon.core.main.TestCaseExecutor.accessMainPhase(TestCaseExecutor.java:256)
	at com.kms.katalon.core.main.TestCaseExecutor.execute(TestCaseExecutor.java:200)
	at com.kms.katalon.core.main.TestSuiteExecutor.accessTestCaseMainPhase(TestSuiteExecutor.java:129)
	at com.kms.katalon.core.main.TestSuiteExecutor.accessTestSuiteMainPhase(TestSuiteExecutor.java:112)
	at com.kms.katalon.core.main.TestSuiteExecutor.execute(TestSuiteExecutor.java:81)
	at com.kms.katalon.core.main.TestCaseMain.startTestSuite(TestCaseMain.java:142)
	at com.kms.katalon.core.main.TestCaseMain$startTestSuite$0.call(Unknown Source)
	at org.codehaus.groovy.runtime.callsite.CallSiteArray.defaultCall(CallSiteArray.java:48)
	at org.codehaus.groovy.runtime.callsite.AbstractCallSite.call(AbstractCallSite.java:113)
	at org.codehaus.groovy.runtime.callsite.AbstractCallSite.call(AbstractCallSite.java:141)
	at TempTestSuite1542012289825.run(TempTestSuite1542012289825.groovy:36)
	at groovy.lang.GroovyShell.runScriptOrMainOrTestOrRunnable(GroovyShell.java:263)
	at groovy.lang.GroovyShell.run(GroovyShell.java:518)
	at groovy.lang.GroovyShell.run(GroovyShell.java:507)
	at groovy.ui.GroovyMain.processOnce(GroovyMain.java:653)
	at groovy.ui.GroovyMain.run(GroovyMain.java:384)
	at groovy.ui.GroovyMain.process(GroovyMain.java:370)
	at groovy.ui.GroovyMain.processArgs(GroovyMain.java:129)
	at groovy.ui.GroovyMain.main(GroovyMain.java:109)
	at sun.reflect.NativeMethodAccessorImpl.invoke0(Native Method)
	at sun.reflect.NativeMethodAccessorImpl.invoke(NativeMethodAccessorImpl.java:62)
	at sun.reflect.DelegatingMethodAccessorImpl.invoke(DelegatingMethodAccessorImpl.java:43)
	at java.lang.reflect.Method.invoke(Method.java:498)
	at org.codehaus.groovy.tools.GroovyStarter.rootLoader(GroovyStarter.java:109)
	at org.codehaus.groovy.tools.GroovyStarter.main(GroovyStarter.java:131)
)]]></system-err>
      </testcase>
      <testcase name="Test Cases/Customer/F11762-View Customer/QA-Add Edit Customer/US-Add Edit Customer/TC60523-Edit Customer" classname="Test Cases/Customer/F11762-View Customer/QA-Add Edit Customer/US-Add Edit Customer/TC60523-Edit Customer" status="FAILED">
         <failure type="FAILED" message="(Stack trace: com.kms.katalon.core.exception.StepFailedException: Unable to verify equal between actual object 'downtown Updated' and expected object '#101-5-87 - downtown Updated' (Root cause: Actual object 'downtown Updated' and expected object '#101-5-87 - downtown Updated' are not equal)
	at com.kms.katalon.core.keyword.internal.KeywordMain.stepFailed(KeywordMain.groovy:36)
	at com.kms.katalon.core.keyword.internal.KeywordMain.stepFailed(KeywordMain.groovy)
	at com.kms.katalon.core.keyword.internal.KeywordMain.runKeyword(KeywordMain.groovy:56)
	at com.kms.katalon.core.keyword.builtin.VerifyEqualKeyword.verifyEqual(VerifyEqualKeyword.groovy:64)
	at com.kms.katalon.core.keyword.builtin.VerifyEqualKeyword.execute(VerifyEqualKeyword.groovy:45)
	at com.kms.katalon.core.keyword.internal.KeywordExecutor.executeKeywordForPlatform(KeywordExecutor.groovy:53)
	at com.kms.katalon.core.keyword.BuiltinKeywords.verifyEqual(BuiltinKeywords.groovy:141)
	at sun.reflect.GeneratedMethodAccessor3.invoke(Unknown Source)
	at sun.reflect.DelegatingMethodAccessorImpl.invoke(DelegatingMethodAccessorImpl.java:43)
	at java.lang.reflect.Method.invoke(Method.java:498)
	at org.codehaus.groovy.reflection.CachedMethod.invoke(CachedMethod.java:93)
	at groovy.lang.MetaMethod.doMethodInvoke(MetaMethod.java:325)
	at groovy.lang.MetaClassImpl.invokeStaticMethod(MetaClassImpl.java:1469)
	at org.codehaus.groovy.runtime.callsite.StaticMetaClassSite.call(StaticMetaClassSite.java:53)
	at org.codehaus.groovy.runtime.callsite.CallSiteArray.defaultCall(CallSiteArray.java:48)
	at org.codehaus.groovy.runtime.callsite.AbstractCallSite.call(AbstractCallSite.java:113)
	at org.codehaus.groovy.runtime.callsite.AbstractCallSite.call(AbstractCallSite.java:133)
	at Script1534409363959.run(Script1534409363959.groovy:178)
	at com.kms.katalon.core.main.ScriptEngine.run(ScriptEngine.java:183)
	at com.kms.katalon.core.main.ScriptEngine.runScriptAsRawText(ScriptEngine.java:108)
	at com.kms.katalon.core.main.TestCaseExecutor.runScript(TestCaseExecutor.java:294)
	at com.kms.katalon.core.main.TestCaseExecutor.doExecute(TestCaseExecutor.java:285)
	at com.kms.katalon.core.main.TestCaseExecutor.processExecutionPhase(TestCaseExecutor.java:264)
	at com.kms.katalon.core.main.TestCaseExecutor.accessMainPhase(TestCaseExecutor.java:256)
	at com.kms.katalon.core.main.TestCaseExecutor.execute(TestCaseExecutor.java:200)
	at com.kms.katalon.core.main.TestSuiteExecutor.accessTestCaseMainPhase(TestSuiteExecutor.java:129)
	at com.kms.katalon.core.main.TestSuiteExecutor.accessTestSuiteMainPhase(TestSuiteExecutor.java:112)
	at com.kms.katalon.core.main.TestSuiteExecutor.execute(TestSuiteExecutor.java:81)
	at com.kms.katalon.core.main.TestCaseMain.startTestSuite(TestCaseMain.java:142)
	at com.kms.katalon.core.main.TestCaseMain$startTestSuite$0.call(Unknown Source)
	at org.codehaus.groovy.runtime.callsite.CallSiteArray.defaultCall(CallSiteArray.java:48)
	at org.codehaus.groovy.runtime.callsite.AbstractCallSite.call(AbstractCallSite.java:113)
	at org.codehaus.groovy.runtime.callsite.AbstractCallSite.call(AbstractCallSite.java:141)
	at TempTestSuite1542012289825.run(TempTestSuite1542012289825.groovy:36)
	at groovy.lang.GroovyShell.runScriptOrMainOrTestOrRunnable(GroovyShell.java:263)
	at groovy.lang.GroovyShell.run(GroovyShell.java:518)
	at groovy.lang.GroovyShell.run(GroovyShell.java:507)
	at groovy.ui.GroovyMain.processOnce(GroovyMain.java:653)
	at groovy.ui.GroovyMain.run(GroovyMain.java:384)
	at groovy.ui.GroovyMain.process(GroovyMain.java:370)
	at groovy.ui.GroovyMain.processArgs(GroovyMain.java:129)
	at groovy.ui.GroovyMain.main(GroovyMain.java:109)
	at sun.reflect.NativeMethodAccessorImpl.invoke0(Native Method)
	at sun.reflect.NativeMethodAccessorImpl.invoke(NativeMethodAccessorImpl.java:62)
	at sun.reflect.DelegatingMethodAccessorImpl.invoke(DelegatingMethodAccessorImpl.java:43)
	at java.lang.reflect.Method.invoke(Method.java:498)
	at org.codehaus.groovy.tools.GroovyStarter.rootLoader(GroovyStarter.java:109)
	at org.codehaus.groovy.tools.GroovyStarter.main(GroovyStarter.java:131)
)"/>
         <system-out><![CDATA[2018-11-12 14:16:07 - [TEST_CASE][FAILED] - Test Cases/Customer/F11762-View Customer/QA-Add Edit Customer/US-Add Edit Customer/TC60523-Edit Customer: Test Cases/Customer/F11762-View Customer/QA-Add Edit Customer/US-Add Edit Customer/TC60523-Edit Customer FAILED because (of) (Stack trace: com.kms.katalon.core.exception.StepFailedException: Unable to verify equal between actual object 'downtown Updated' and expected object '#101-5-87 - downtown Updated' (Root cause: Actual object 'downtown Updated' and expected object '#101-5-87 - downtown Updated' are not equal)
	at com.kms.katalon.core.keyword.internal.KeywordMain.stepFailed(KeywordMain.groovy:36)
	at com.kms.katalon.core.keyword.internal.KeywordMain.stepFailed(KeywordMain.groovy)
	at com.kms.katalon.core.keyword.internal.KeywordMain.runKeyword(KeywordMain.groovy:56)
	at com.kms.katalon.core.keyword.builtin.VerifyEqualKeyword.verifyEqual(VerifyEqualKeyword.groovy:64)
	at com.kms.katalon.core.keyword.builtin.VerifyEqualKeyword.execute(VerifyEqualKeyword.groovy:45)
	at com.kms.katalon.core.keyword.internal.KeywordExecutor.executeKeywordForPlatform(KeywordExecutor.groovy:53)
	at com.kms.katalon.core.keyword.BuiltinKeywords.verifyEqual(BuiltinKeywords.groovy:141)
	at sun.reflect.GeneratedMethodAccessor3.invoke(Unknown Source)
	at sun.reflect.DelegatingMethodAccessorImpl.invoke(DelegatingMethodAccessorImpl.java:43)
	at java.lang.reflect.Method.invoke(Method.java:498)
	at org.codehaus.groovy.reflection.CachedMethod.invoke(CachedMethod.java:93)
	at groovy.lang.MetaMethod.doMethodInvoke(MetaMethod.java:325)
	at groovy.lang.MetaClassImpl.invokeStaticMethod(MetaClassImpl.java:1469)
	at org.codehaus.groovy.runtime.callsite.StaticMetaClassSite.call(StaticMetaClassSite.java:53)
	at org.codehaus.groovy.runtime.callsite.CallSiteArray.defaultCall(CallSiteArray.java:48)
	at org.codehaus.groovy.runtime.callsite.AbstractCallSite.call(AbstractCallSite.java:113)
	at org.codehaus.groovy.runtime.callsite.AbstractCallSite.call(AbstractCallSite.java:133)
	at Script1534409363959.run(Script1534409363959.groovy:178)
	at com.kms.katalon.core.main.ScriptEngine.run(ScriptEngine.java:183)
	at com.kms.katalon.core.main.ScriptEngine.runScriptAsRawText(ScriptEngine.java:108)
	at com.kms.katalon.core.main.TestCaseExecutor.runScript(TestCaseExecutor.java:294)
	at com.kms.katalon.core.main.TestCaseExecutor.doExecute(TestCaseExecutor.java:285)
	at com.kms.katalon.core.main.TestCaseExecutor.processExecutionPhase(TestCaseExecutor.java:264)
	at com.kms.katalon.core.main.TestCaseExecutor.accessMainPhase(TestCaseExecutor.java:256)
	at com.kms.katalon.core.main.TestCaseExecutor.execute(TestCaseExecutor.java:200)
	at com.kms.katalon.core.main.TestSuiteExecutor.accessTestCaseMainPhase(TestSuiteExecutor.java:129)
	at com.kms.katalon.core.main.TestSuiteExecutor.accessTestSuiteMainPhase(TestSuiteExecutor.java:112)
	at com.kms.katalon.core.main.TestSuiteExecutor.execute(TestSuiteExecutor.java:81)
	at com.kms.katalon.core.main.TestCaseMain.startTestSuite(TestCaseMain.java:142)
	at com.kms.katalon.core.main.TestCaseMain$startTestSuite$0.call(Unknown Source)
	at org.codehaus.groovy.runtime.callsite.CallSiteArray.defaultCall(CallSiteArray.java:48)
	at org.codehaus.groovy.runtime.callsite.AbstractCallSite.call(AbstractCallSite.java:113)
	at org.codehaus.groovy.runtime.callsite.AbstractCallSite.call(AbstractCallSite.java:141)
	at TempTestSuite1542012289825.run(TempTestSuite1542012289825.groovy:36)
	at groovy.lang.GroovyShell.runScriptOrMainOrTestOrRunnable(GroovyShell.java:263)
	at groovy.lang.GroovyShell.run(GroovyShell.java:518)
	at groovy.lang.GroovyShell.run(GroovyShell.java:507)
	at groovy.ui.GroovyMain.processOnce(GroovyMain.java:653)
	at groovy.ui.GroovyMain.run(GroovyMain.java:384)
	at groovy.ui.GroovyMain.process(GroovyMain.java:370)
	at groovy.ui.GroovyMain.processArgs(GroovyMain.java:129)
	at groovy.ui.GroovyMain.main(GroovyMain.java:109)
	at sun.reflect.NativeMethodAccessorImpl.invoke0(Native Method)
	at sun.reflect.NativeMethodAccessorImpl.invoke(NativeMethodAccessorImpl.java:62)
	at sun.reflect.DelegatingMethodAccessorImpl.invoke(DelegatingMethodAccessorImpl.java:43)
	at java.lang.reflect.Method.invoke(Method.java:498)
	at org.codehaus.groovy.tools.GroovyStarter.rootLoader(GroovyStarter.java:109)
	at org.codehaus.groovy.tools.GroovyStarter.main(GroovyStarter.java:131)
)

2018-11-12 14:16:07 - [TEST_STEP][PASSED] - Start listener action : beforeTestCaseExecute: Navigate to 'http://localhost:8080/home' successfully

2018-11-12 14:16:07 - [TEST_STEP][PASSED] - Statement - If (isTestSuitEnable == true): Navigate to 'http://localhost:8080/home' successfully

2018-11-12 14:16:07 - [TEST_STEP][PASSED] - navigateToUrl: Navigate to 'http://localhost:8080/home' successfully

2018-11-12 14:16:08 - [MESSAGE][PASSED] - Navigate to 'http://localhost:8080/home' successfully

2018-11-12 14:16:08 - [TEST_STEP][PASSED] - delay: Delayed 3 second(s)

2018-11-12 14:16:11 - [MESSAGE][PASSED] - Delayed 3 second(s)

2018-11-12 14:16:11 - [TEST_STEP][PASSED] - com.ge.tms.commonactions.CommonClickEvents.clickOnManageCustomers: com.ge.tms.commonactions.CommonClickEvents.clickOnManageCustomers is PASSED

2018-11-12 14:16:11 - [MESSAGE][PASSED] - Execute JavaScript 'document.querySelector('px-app-nav').shadowRoot.querySelector('#items > px-app-nav-group:nth-child(13) > px-app-nav-subitem:nth-child(2)').click()' successfully

2018-11-12 14:16:12 - [MESSAGE][PASSED] - Delayed 1 second(s)

2018-11-12 14:16:12 - [MESSAGE][PASSED] - com.ge.tms.commonactions.CommonClickEvents.clickOnManageCustomers is PASSED

2018-11-12 14:16:12 - [TEST_STEP][PASSED] - com.ge.tms.customer.CustomerVerification.verifyCustomerPageHeader: com.ge.tms.customer.CustomerVerification.verifyCustomerPageHeader is PASSED

2018-11-12 14:16:12 - [MESSAGE][PASSED] - Send request successfully

2018-11-12 14:16:12 - [MESSAGE][PASSED] - Send request successfully

2018-11-12 14:16:12 - [MESSAGE][PASSED] - Send request successfully

2018-11-12 14:16:12 - [MESSAGE][PASSED] - Send request successfully

2018-11-12 14:16:12 - [MESSAGE][PASSED] - Send request successfully

2018-11-12 14:16:12 - [MESSAGE][PASSED] - Send request successfully

2018-11-12 14:16:12 - [MESSAGE][PASSED] - Send request successfully

2018-11-12 14:16:12 - [MESSAGE][PASSED] - Send request successfully

2018-11-12 14:16:12 - [MESSAGE][PASSED] - Send request successfully

2018-11-12 14:16:12 - [MESSAGE][PASSED] - Text of object 'Object Repository/F11762-View Customer/QA-US83146/US84104-View Customer/View Customer/CustomerPageObject/h1_Manage Customers' is: 'Customer Management'

2018-11-12 14:16:12 - [MESSAGE][PASSED] - Actual object 'Customer Management' and expected object 'Customer Management' are equal

2018-11-12 14:16:12 - [MESSAGE][PASSED] - com.ge.tms.customer.CustomerVerification.verifyCustomerPageHeader is PASSED

2018-11-12 14:16:12 - [TEST_STEP][PASSED] - com.ge.tms.customer.CustomerActions.selectNewlyCreatedCustomer: com.ge.tms.customer.CustomerActions.selectNewlyCreatedCustomer is PASSED

2018-11-12 14:16:12 - [MESSAGE][PASSED] - Send request successfully

2018-11-12 14:16:12 - [MESSAGE][PASSED] - Send request successfully

2018-11-12 14:16:12 - [MESSAGE][PASSED] - Send request successfully

2018-11-12 14:16:12 - [MESSAGE][PASSED] - Send request successfully

2018-11-12 14:16:13 - [MESSAGE][PASSED] - com.ge.tms.customer.CustomerActions.selectNewlyCreatedCustomer is PASSED

2018-11-12 14:16:13 - [TEST_STEP][PASSED] - com.ge.tms.commonactions.CommonClickEvents.clickOnCustomerActionsDropdown: com.ge.tms.commonactions.CommonClickEvents.clickOnCustomerActionsDropdown is PASSED

2018-11-12 14:16:13 - [MESSAGE][PASSED] - Execute JavaScript 'document.querySelector("#customer-actions-dropdown").shadowRoot.querySelector("#trigger").click()' successfully

2018-11-12 14:16:13 - [MESSAGE][PASSED] - com.ge.tms.commonactions.CommonClickEvents.clickOnCustomerActionsDropdown is PASSED

2018-11-12 14:16:13 - [TEST_STEP][PASSED] - executeJavaScript: Execute JavaScript 'return document.querySelectorAll("#root px-dropdown")[1].shadowRoot.querySelector("#content").shadowRoot.querySelector("#selector > div:nth-child(1) > span").click()' successfully

2018-11-12 14:16:13 - [MESSAGE][PASSED] - Execute JavaScript 'return document.querySelectorAll("#root px-dropdown")[1].shadowRoot.querySelector("#content").shadowRoot.querySelector("#selector > div:nth-child(1) > span").click()' successfully

2018-11-12 14:16:13 - [TEST_STEP][PASSED] - delay: Delayed 1 second(s)

2018-11-12 14:16:14 - [MESSAGE][PASSED] - Delayed 1 second(s)

2018-11-12 14:16:14 - [TEST_STEP][PASSED] - Statement - alternateCode = com.kms.katalon.core.webui.keyword.WebUiBuiltInKeywords.getAttribute(com.kms.katalon.core.testobject.ObjectRepository.findTestObject(Object Repository/F11762-View Customer/QA-US83146/US84104-View Customer/View Customer/CustomerPageObject/AddCustomer/AltCode), "value"): Attribute 'value' of object 'Object Repository/F11762-View Customer/QA-US83146/US84104-View Customer/View Customer/CustomerPageObject/AddCustomer/AltCode' is: 'alt10'

2018-11-12 14:16:14 - [MESSAGE][PASSED] - Attribute 'value' of object 'Object Repository/F11762-View Customer/QA-US83146/US84104-View Customer/View Customer/CustomerPageObject/AddCustomer/AltCode' is: 'alt10'

2018-11-12 14:16:14 - [TEST_STEP][PASSED] - Statement - attention = com.kms.katalon.core.webui.keyword.WebUiBuiltInKeywords.getAttribute(com.kms.katalon.core.testobject.ObjectRepository.findTestObject(Object Repository/F11762-View Customer/QA-US83146/US84104-View Customer/View Customer/CustomerPageObject/AddCustomer/Attention), "value"): Attribute 'value' of object 'Object Repository/F11762-View Customer/QA-US83146/US84104-View Customer/View Customer/CustomerPageObject/AddCustomer/Attention' is: 'Attention'

2018-11-12 14:16:14 - [MESSAGE][PASSED] - Attribute 'value' of object 'Object Repository/F11762-View Customer/QA-US83146/US84104-View Customer/View Customer/CustomerPageObject/AddCustomer/Attention' is: 'Attention'

2018-11-12 14:16:14 - [TEST_STEP][PASSED] - Statement - address2 = com.kms.katalon.core.webui.keyword.WebUiBuiltInKeywords.getAttribute(com.kms.katalon.core.testobject.ObjectRepository.findTestObject(Object Repository/F11762-View Customer/QA-US83146/US84104-View Customer/View Customer/CustomerPageObject/AddCustomer/AddressKey2), "value"): Attribute 'value' of object 'Object Repository/F11762-View Customer/QA-US83146/US84104-View Customer/View Customer/CustomerPageObject/AddCustomer/AddressKey2' is: 'downtown'

2018-11-12 14:16:14 - [MESSAGE][PASSED] - Attribute 'value' of object 'Object Repository/F11762-View Customer/QA-US83146/US84104-View Customer/View Customer/CustomerPageObject/AddCustomer/AddressKey2' is: 'downtown'

2018-11-12 14:16:14 - [TEST_STEP][PASSED] - Statement - milePost = com.kms.katalon.core.webui.keyword.WebUiBuiltInKeywords.getAttribute(com.kms.katalon.core.testobject.ObjectRepository.findTestObject(Object Repository/F11762-View Customer/QA-US83146/US84104-View Customer/View Customer/CustomerPageObject/AddCustomer/MilePost), "value"): Attribute 'value' of object 'Object Repository/F11762-View Customer/QA-US83146/US84104-View Customer/View Customer/CustomerPageObject/AddCustomer/MilePost' is: '100'

2018-11-12 14:16:14 - [MESSAGE][PASSED] - Attribute 'value' of object 'Object Repository/F11762-View Customer/QA-US83146/US84104-View Customer/View Customer/CustomerPageObject/AddCustomer/MilePost' is: '100'

2018-11-12 14:16:14 - [TEST_STEP][PASSED] - clearText: Text of object 'Object Repository/F11762-View Customer/QA-US83146/US84104-View Customer/View Customer/CustomerPageObject/AddCustomer/AltCode' is cleared

2018-11-12 14:16:14 - [MESSAGE][PASSED] - Text of object 'Object Repository/F11762-View Customer/QA-US83146/US84104-View Customer/View Customer/CustomerPageObject/AddCustomer/AltCode' is cleared

2018-11-12 14:16:14 - [TEST_STEP][PASSED] - Statement - alternateCodeToUpdate = alternateCode + "Up": null

2018-11-12 14:16:14 - [TEST_STEP][PASSED] - setText: Text 'alt10Up' is set on object 'Object Repository/F11762-View Customer/QA-US83146/US84104-View Customer/View Customer/CustomerPageObject/AddCustomer/AltCode'

2018-11-12 14:16:14 - [MESSAGE][PASSED] - Text 'alt10Up' is set on object 'Object Repository/F11762-View Customer/QA-US83146/US84104-View Customer/View Customer/CustomerPageObject/AddCustomer/AltCode'

2018-11-12 14:16:14 - [TEST_STEP][PASSED] - clearText: Text of object 'Object Repository/F11762-View Customer/QA-US83146/US84104-View Customer/View Customer/CustomerPageObject/AddCustomer/Attention' is cleared

2018-11-12 14:16:15 - [MESSAGE][PASSED] - Text of object 'Object Repository/F11762-View Customer/QA-US83146/US84104-View Customer/View Customer/CustomerPageObject/AddCustomer/Attention' is cleared

2018-11-12 14:16:15 - [TEST_STEP][PASSED] - Statement - attentionToUpdate = attention + " Updated": null

2018-11-12 14:16:15 - [TEST_STEP][PASSED] - setText: Text 'Attention Updated' is set on object 'Object Repository/F11762-View Customer/QA-US83146/US84104-View Customer/View Customer/CustomerPageObject/AddCustomer/Attention'

2018-11-12 14:16:15 - [MESSAGE][PASSED] - Text 'Attention Updated' is set on object 'Object Repository/F11762-View Customer/QA-US83146/US84104-View Customer/View Customer/CustomerPageObject/AddCustomer/Attention'

2018-11-12 14:16:15 - [TEST_STEP][PASSED] - clearText: Text of object 'Object Repository/F11762-View Customer/QA-US83146/US84104-View Customer/View Customer/CustomerPageObject/AddCustomer/AddressKey2' is cleared

2018-11-12 14:16:15 - [MESSAGE][PASSED] - Text of object 'Object Repository/F11762-View Customer/QA-US83146/US84104-View Customer/View Customer/CustomerPageObject/AddCustomer/AddressKey2' is cleared

2018-11-12 14:16:15 - [TEST_STEP][PASSED] - Statement - address2ToUpdate = address2 + " Updated": null

2018-11-12 14:16:15 - [TEST_STEP][PASSED] - setText: Text 'downtown Updated' is set on object 'Object Repository/F11762-View Customer/QA-US83146/US84104-View Customer/View Customer/CustomerPageObject/AddCustomer/AddressKey2'

2018-11-12 14:16:16 - [MESSAGE][PASSED] - Text 'downtown Updated' is set on object 'Object Repository/F11762-View Customer/QA-US83146/US84104-View Customer/View Customer/CustomerPageObject/AddCustomer/AddressKey2'

2018-11-12 14:16:16 - [TEST_STEP][PASSED] - clearText: Text of object 'Object Repository/F11762-View Customer/QA-US83146/US84104-View Customer/View Customer/CustomerPageObject/AddCustomer/MilePost' is cleared

2018-11-12 14:16:16 - [MESSAGE][PASSED] - Text of object 'Object Repository/F11762-View Customer/QA-US83146/US84104-View Customer/View Customer/CustomerPageObject/AddCustomer/MilePost' is cleared

2018-11-12 14:16:16 - [TEST_STEP][PASSED] - Statement - milePostToUpdate = milePost: null

2018-11-12 14:16:16 - [TEST_STEP][PASSED] - setText: Text '100' is set on object 'Object Repository/F11762-View Customer/QA-US83146/US84104-View Customer/View Customer/CustomerPageObject/AddCustomer/MilePost'

2018-11-12 14:16:16 - [MESSAGE][PASSED] - Text '100' is set on object 'Object Repository/F11762-View Customer/QA-US83146/US84104-View Customer/View Customer/CustomerPageObject/AddCustomer/MilePost'

2018-11-12 14:16:16 - [TEST_STEP][PASSED] - click: Object: 'Object Repository/F11762-View Customer/QA-US83146/US84104-View Customer/View Customer/CustomerPageObject/AddCustomer/SaveButton' is clicked on

2018-11-12 14:16:16 - [MESSAGE][PASSED] - Object: 'Object Repository/F11762-View Customer/QA-US83146/US84104-View Customer/View Customer/CustomerPageObject/AddCustomer/SaveButton' is clicked on

2018-11-12 14:16:16 - [TEST_STEP][PASSED] - delay: Delayed 1 second(s)

2018-11-12 14:16:17 - [MESSAGE][PASSED] - Delayed 1 second(s)

2018-11-12 14:16:17 - [TEST_STEP][PASSED] - Statement - alternateCodeModified = com.kms.katalon.core.webui.keyword.WebUiBuiltInKeywords.getText(com.kms.katalon.core.testobject.ObjectRepository.findTestObject(Object Repository/F11762-View Customer/QA-US83146/US84104-View Customer/View Customer/CustomerPageObject/rightPane/altCode)): Text of object 'Object Repository/F11762-View Customer/QA-US83146/US84104-View Customer/View Customer/CustomerPageObject/rightPane/altCode' is: 'alt10Up'

2018-11-12 14:16:17 - [MESSAGE][PASSED] - Text of object 'Object Repository/F11762-View Customer/QA-US83146/US84104-View Customer/View Customer/CustomerPageObject/rightPane/altCode' is: 'alt10Up'

2018-11-12 14:16:17 - [TEST_STEP][PASSED] - Statement - attentionModified = com.kms.katalon.core.webui.keyword.WebUiBuiltInKeywords.getText(com.kms.katalon.core.testobject.ObjectRepository.findTestObject(Object Repository/F11762-View Customer/QA-US83146/US84104-View Customer/View Customer/CustomerPageObject/rightPane/attention)): Text of object 'Object Repository/F11762-View Customer/QA-US83146/US84104-View Customer/View Customer/CustomerPageObject/rightPane/attention' is: 'Attention Updated'

2018-11-12 14:16:17 - [MESSAGE][PASSED] - Text of object 'Object Repository/F11762-View Customer/QA-US83146/US84104-View Customer/View Customer/CustomerPageObject/rightPane/attention' is: 'Attention Updated'

2018-11-12 14:16:17 - [TEST_STEP][PASSED] - Statement - address2Modified = com.kms.katalon.core.webui.keyword.WebUiBuiltInKeywords.getText(com.kms.katalon.core.testobject.ObjectRepository.findTestObject(Object Repository/F11762-View Customer/QA-US83146/US84104-View Customer/View Customer/CustomerPageObject/rightPane/address)): Text of object 'Object Repository/F11762-View Customer/QA-US83146/US84104-View Customer/View Customer/CustomerPageObject/rightPane/address' is: '#101-5-87 - downtown Updated'

2018-11-12 14:16:17 - [MESSAGE][PASSED] - Text of object 'Object Repository/F11762-View Customer/QA-US83146/US84104-View Customer/View Customer/CustomerPageObject/rightPane/address' is: '#101-5-87 - downtown Updated'

2018-11-12 14:16:17 - [TEST_STEP][PASSED] - Statement - milePostModified = com.kms.katalon.core.webui.keyword.WebUiBuiltInKeywords.getText(com.kms.katalon.core.testobject.ObjectRepository.findTestObject(Object Repository/F11762-View Customer/QA-US83146/US84104-View Customer/View Customer/CustomerPageObject/rightPane/milepost)): Text of object 'Object Repository/F11762-View Customer/QA-US83146/US84104-View Customer/View Customer/CustomerPageObject/rightPane/milepost' is: '100'

2018-11-12 14:16:17 - [MESSAGE][PASSED] - Text of object 'Object Repository/F11762-View Customer/QA-US83146/US84104-View Customer/View Customer/CustomerPageObject/rightPane/milepost' is: '100'

2018-11-12 14:16:17 - [TEST_STEP][FAILED] - verifyEqual: Unable to verify equal between actual object 'downtown Updated' and expected object '#101-5-87 - downtown Updated' (Root cause: Actual object 'downtown Updated' and expected object '#101-5-87 - downtown Updated' are not equal)

2018-11-12 14:16:17 - [MESSAGE][FAILED] - Unable to verify equal between actual object 'downtown Updated' and expected object '#101-5-87 - downtown Updated' (Root cause: Actual object 'downtown Updated' and expected object '#101-5-87 - downtown Updated' are not equal)

2018-11-12 14:16:17 - [TEST_STEP][PASSED] - Start listener action : closeBrowserForTestCasse: Navigate to 'http://localhost:8080/home' successfully

2018-11-12 14:16:17 - [TEST_STEP][PASSED] - Statement - If (isTestSuitEnable == true): null

2018-11-12 14:16:17 - [TEST_STEP][PASSED] - Statement - beforeTestCaseExecute(): null

2018-11-12 14:16:17 - [TEST_STEP][PASSED] - Statement - If (isTestSuitEnable == true): Navigate to 'http://localhost:8080/home' successfully

2018-11-12 14:16:17 - [TEST_STEP][PASSED] - navigateToUrl: Navigate to 'http://localhost:8080/home' successfully

2018-11-12 14:16:18 - [MESSAGE][PASSED] - Navigate to 'http://localhost:8080/home' successfully

2018-11-12 14:16:18 - [TEST_STEP][PASSED] - Start listener action : afterTestCase: Invoke 'com.kms.katalon.core.annotation.AfterTestCase' method: 'TmsTestListner.afterTestCase(...)' completed.

2018-11-12 14:16:18 - [TEST_STEP][PASSED] - Statement - If (java.lang.System.getProperties().containsKey("updateRally")): Invoke 'com.kms.katalon.core.annotation.AfterTestCase' method: 'TmsTestListner.afterTestCase(...)' completed.]]></system-out>
         <system-err><![CDATA[2018-11-12 14:16:07 - [TEST_CASE][FAILED] - Test Cases/Customer/F11762-View Customer/QA-Add Edit Customer/US-Add Edit Customer/TC60523-Edit Customer: Test Cases/Customer/F11762-View Customer/QA-Add Edit Customer/US-Add Edit Customer/TC60523-Edit Customer FAILED because (of) (Stack trace: com.kms.katalon.core.exception.StepFailedException: Unable to verify equal between actual object 'downtown Updated' and expected object '#101-5-87 - downtown Updated' (Root cause: Actual object 'downtown Updated' and expected object '#101-5-87 - downtown Updated' are not equal)
	at com.kms.katalon.core.keyword.internal.KeywordMain.stepFailed(KeywordMain.groovy:36)
	at com.kms.katalon.core.keyword.internal.KeywordMain.stepFailed(KeywordMain.groovy)
	at com.kms.katalon.core.keyword.internal.KeywordMain.runKeyword(KeywordMain.groovy:56)
	at com.kms.katalon.core.keyword.builtin.VerifyEqualKeyword.verifyEqual(VerifyEqualKeyword.groovy:64)
	at com.kms.katalon.core.keyword.builtin.VerifyEqualKeyword.execute(VerifyEqualKeyword.groovy:45)
	at com.kms.katalon.core.keyword.internal.KeywordExecutor.executeKeywordForPlatform(KeywordExecutor.groovy:53)
	at com.kms.katalon.core.keyword.BuiltinKeywords.verifyEqual(BuiltinKeywords.groovy:141)
	at sun.reflect.GeneratedMethodAccessor3.invoke(Unknown Source)
	at sun.reflect.DelegatingMethodAccessorImpl.invoke(DelegatingMethodAccessorImpl.java:43)
	at java.lang.reflect.Method.invoke(Method.java:498)
	at org.codehaus.groovy.reflection.CachedMethod.invoke(CachedMethod.java:93)
	at groovy.lang.MetaMethod.doMethodInvoke(MetaMethod.java:325)
	at groovy.lang.MetaClassImpl.invokeStaticMethod(MetaClassImpl.java:1469)
	at org.codehaus.groovy.runtime.callsite.StaticMetaClassSite.call(StaticMetaClassSite.java:53)
	at org.codehaus.groovy.runtime.callsite.CallSiteArray.defaultCall(CallSiteArray.java:48)
	at org.codehaus.groovy.runtime.callsite.AbstractCallSite.call(AbstractCallSite.java:113)
	at org.codehaus.groovy.runtime.callsite.AbstractCallSite.call(AbstractCallSite.java:133)
	at Script1534409363959.run(Script1534409363959.groovy:178)
	at com.kms.katalon.core.main.ScriptEngine.run(ScriptEngine.java:183)
	at com.kms.katalon.core.main.ScriptEngine.runScriptAsRawText(ScriptEngine.java:108)
	at com.kms.katalon.core.main.TestCaseExecutor.runScript(TestCaseExecutor.java:294)
	at com.kms.katalon.core.main.TestCaseExecutor.doExecute(TestCaseExecutor.java:285)
	at com.kms.katalon.core.main.TestCaseExecutor.processExecutionPhase(TestCaseExecutor.java:264)
	at com.kms.katalon.core.main.TestCaseExecutor.accessMainPhase(TestCaseExecutor.java:256)
	at com.kms.katalon.core.main.TestCaseExecutor.execute(TestCaseExecutor.java:200)
	at com.kms.katalon.core.main.TestSuiteExecutor.accessTestCaseMainPhase(TestSuiteExecutor.java:129)
	at com.kms.katalon.core.main.TestSuiteExecutor.accessTestSuiteMainPhase(TestSuiteExecutor.java:112)
	at com.kms.katalon.core.main.TestSuiteExecutor.execute(TestSuiteExecutor.java:81)
	at com.kms.katalon.core.main.TestCaseMain.startTestSuite(TestCaseMain.java:142)
	at com.kms.katalon.core.main.TestCaseMain$startTestSuite$0.call(Unknown Source)
	at org.codehaus.groovy.runtime.callsite.CallSiteArray.defaultCall(CallSiteArray.java:48)
	at org.codehaus.groovy.runtime.callsite.AbstractCallSite.call(AbstractCallSite.java:113)
	at org.codehaus.groovy.runtime.callsite.AbstractCallSite.call(AbstractCallSite.java:141)
	at TempTestSuite1542012289825.run(TempTestSuite1542012289825.groovy:36)
	at groovy.lang.GroovyShell.runScriptOrMainOrTestOrRunnable(GroovyShell.java:263)
	at groovy.lang.GroovyShell.run(GroovyShell.java:518)
	at groovy.lang.GroovyShell.run(GroovyShell.java:507)
	at groovy.ui.GroovyMain.processOnce(GroovyMain.java:653)
	at groovy.ui.GroovyMain.run(GroovyMain.java:384)
	at groovy.ui.GroovyMain.process(GroovyMain.java:370)
	at groovy.ui.GroovyMain.processArgs(GroovyMain.java:129)
	at groovy.ui.GroovyMain.main(GroovyMain.java:109)
	at sun.reflect.NativeMethodAccessorImpl.invoke0(Native Method)
	at sun.reflect.NativeMethodAccessorImpl.invoke(NativeMethodAccessorImpl.java:62)
	at sun.reflect.DelegatingMethodAccessorImpl.invoke(DelegatingMethodAccessorImpl.java:43)
	at java.lang.reflect.Method.invoke(Method.java:498)
	at org.codehaus.groovy.tools.GroovyStarter.rootLoader(GroovyStarter.java:109)
	at org.codehaus.groovy.tools.GroovyStarter.main(GroovyStarter.java:131)
)]]></system-err>
      </testcase>
      <testcase name="Test Cases/Customer/F11762-View Customer/QA-Add Edit Customer/US-Add Edit Customer/TC60946-AddCustomerValidations" classname="Test Cases/Customer/F11762-View Customer/QA-Add Edit Customer/US-Add Edit Customer/TC60946-AddCustomerValidations" status="FAILED">
         <failure type="FAILED" message="(Stack trace: com.kms.katalon.core.exception.StepFailedException: Unable to execute JavaScript. (Root cause: org.openqa.selenium.WebDriverException: unknown error: Cannot read property 'click' of null
  (Session info: chrome=70.0.3538.77)
  (Driver info: chromedriver=2.35.528157 (4429ca2590d6988c0745c24c8858745aaaec01ef),platform=Mac OS X 10.11.6 x86_64) (WARNING: The server did not provide any stacktrace information)
Command duration or timeout: 0 milliseconds
Build info: version: '3.7.1', revision: '8a0099a', time: '2017-11-06T21:07:36.161Z'
System info: host: '1178578-C02PQD87G8WP', ip: '10.185.118.121', os.name: 'Mac OS X', os.arch: 'x86_64', os.version: '10.11.6', java.version: '1.8.0_181'
Driver info: com.kms.katalon.selenium.driver.CChromeDriver
Capabilities {acceptInsecureCerts: false, acceptSslCerts: false, applicationCacheEnabled: false, browserConnectionEnabled: false, browserName: chrome, chrome: {chromedriverVersion: 2.35.528157 (4429ca2590d698..., userDataDir: /var/folders/v8/f0z37r110rl...}, cssSelectorsEnabled: true, databaseEnabled: false, handlesAlerts: true, hasTouchScreen: false, javascriptEnabled: true, locationContextEnabled: true, mobileEmulationEnabled: false, nativeEvents: true, networkConnectionEnabled: false, pageLoadStrategy: normal, platform: MAC, platformName: MAC, rotatable: false, setWindowRect: true, takesHeapSnapshot: true, takesScreenshot: true, unexpectedAlertBehaviour: , unhandledPromptBehavior: , version: 70.0.3538.77, webStorageEnabled: true}
Session ID: 6e62ee05b762906c1c36b7807cbca1b7)
	at com.kms.katalon.core.keyword.internal.KeywordMain.stepFailed(KeywordMain.groovy:36)
	at com.kms.katalon.core.webui.keyword.internal.WebUIKeywordMain.stepFailed(WebUIKeywordMain.groovy:65)
	at com.kms.katalon.core.webui.keyword.internal.WebUIKeywordMain.runKeyword(WebUIKeywordMain.groovy:27)
	at com.kms.katalon.core.webui.keyword.builtin.ExecuteJavaScriptKeyword.executeJavascript(ExecuteJavascriptKeyword.groovy:42)
	at com.kms.katalon.core.webui.keyword.builtin.ExecuteJavaScriptKeyword.execute(ExecuteJavascriptKeyword.groovy:37)
	at com.kms.katalon.core.keyword.internal.KeywordExecutor.executeKeywordForPlatform(KeywordExecutor.groovy:53)
	at com.kms.katalon.core.webui.keyword.WebUiBuiltInKeywords.executeJavaScript(WebUiBuiltInKeywords.groovy:3787)
	at com.kms.katalon.core.webui.keyword.WebUiBuiltInKeywords$executeJavaScript$5.call(Unknown Source)
	at org.codehaus.groovy.runtime.callsite.CallSiteArray.defaultCall(CallSiteArray.java:48)
	at org.codehaus.groovy.runtime.callsite.AbstractCallSite.call(AbstractCallSite.java:113)
	at org.codehaus.groovy.runtime.callsite.AbstractCallSite.call(AbstractCallSite.java:133)
	at Script1534409363970.run(Script1534409363970.groovy:91)
	at com.kms.katalon.core.main.ScriptEngine.run(ScriptEngine.java:183)
	at com.kms.katalon.core.main.ScriptEngine.runScriptAsRawText(ScriptEngine.java:108)
	at com.kms.katalon.core.main.TestCaseExecutor.runScript(TestCaseExecutor.java:294)
	at com.kms.katalon.core.main.TestCaseExecutor.doExecute(TestCaseExecutor.java:285)
	at com.kms.katalon.core.main.TestCaseExecutor.processExecutionPhase(TestCaseExecutor.java:264)
	at com.kms.katalon.core.main.TestCaseExecutor.accessMainPhase(TestCaseExecutor.java:256)
	at com.kms.katalon.core.main.TestCaseExecutor.execute(TestCaseExecutor.java:200)
	at com.kms.katalon.core.main.TestSuiteExecutor.accessTestCaseMainPhase(TestSuiteExecutor.java:129)
	at com.kms.katalon.core.main.TestSuiteExecutor.accessTestSuiteMainPhase(TestSuiteExecutor.java:112)
	at com.kms.katalon.core.main.TestSuiteExecutor.execute(TestSuiteExecutor.java:81)
	at com.kms.katalon.core.main.TestCaseMain.startTestSuite(TestCaseMain.java:142)
	at com.kms.katalon.core.main.TestCaseMain$startTestSuite$0.call(Unknown Source)
	at org.codehaus.groovy.runtime.callsite.CallSiteArray.defaultCall(CallSiteArray.java:48)
	at org.codehaus.groovy.runtime.callsite.AbstractCallSite.call(AbstractCallSite.java:113)
	at org.codehaus.groovy.runtime.callsite.AbstractCallSite.call(AbstractCallSite.java:141)
	at TempTestSuite1542012289825.run(TempTestSuite1542012289825.groovy:36)
	at groovy.lang.GroovyShell.runScriptOrMainOrTestOrRunnable(GroovyShell.java:263)
	at groovy.lang.GroovyShell.run(GroovyShell.java:518)
	at groovy.lang.GroovyShell.run(GroovyShell.java:507)
	at groovy.ui.GroovyMain.processOnce(GroovyMain.java:653)
	at groovy.ui.GroovyMain.run(GroovyMain.java:384)
	at groovy.ui.GroovyMain.process(GroovyMain.java:370)
	at groovy.ui.GroovyMain.processArgs(GroovyMain.java:129)
	at groovy.ui.GroovyMain.main(GroovyMain.java:109)
	at sun.reflect.NativeMethodAccessorImpl.invoke0(Native Method)
	at sun.reflect.NativeMethodAccessorImpl.invoke(NativeMethodAccessorImpl.java:62)
	at sun.reflect.DelegatingMethodAccessorImpl.invoke(DelegatingMethodAccessorImpl.java:43)
	at java.lang.reflect.Method.invoke(Method.java:498)
	at org.codehaus.groovy.tools.GroovyStarter.rootLoader(GroovyStarter.java:109)
	at org.codehaus.groovy.tools.GroovyStarter.main(GroovyStarter.java:131)
)"/>
         <system-out><![CDATA[2018-11-12 14:16:18 - [TEST_CASE][FAILED] - Test Cases/Customer/F11762-View Customer/QA-Add Edit Customer/US-Add Edit Customer/TC60946-AddCustomerValidations: Test Cases/Customer/F11762-View Customer/QA-Add Edit Customer/US-Add Edit Customer/TC60946-AddCustomerValidations FAILED because (of) (Stack trace: com.kms.katalon.core.exception.StepFailedException: Unable to execute JavaScript. (Root cause: org.openqa.selenium.WebDriverException: unknown error: Cannot read property 'click' of null
  (Session info: chrome=70.0.3538.77)
  (Driver info: chromedriver=2.35.528157 (4429ca2590d6988c0745c24c8858745aaaec01ef),platform=Mac OS X 10.11.6 x86_64) (WARNING: The server did not provide any stacktrace information)
Command duration or timeout: 0 milliseconds
Build info: version: '3.7.1', revision: '8a0099a', time: '2017-11-06T21:07:36.161Z'
System info: host: '1178578-C02PQD87G8WP', ip: '10.185.118.121', os.name: 'Mac OS X', os.arch: 'x86_64', os.version: '10.11.6', java.version: '1.8.0_181'
Driver info: com.kms.katalon.selenium.driver.CChromeDriver
Capabilities {acceptInsecureCerts: false, acceptSslCerts: false, applicationCacheEnabled: false, browserConnectionEnabled: false, browserName: chrome, chrome: {chromedriverVersion: 2.35.528157 (4429ca2590d698..., userDataDir: /var/folders/v8/f0z37r110rl...}, cssSelectorsEnabled: true, databaseEnabled: false, handlesAlerts: true, hasTouchScreen: false, javascriptEnabled: true, locationContextEnabled: true, mobileEmulationEnabled: false, nativeEvents: true, networkConnectionEnabled: false, pageLoadStrategy: normal, platform: MAC, platformName: MAC, rotatable: false, setWindowRect: true, takesHeapSnapshot: true, takesScreenshot: true, unexpectedAlertBehaviour: , unhandledPromptBehavior: , version: 70.0.3538.77, webStorageEnabled: true}
Session ID: 6e62ee05b762906c1c36b7807cbca1b7)
	at com.kms.katalon.core.keyword.internal.KeywordMain.stepFailed(KeywordMain.groovy:36)
	at com.kms.katalon.core.webui.keyword.internal.WebUIKeywordMain.stepFailed(WebUIKeywordMain.groovy:65)
	at com.kms.katalon.core.webui.keyword.internal.WebUIKeywordMain.runKeyword(WebUIKeywordMain.groovy:27)
	at com.kms.katalon.core.webui.keyword.builtin.ExecuteJavaScriptKeyword.executeJavascript(ExecuteJavascriptKeyword.groovy:42)
	at com.kms.katalon.core.webui.keyword.builtin.ExecuteJavaScriptKeyword.execute(ExecuteJavascriptKeyword.groovy:37)
	at com.kms.katalon.core.keyword.internal.KeywordExecutor.executeKeywordForPlatform(KeywordExecutor.groovy:53)
	at com.kms.katalon.core.webui.keyword.WebUiBuiltInKeywords.executeJavaScript(WebUiBuiltInKeywords.groovy:3787)
	at com.kms.katalon.core.webui.keyword.WebUiBuiltInKeywords$executeJavaScript$5.call(Unknown Source)
	at org.codehaus.groovy.runtime.callsite.CallSiteArray.defaultCall(CallSiteArray.java:48)
	at org.codehaus.groovy.runtime.callsite.AbstractCallSite.call(AbstractCallSite.java:113)
	at org.codehaus.groovy.runtime.callsite.AbstractCallSite.call(AbstractCallSite.java:133)
	at Script1534409363970.run(Script1534409363970.groovy:91)
	at com.kms.katalon.core.main.ScriptEngine.run(ScriptEngine.java:183)
	at com.kms.katalon.core.main.ScriptEngine.runScriptAsRawText(ScriptEngine.java:108)
	at com.kms.katalon.core.main.TestCaseExecutor.runScript(TestCaseExecutor.java:294)
	at com.kms.katalon.core.main.TestCaseExecutor.doExecute(TestCaseExecutor.java:285)
	at com.kms.katalon.core.main.TestCaseExecutor.processExecutionPhase(TestCaseExecutor.java:264)
	at com.kms.katalon.core.main.TestCaseExecutor.accessMainPhase(TestCaseExecutor.java:256)
	at com.kms.katalon.core.main.TestCaseExecutor.execute(TestCaseExecutor.java:200)
	at com.kms.katalon.core.main.TestSuiteExecutor.accessTestCaseMainPhase(TestSuiteExecutor.java:129)
	at com.kms.katalon.core.main.TestSuiteExecutor.accessTestSuiteMainPhase(TestSuiteExecutor.java:112)
	at com.kms.katalon.core.main.TestSuiteExecutor.execute(TestSuiteExecutor.java:81)
	at com.kms.katalon.core.main.TestCaseMain.startTestSuite(TestCaseMain.java:142)
	at com.kms.katalon.core.main.TestCaseMain$startTestSuite$0.call(Unknown Source)
	at org.codehaus.groovy.runtime.callsite.CallSiteArray.defaultCall(CallSiteArray.java:48)
	at org.codehaus.groovy.runtime.callsite.AbstractCallSite.call(AbstractCallSite.java:113)
	at org.codehaus.groovy.runtime.callsite.AbstractCallSite.call(AbstractCallSite.java:141)
	at TempTestSuite1542012289825.run(TempTestSuite1542012289825.groovy:36)
	at groovy.lang.GroovyShell.runScriptOrMainOrTestOrRunnable(GroovyShell.java:263)
	at groovy.lang.GroovyShell.run(GroovyShell.java:518)
	at groovy.lang.GroovyShell.run(GroovyShell.java:507)
	at groovy.ui.GroovyMain.processOnce(GroovyMain.java:653)
	at groovy.ui.GroovyMain.run(GroovyMain.java:384)
	at groovy.ui.GroovyMain.process(GroovyMain.java:370)
	at groovy.ui.GroovyMain.processArgs(GroovyMain.java:129)
	at groovy.ui.GroovyMain.main(GroovyMain.java:109)
	at sun.reflect.NativeMethodAccessorImpl.invoke0(Native Method)
	at sun.reflect.NativeMethodAccessorImpl.invoke(NativeMethodAccessorImpl.java:62)
	at sun.reflect.DelegatingMethodAccessorImpl.invoke(DelegatingMethodAccessorImpl.java:43)
	at java.lang.reflect.Method.invoke(Method.java:498)
	at org.codehaus.groovy.tools.GroovyStarter.rootLoader(GroovyStarter.java:109)
	at org.codehaus.groovy.tools.GroovyStarter.main(GroovyStarter.java:131)
)

2018-11-12 14:16:18 - [TEST_STEP][PASSED] - Start listener action : beforeTestCaseExecute: Navigate to 'http://localhost:8080/home' successfully

2018-11-12 14:16:18 - [TEST_STEP][PASSED] - Statement - If (isTestSuitEnable == true): Navigate to 'http://localhost:8080/home' successfully

2018-11-12 14:16:18 - [TEST_STEP][PASSED] - navigateToUrl: Navigate to 'http://localhost:8080/home' successfully

2018-11-12 14:16:19 - [MESSAGE][PASSED] - Navigate to 'http://localhost:8080/home' successfully

2018-11-12 14:16:19 - [TEST_STEP][PASSED] - com.ge.tms.commonactions.CommonClickEvents.clickOnManageCustomers: com.ge.tms.commonactions.CommonClickEvents.clickOnManageCustomers is PASSED

2018-11-12 14:16:19 - [MESSAGE][PASSED] - Execute JavaScript 'document.querySelector('px-app-nav').shadowRoot.querySelector('#items > px-app-nav-group:nth-child(13) > px-app-nav-subitem:nth-child(2)').click()' successfully

2018-11-12 14:16:20 - [MESSAGE][PASSED] - Delayed 1 second(s)

2018-11-12 14:16:20 - [MESSAGE][PASSED] - com.ge.tms.commonactions.CommonClickEvents.clickOnManageCustomers is PASSED

2018-11-12 14:16:20 - [TEST_STEP][PASSED] - com.ge.tms.customer.CustomerVerification.verifyCustomerPageHeader: com.ge.tms.customer.CustomerVerification.verifyCustomerPageHeader is PASSED

2018-11-12 14:16:20 - [MESSAGE][PASSED] - Send request successfully

2018-11-12 14:16:20 - [MESSAGE][PASSED] - Send request successfully

2018-11-12 14:16:20 - [MESSAGE][PASSED] - Send request successfully

2018-11-12 14:16:20 - [MESSAGE][PASSED] - Send request successfully

2018-11-12 14:16:20 - [MESSAGE][PASSED] - Send request successfully

2018-11-12 14:16:20 - [MESSAGE][PASSED] - Send request successfully

2018-11-12 14:16:20 - [MESSAGE][PASSED] - Send request successfully

2018-11-12 14:16:20 - [MESSAGE][PASSED] - Send request successfully

2018-11-12 14:16:20 - [MESSAGE][PASSED] - Send request successfully

2018-11-12 14:16:20 - [MESSAGE][PASSED] - Text of object 'Object Repository/F11762-View Customer/QA-US83146/US84104-View Customer/View Customer/CustomerPageObject/h1_Manage Customers' is: 'Customer Management'

2018-11-12 14:16:20 - [MESSAGE][PASSED] - Actual object 'Customer Management' and expected object 'Customer Management' are equal

2018-11-12 14:16:20 - [MESSAGE][PASSED] - com.ge.tms.customer.CustomerVerification.verifyCustomerPageHeader is PASSED

2018-11-12 14:16:20 - [TEST_STEP][PASSED] - click: Object: 'Object Repository/F11762-View Customer/QA-US83146/US84104-View Customer/View Customer/CustomerPageObject/AddCustomer/AddCustomerButton' is clicked on

2018-11-12 14:16:20 - [MESSAGE][PASSED] - Object: 'Object Repository/F11762-View Customer/QA-US83146/US84104-View Customer/View Customer/CustomerPageObject/AddCustomer/AddCustomerButton' is clicked on

2018-11-12 14:16:20 - [TEST_STEP][PASSED] - delay: Delayed 1 second(s)

2018-11-12 14:16:21 - [MESSAGE][PASSED] - Delayed 1 second(s)

2018-11-12 14:16:21 - [TEST_STEP][PASSED] - Statement - saveButtonObject = com.kms.katalon.core.testobject.ObjectRepository.findTestObject(Object Repository/F11762-View Customer/QA-US83146/US84104-View Customer/View Customer/CustomerPageObject/AddCustomer/SaveButton): Finding Test Object with id 'Object Repository/F11762-View Customer/QA-US83146/US84104-View Customer/View Customer/CustomerPageObject/AddCustomer/SaveButton'

2018-11-12 14:16:21 - [TEST_STEP][PASSED] - com.ge.tms.customer.CustomerVerification.verifySaveButtonDisabled: com.ge.tms.customer.CustomerVerification.verifySaveButtonDisabled is PASSED

2018-11-12 14:16:21 - [MESSAGE][PASSED] - Send request successfully

2018-11-12 14:16:21 - [MESSAGE][PASSED] - Send request successfully

2018-11-12 14:16:21 - [MESSAGE][PASSED] - Send request successfully

2018-11-12 14:16:21 - [MESSAGE][PASSED] - Send request successfully

2018-11-12 14:16:21 - [MESSAGE][PASSED] - Send request successfully

2018-11-12 14:16:21 - [MESSAGE][PASSED] - Send request successfully

2018-11-12 14:16:21 - [MESSAGE][PASSED] - Send request successfully

2018-11-12 14:16:21 - [MESSAGE][PASSED] - Send request successfully

2018-11-12 14:16:21 - [MESSAGE][PASSED] - Send request successfully

2018-11-12 14:16:21 - [MESSAGE][PASSED] - Attribute 'class' of object 'Object Repository/F11762-View Customer/QA-US83146/US84104-View Customer/View Customer/CustomerPageObject/AddCustomer/SaveButton' is: 'btn btn--disabled btn--call-to-action float--right u-mr'

2018-11-12 14:16:21 - [MESSAGE][PASSED] - Actual object 'true' and expected object 'true' are equal

2018-11-12 14:16:21 - [MESSAGE][PASSED] - com.ge.tms.customer.CustomerVerification.verifySaveButtonDisabled is PASSED

2018-11-12 14:16:21 - [TEST_STEP][PASSED] - Statement - cancelButtonText = com.kms.katalon.core.webui.keyword.WebUiBuiltInKeywords.getText(com.kms.katalon.core.testobject.ObjectRepository.findTestObject(Object Repository/F11762-View Customer/QA-US83146/US84104-View Customer/View Customer/CustomerPageObject/AddCustomer/CancelButton)): Text of object 'Object Repository/F11762-View Customer/QA-US83146/US84104-View Customer/View Customer/CustomerPageObject/AddCustomer/CancelButton' is: 'Cancel'

2018-11-12 14:16:21 - [MESSAGE][PASSED] - Text of object 'Object Repository/F11762-View Customer/QA-US83146/US84104-View Customer/View Customer/CustomerPageObject/AddCustomer/CancelButton' is: 'Cancel'

2018-11-12 14:16:21 - [TEST_STEP][PASSED] - verifyEqual: Actual object 'Cancel' and expected object 'Cancel' are equal

2018-11-12 14:16:21 - [MESSAGE][PASSED] - Actual object 'Cancel' and expected object 'Cancel' are equal

2018-11-12 14:16:21 - [TEST_STEP][PASSED] - com.ge.tms.customer.CustomerVerification.verifyMandatoryFieldsErrorMessages: com.ge.tms.customer.CustomerVerification.verifyMandatoryFieldsErrorMessages is PASSED

2018-11-12 14:16:21 - [MESSAGE][PASSED] - Send request successfully

2018-11-12 14:16:21 - [MESSAGE][PASSED] - Send request successfully

2018-11-12 14:16:21 - [MESSAGE][PASSED] - Send request successfully

2018-11-12 14:16:21 - [MESSAGE][PASSED] - Send request successfully

2018-11-12 14:16:21 - [MESSAGE][PASSED] - Send request successfully

2018-11-12 14:16:21 - [MESSAGE][PASSED] - Send request successfully

2018-11-12 14:16:21 - [MESSAGE][PASSED] - Send request successfully

2018-11-12 14:16:21 - [MESSAGE][PASSED] - Send request successfully

2018-11-12 14:16:21 - [MESSAGE][PASSED] - Send request successfully

2018-11-12 14:16:22 - [MESSAGE][PASSED] - Text 'a' is set on object 'Object Repository/F11762-View Customer/QA-US83146/US84104-View Customer/View Customer/CustomerPageObject/AddCustomer/customerName'

2018-11-12 14:16:22 - [MESSAGE][PASSED] - Keys '' sent to object: 'Object Repository/F11762-View Customer/QA-US83146/US84104-View Customer/View Customer/CustomerPageObject/AddCustomer/customerName'

2018-11-12 14:16:22 - [MESSAGE][PASSED] - Text '1' is set on object 'Object Repository/F11762-View Customer/QA-US83146/US84104-View Customer/View Customer/CustomerPageObject/AddCustomer/customerId'

2018-11-12 14:16:22 - [MESSAGE][PASSED] - Keys '' sent to object: 'Object Repository/F11762-View Customer/QA-US83146/US84104-View Customer/View Customer/CustomerPageObject/AddCustomer/customerId'

2018-11-12 14:16:22 - [MESSAGE][PASSED] - Text 'a' is set on object 'Object Repository/F11762-View Customer/QA-US83146/US84104-View Customer/View Customer/CustomerPageObject/AddCustomer/AddressKey'

2018-11-12 14:16:22 - [MESSAGE][PASSED] - Keys '' sent to object: 'Object Repository/F11762-View Customer/QA-US83146/US84104-View Customer/View Customer/CustomerPageObject/AddCustomer/AddressKey'

2018-11-12 14:16:22 - [MESSAGE][PASSED] - Execute JavaScript 'document.querySelector("#customer-type").shadowRoot.querySelector("#content").shadowRoot.querySelector("#selector > div:nth-child(1)").click()' successfully

2018-11-12 14:16:22 - [MESSAGE][PASSED] - Execute JavaScript 'document.querySelector("#customer-type").shadowRoot.querySelector("#trigger").click()' successfully

2018-11-12 14:16:22 - [MESSAGE][PASSED] - Execute JavaScript 'document.querySelector("#customer-type").shadowRoot.querySelector("#trigger").shadowRoot.querySelector("#trigger > px-icon:nth-child(4)").click()' successfully

2018-11-12 14:16:23 - [MESSAGE][PASSED] - Keys '	' sent to object: 'Object Repository/F11762-View Customer/QA-US83146/US84104-View Customer/View Customer/CustomerPageObject/AddCustomer/AddressKey'

2018-11-12 14:16:25 - [MESSAGE][PASSED] - Delayed 2 second(s)

2018-11-12 14:16:25 - [MESSAGE][PASSED] - Text of object 'Object Repository/F11762-View Customer/QA-US83146/US84104-View Customer/View Customer/CustomerPageObject/AddCustomer/custNameErrorMsg' is: 'CUSTOMER NAME CANNOT BE EMPTY'

2018-11-12 14:16:25 - [MESSAGE][PASSED] - Text of object 'Object Repository/F11762-View Customer/QA-US83146/US84104-View Customer/View Customer/CustomerPageObject/AddCustomer/customerIdErrorMsg' is: 'CUSTOMER ID CANNOT BE EMPTY'

2018-11-12 14:16:25 - [MESSAGE][PASSED] - Text of object 'Object Repository/F11762-View Customer/QA-US83146/US84104-View Customer/View Customer/CustomerPageObject/AddCustomer/addressKeyErrorMsg' is: 'CUSTOMER ADDRESS TYPE CANNOT BE EMPTY'

2018-11-12 14:16:25 - [MESSAGE][PASSED] - Text of object 'Object Repository/F11762-View Customer/QA-US83146/US84104-View Customer/View Customer/CustomerPageObject/AddCustomer/customerTypeErrorMsg' is: 'CUSTOMER TYPE CANNOT BE EMPTY'

2018-11-12 14:16:25 - [MESSAGE][PASSED] - Actual object 'CUSTOMER NAME CANNOT BE EMPTY' and expected object 'CUSTOMER NAME CANNOT BE EMPTY' are equal

2018-11-12 14:16:25 - [MESSAGE][PASSED] - Actual object 'CUSTOMER ID CANNOT BE EMPTY' and expected object 'CUSTOMER ID CANNOT BE EMPTY' are equal

2018-11-12 14:16:25 - [MESSAGE][PASSED] - Actual object 'CUSTOMER ADDRESS TYPE CANNOT BE EMPTY' and expected object 'CUSTOMER ADDRESS TYPE CANNOT BE EMPTY' are equal

2018-11-12 14:16:25 - [MESSAGE][PASSED] - Actual object 'CUSTOMER TYPE CANNOT BE EMPTY' and expected object 'CUSTOMER TYPE CANNOT BE EMPTY' are equal

2018-11-12 14:16:25 - [MESSAGE][PASSED] - Text '@' is set on object 'Object Repository/F11762-View Customer/QA-US83146/US84104-View Customer/View Customer/CustomerPageObject/AddCustomer/customerId'

2018-11-12 14:16:25 - [MESSAGE][PASSED] - Keys '	' sent to object: 'Object Repository/F11762-View Customer/QA-US83146/US84104-View Customer/View Customer/CustomerPageObject/AddCustomer/customerId'

2018-11-12 14:16:25 - [MESSAGE][PASSED] - Text of object 'Object Repository/F11762-View Customer/QA-US83146/US84104-View Customer/View Customer/CustomerPageObject/AddCustomer/customerIdErrorMsg' is: 'ALPHANUMERIC ONLY'

2018-11-12 14:16:25 - [MESSAGE][PASSED] - Actual object 'ALPHANUMERIC ONLY' and expected object 'ALPHANUMERIC ONLY' are equal

2018-11-12 14:16:25 - [MESSAGE][PASSED] - Keys '' sent to object: 'Object Repository/F11762-View Customer/QA-US83146/US84104-View Customer/View Customer/CustomerPageObject/AddCustomer/customerId'

2018-11-12 14:16:25 - [MESSAGE][PASSED] - com.ge.tms.customer.CustomerVerification.verifyMandatoryFieldsErrorMessages is PASSED

2018-11-12 14:16:25 - [TEST_STEP][FAILED] - executeJavaScript: Unable to execute JavaScript. (Root cause: org.openqa.selenium.WebDriverException: unknown error: Cannot read property 'click' of null
  (Session info: chrome=70.0.3538.77)
  (Driver info: chromedriver=2.35.528157 (4429ca2590d6988c0745c24c8858745aaaec01ef),platform=Mac OS X 10.11.6 x86_64) (WARNING: The server did not provide any stacktrace information)
Command duration or timeout: 0 milliseconds
Build info: version: '3.7.1', revision: '8a0099a', time: '2017-11-06T21:07:36.161Z'
System info: host: '1178578-C02PQD87G8WP', ip: '10.185.118.121', os.name: 'Mac OS X', os.arch: 'x86_64', os.version: '10.11.6', java.version: '1.8.0_181'
Driver info: com.kms.katalon.selenium.driver.CChromeDriver
Capabilities {acceptInsecureCerts: false, acceptSslCerts: false, applicationCacheEnabled: false, browserConnectionEnabled: false, browserName: chrome, chrome: {chromedriverVersion: 2.35.528157 (4429ca2590d698..., userDataDir: /var/folders/v8/f0z37r110rl...}, cssSelectorsEnabled: true, databaseEnabled: false, handlesAlerts: true, hasTouchScreen: false, javascriptEnabled: true, locationContextEnabled: true, mobileEmulationEnabled: false, nativeEvents: true, networkConnectionEnabled: false, pageLoadStrategy: normal, platform: MAC, platformName: MAC, rotatable: false, setWindowRect: true, takesHeapSnapshot: true, takesScreenshot: true, unexpectedAlertBehaviour: , unhandledPromptBehavior: , version: 70.0.3538.77, webStorageEnabled: true}
Session ID: 6e62ee05b762906c1c36b7807cbca1b7)

2018-11-12 14:16:26 - [MESSAGE][FAILED] - Unable to execute JavaScript. (Root cause: org.openqa.selenium.WebDriverException: unknown error: Cannot read property 'click' of null
  (Session info: chrome=70.0.3538.77)
  (Driver info: chromedriver=2.35.528157 (4429ca2590d6988c0745c24c8858745aaaec01ef),platform=Mac OS X 10.11.6 x86_64) (WARNING: The server did not provide any stacktrace information)
Command duration or timeout: 0 milliseconds
Build info: version: '3.7.1', revision: '8a0099a', time: '2017-11-06T21:07:36.161Z'
System info: host: '1178578-C02PQD87G8WP', ip: '10.185.118.121', os.name: 'Mac OS X', os.arch: 'x86_64', os.version: '10.11.6', java.version: '1.8.0_181'
Driver info: com.kms.katalon.selenium.driver.CChromeDriver
Capabilities {acceptInsecureCerts: false, acceptSslCerts: false, applicationCacheEnabled: false, browserConnectionEnabled: false, browserName: chrome, chrome: {chromedriverVersion: 2.35.528157 (4429ca2590d698..., userDataDir: /var/folders/v8/f0z37r110rl...}, cssSelectorsEnabled: true, databaseEnabled: false, handlesAlerts: true, hasTouchScreen: false, javascriptEnabled: true, locationContextEnabled: true, mobileEmulationEnabled: false, nativeEvents: true, networkConnectionEnabled: false, pageLoadStrategy: normal, platform: MAC, platformName: MAC, rotatable: false, setWindowRect: true, takesHeapSnapshot: true, takesScreenshot: true, unexpectedAlertBehaviour: , unhandledPromptBehavior: , version: 70.0.3538.77, webStorageEnabled: true}
Session ID: 6e62ee05b762906c1c36b7807cbca1b7)
[[ATTACHMENT|/Users/priyanga/TMS_QA_AUTOMATION/tms-qa-automation/TMSLiteRegressionAutomation/Reports/Regression/Manage Customer Test Suite/20181112_141449/1542012386139.png]]

2018-11-12 14:16:26 - [TEST_STEP][PASSED] - Start listener action : closeBrowserForTestCasse: Navigate to 'http://localhost:8080/home' successfully

2018-11-12 14:16:26 - [TEST_STEP][PASSED] - Statement - If (isTestSuitEnable == true): null

2018-11-12 14:16:26 - [TEST_STEP][PASSED] - Statement - beforeTestCaseExecute(): null

2018-11-12 14:16:26 - [TEST_STEP][PASSED] - Statement - If (isTestSuitEnable == true): Navigate to 'http://localhost:8080/home' successfully

2018-11-12 14:16:26 - [TEST_STEP][PASSED] - navigateToUrl: Navigate to 'http://localhost:8080/home' successfully

2018-11-12 14:16:27 - [MESSAGE][PASSED] - Navigate to 'http://localhost:8080/home' successfully

2018-11-12 14:16:27 - [TEST_STEP][PASSED] - Start listener action : afterTestCase: Invoke 'com.kms.katalon.core.annotation.AfterTestCase' method: 'TmsTestListner.afterTestCase(...)' completed.

2018-11-12 14:16:27 - [TEST_STEP][PASSED] - Statement - If (java.lang.System.getProperties().containsKey("updateRally")): Invoke 'com.kms.katalon.core.annotation.AfterTestCase' method: 'TmsTestListner.afterTestCase(...)' completed.]]></system-out>
         <system-err><![CDATA[2018-11-12 14:16:18 - [TEST_CASE][FAILED] - Test Cases/Customer/F11762-View Customer/QA-Add Edit Customer/US-Add Edit Customer/TC60946-AddCustomerValidations: Test Cases/Customer/F11762-View Customer/QA-Add Edit Customer/US-Add Edit Customer/TC60946-AddCustomerValidations FAILED because (of) (Stack trace: com.kms.katalon.core.exception.StepFailedException: Unable to execute JavaScript. (Root cause: org.openqa.selenium.WebDriverException: unknown error: Cannot read property 'click' of null
  (Session info: chrome=70.0.3538.77)
  (Driver info: chromedriver=2.35.528157 (4429ca2590d6988c0745c24c8858745aaaec01ef),platform=Mac OS X 10.11.6 x86_64) (WARNING: The server did not provide any stacktrace information)
Command duration or timeout: 0 milliseconds
Build info: version: '3.7.1', revision: '8a0099a', time: '2017-11-06T21:07:36.161Z'
System info: host: '1178578-C02PQD87G8WP', ip: '10.185.118.121', os.name: 'Mac OS X', os.arch: 'x86_64', os.version: '10.11.6', java.version: '1.8.0_181'
Driver info: com.kms.katalon.selenium.driver.CChromeDriver
Capabilities {acceptInsecureCerts: false, acceptSslCerts: false, applicationCacheEnabled: false, browserConnectionEnabled: false, browserName: chrome, chrome: {chromedriverVersion: 2.35.528157 (4429ca2590d698..., userDataDir: /var/folders/v8/f0z37r110rl...}, cssSelectorsEnabled: true, databaseEnabled: false, handlesAlerts: true, hasTouchScreen: false, javascriptEnabled: true, locationContextEnabled: true, mobileEmulationEnabled: false, nativeEvents: true, networkConnectionEnabled: false, pageLoadStrategy: normal, platform: MAC, platformName: MAC, rotatable: false, setWindowRect: true, takesHeapSnapshot: true, takesScreenshot: true, unexpectedAlertBehaviour: , unhandledPromptBehavior: , version: 70.0.3538.77, webStorageEnabled: true}
Session ID: 6e62ee05b762906c1c36b7807cbca1b7)
	at com.kms.katalon.core.keyword.internal.KeywordMain.stepFailed(KeywordMain.groovy:36)
	at com.kms.katalon.core.webui.keyword.internal.WebUIKeywordMain.stepFailed(WebUIKeywordMain.groovy:65)
	at com.kms.katalon.core.webui.keyword.internal.WebUIKeywordMain.runKeyword(WebUIKeywordMain.groovy:27)
	at com.kms.katalon.core.webui.keyword.builtin.ExecuteJavaScriptKeyword.executeJavascript(ExecuteJavascriptKeyword.groovy:42)
	at com.kms.katalon.core.webui.keyword.builtin.ExecuteJavaScriptKeyword.execute(ExecuteJavascriptKeyword.groovy:37)
	at com.kms.katalon.core.keyword.internal.KeywordExecutor.executeKeywordForPlatform(KeywordExecutor.groovy:53)
	at com.kms.katalon.core.webui.keyword.WebUiBuiltInKeywords.executeJavaScript(WebUiBuiltInKeywords.groovy:3787)
	at com.kms.katalon.core.webui.keyword.WebUiBuiltInKeywords$executeJavaScript$5.call(Unknown Source)
	at org.codehaus.groovy.runtime.callsite.CallSiteArray.defaultCall(CallSiteArray.java:48)
	at org.codehaus.groovy.runtime.callsite.AbstractCallSite.call(AbstractCallSite.java:113)
	at org.codehaus.groovy.runtime.callsite.AbstractCallSite.call(AbstractCallSite.java:133)
	at Script1534409363970.run(Script1534409363970.groovy:91)
	at com.kms.katalon.core.main.ScriptEngine.run(ScriptEngine.java:183)
	at com.kms.katalon.core.main.ScriptEngine.runScriptAsRawText(ScriptEngine.java:108)
	at com.kms.katalon.core.main.TestCaseExecutor.runScript(TestCaseExecutor.java:294)
	at com.kms.katalon.core.main.TestCaseExecutor.doExecute(TestCaseExecutor.java:285)
	at com.kms.katalon.core.main.TestCaseExecutor.processExecutionPhase(TestCaseExecutor.java:264)
	at com.kms.katalon.core.main.TestCaseExecutor.accessMainPhase(TestCaseExecutor.java:256)
	at com.kms.katalon.core.main.TestCaseExecutor.execute(TestCaseExecutor.java:200)
	at com.kms.katalon.core.main.TestSuiteExecutor.accessTestCaseMainPhase(TestSuiteExecutor.java:129)
	at com.kms.katalon.core.main.TestSuiteExecutor.accessTestSuiteMainPhase(TestSuiteExecutor.java:112)
	at com.kms.katalon.core.main.TestSuiteExecutor.execute(TestSuiteExecutor.java:81)
	at com.kms.katalon.core.main.TestCaseMain.startTestSuite(TestCaseMain.java:142)
	at com.kms.katalon.core.main.TestCaseMain$startTestSuite$0.call(Unknown Source)
	at org.codehaus.groovy.runtime.callsite.CallSiteArray.defaultCall(CallSiteArray.java:48)
	at org.codehaus.groovy.runtime.callsite.AbstractCallSite.call(AbstractCallSite.java:113)
	at org.codehaus.groovy.runtime.callsite.AbstractCallSite.call(AbstractCallSite.java:141)
	at TempTestSuite1542012289825.run(TempTestSuite1542012289825.groovy:36)
	at groovy.lang.GroovyShell.runScriptOrMainOrTestOrRunnable(GroovyShell.java:263)
	at groovy.lang.GroovyShell.run(GroovyShell.java:518)
	at groovy.lang.GroovyShell.run(GroovyShell.java:507)
	at groovy.ui.GroovyMain.processOnce(GroovyMain.java:653)
	at groovy.ui.GroovyMain.run(GroovyMain.java:384)
	at groovy.ui.GroovyMain.process(GroovyMain.java:370)
	at groovy.ui.GroovyMain.processArgs(GroovyMain.java:129)
	at groovy.ui.GroovyMain.main(GroovyMain.java:109)
	at sun.reflect.NativeMethodAccessorImpl.invoke0(Native Method)
	at sun.reflect.NativeMethodAccessorImpl.invoke(NativeMethodAccessorImpl.java:62)
	at sun.reflect.DelegatingMethodAccessorImpl.invoke(DelegatingMethodAccessorImpl.java:43)
	at java.lang.reflect.Method.invoke(Method.java:498)
	at org.codehaus.groovy.tools.GroovyStarter.rootLoader(GroovyStarter.java:109)
	at org.codehaus.groovy.tools.GroovyStarter.main(GroovyStarter.java:131)
)]]></system-err>
      </testcase>
      <testcase name="Test Cases/Customer/F11762-View Customer/QA-US84851/US83148-SearchCustomer/TC60100-AscAndDescOrder" classname="Test Cases/Customer/F11762-View Customer/QA-US84851/US83148-SearchCustomer/TC60100-AscAndDescOrder" status="PASSED">
         <system-out><![CDATA[2018-11-12 14:16:27 - [TEST_CASE][PASSED] - Test Cases/Customer/F11762-View Customer/QA-US84851/US83148-SearchCustomer/TC60100-AscAndDescOrder: Test Cases/Customer/F11762-View Customer/QA-US84851/US83148-SearchCustomer/TC60100-AscAndDescOrder

2018-11-12 14:16:27 - [TEST_STEP][PASSED] - Start listener action : beforeTestCaseExecute: Navigate to 'http://localhost:8080/home' successfully

2018-11-12 14:16:27 - [TEST_STEP][PASSED] - Statement - If (isTestSuitEnable == true): Navigate to 'http://localhost:8080/home' successfully

2018-11-12 14:16:27 - [TEST_STEP][PASSED] - navigateToUrl: Navigate to 'http://localhost:8080/home' successfully

2018-11-12 14:16:28 - [MESSAGE][PASSED] - Navigate to 'http://localhost:8080/home' successfully

2018-11-12 14:16:28 - [TEST_STEP][PASSED] - com.ge.tms.commonactions.CommonClickEvents.clickOnManageCustomers: com.ge.tms.commonactions.CommonClickEvents.clickOnManageCustomers is PASSED

2018-11-12 14:16:28 - [MESSAGE][PASSED] - Execute JavaScript 'document.querySelector('px-app-nav').shadowRoot.querySelector('#items > px-app-nav-group:nth-child(13) > px-app-nav-subitem:nth-child(2)').click()' successfully

2018-11-12 14:16:29 - [MESSAGE][PASSED] - Delayed 1 second(s)

2018-11-12 14:16:29 - [MESSAGE][PASSED] - com.ge.tms.commonactions.CommonClickEvents.clickOnManageCustomers is PASSED

2018-11-12 14:16:29 - [TEST_STEP][PASSED] - com.ge.tms.customer.CustomerVerification.verifyCustomerPageHeader: com.ge.tms.customer.CustomerVerification.verifyCustomerPageHeader is PASSED

2018-11-12 14:16:29 - [MESSAGE][PASSED] - Send request successfully

2018-11-12 14:16:29 - [MESSAGE][PASSED] - Send request successfully

2018-11-12 14:16:29 - [MESSAGE][PASSED] - Send request successfully

2018-11-12 14:16:29 - [MESSAGE][PASSED] - Send request successfully

2018-11-12 14:16:29 - [MESSAGE][PASSED] - Send request successfully

2018-11-12 14:16:29 - [MESSAGE][PASSED] - Send request successfully

2018-11-12 14:16:29 - [MESSAGE][PASSED] - Send request successfully

2018-11-12 14:16:29 - [MESSAGE][PASSED] - Send request successfully

2018-11-12 14:16:29 - [MESSAGE][PASSED] - Send request successfully

2018-11-12 14:16:29 - [MESSAGE][PASSED] - Text of object 'Object Repository/F11762-View Customer/QA-US83146/US84104-View Customer/View Customer/CustomerPageObject/h1_Manage Customers' is: 'Customer Management'

2018-11-12 14:16:29 - [MESSAGE][PASSED] - Actual object 'Customer Management' and expected object 'Customer Management' are equal

2018-11-12 14:16:29 - [MESSAGE][PASSED] - com.ge.tms.customer.CustomerVerification.verifyCustomerPageHeader is PASSED

2018-11-12 14:16:29 - [TEST_STEP][PASSED] - executeJavaScript: Execute JavaScript 'document.querySelectorAll("#root px-dropdown")[0].shadowRoot.querySelector("#trigger").click()' successfully

2018-11-12 14:16:29 - [MESSAGE][PASSED] - Execute JavaScript 'document.querySelectorAll("#root px-dropdown")[0].shadowRoot.querySelector("#trigger").click()' successfully

2018-11-12 14:16:29 - [TEST_STEP][PASSED] - executeJavaScript: Execute JavaScript 'return document.querySelectorAll("#root px-dropdown")[0].shadowRoot.querySelector("#content").shadowRoot.querySelector("#selector > div:nth-child(2) > span").click()' successfully

2018-11-12 14:16:29 - [MESSAGE][PASSED] - Execute JavaScript 'return document.querySelectorAll("#root px-dropdown")[0].shadowRoot.querySelector("#content").shadowRoot.querySelector("#selector > div:nth-child(2) > span").click()' successfully

2018-11-12 14:16:29 - [TEST_STEP][PASSED] - com.ge.tms.customer.CustomerVerification.verifyNameSort: com.ge.tms.customer.CustomerVerification.verifyNameSort is PASSED

2018-11-12 14:16:29 - [MESSAGE][PASSED] - Send request successfully

2018-11-12 14:16:29 - [MESSAGE][PASSED] - Send request successfully

2018-11-12 14:16:29 - [MESSAGE][PASSED] - Send request successfully

2018-11-12 14:16:29 - [MESSAGE][PASSED] - Send request successfully

2018-11-12 14:16:29 - [MESSAGE][PASSED] - Send request successfully

2018-11-12 14:16:29 - [MESSAGE][PASSED] - Send request successfully

2018-11-12 14:16:29 - [MESSAGE][PASSED] - Send request successfully

2018-11-12 14:16:29 - [MESSAGE][PASSED] - Send request successfully

2018-11-12 14:16:29 - [MESSAGE][PASSED] - Send request successfully

2018-11-12 14:16:29 - [MESSAGE][PASSED] - Actual object 'true' and expected object 'true' are equal

2018-11-12 14:16:29 - [MESSAGE][PASSED] - com.ge.tms.customer.CustomerVerification.verifyNameSort is PASSED

2018-11-12 14:16:29 - [TEST_STEP][PASSED] - executeJavaScript: Execute JavaScript 'return document.querySelectorAll("px-icon")[1].shadowRoot.querySelector("iron-icon").click()' successfully

2018-11-12 14:16:29 - [MESSAGE][PASSED] - Execute JavaScript 'return document.querySelectorAll("px-icon")[1].shadowRoot.querySelector("iron-icon").click()' successfully

2018-11-12 14:16:29 - [TEST_STEP][PASSED] - com.ge.tms.customer.CustomerVerification.verifyNameSortWithDescendingOrder: com.ge.tms.customer.CustomerVerification.verifyNameSortWithDescendingOrder is PASSED

2018-11-12 14:16:29 - [MESSAGE][PASSED] - Send request successfully

2018-11-12 14:16:29 - [MESSAGE][PASSED] - Send request successfully

2018-11-12 14:16:29 - [MESSAGE][PASSED] - Send request successfully

2018-11-12 14:16:29 - [MESSAGE][PASSED] - Send request successfully

2018-11-12 14:16:29 - [MESSAGE][PASSED] - Send request successfully

2018-11-12 14:16:29 - [MESSAGE][PASSED] - Send request successfully

2018-11-12 14:16:29 - [MESSAGE][PASSED] - Send request successfully

2018-11-12 14:16:29 - [MESSAGE][PASSED] - Send request successfully

2018-11-12 14:16:29 - [MESSAGE][PASSED] - Send request successfully

2018-11-12 14:16:29 - [MESSAGE][PASSED] - Actual object 'true' and expected object 'true' are equal

2018-11-12 14:16:29 - [MESSAGE][PASSED] - com.ge.tms.customer.CustomerVerification.verifyNameSortWithDescendingOrder is PASSED

2018-11-12 14:16:29 - [TEST_STEP][PASSED] - executeJavaScript: Execute JavaScript 'return document.querySelectorAll("px-icon")[1].shadowRoot.querySelector("iron-icon").click()' successfully

2018-11-12 14:16:29 - [MESSAGE][PASSED] - Execute JavaScript 'return document.querySelectorAll("px-icon")[1].shadowRoot.querySelector("iron-icon").click()' successfully

2018-11-12 14:16:29 - [TEST_STEP][PASSED] - com.ge.tms.customer.CustomerVerification.verifyNameSort: com.ge.tms.customer.CustomerVerification.verifyNameSort is PASSED

2018-11-12 14:16:29 - [MESSAGE][PASSED] - Send request successfully

2018-11-12 14:16:29 - [MESSAGE][PASSED] - Send request successfully

2018-11-12 14:16:29 - [MESSAGE][PASSED] - Send request successfully

2018-11-12 14:16:29 - [MESSAGE][PASSED] - Send request successfully

2018-11-12 14:16:29 - [MESSAGE][PASSED] - Send request successfully

2018-11-12 14:16:29 - [MESSAGE][PASSED] - Send request successfully

2018-11-12 14:16:30 - [MESSAGE][PASSED] - Send request successfully

2018-11-12 14:16:30 - [MESSAGE][PASSED] - Send request successfully

2018-11-12 14:16:30 - [MESSAGE][PASSED] - Send request successfully

2018-11-12 14:16:30 - [MESSAGE][PASSED] - Actual object 'true' and expected object 'true' are equal

2018-11-12 14:16:30 - [MESSAGE][PASSED] - com.ge.tms.customer.CustomerVerification.verifyNameSort is PASSED

2018-11-12 14:16:30 - [TEST_STEP][PASSED] - delay: Delayed 5 second(s)

2018-11-12 14:16:35 - [MESSAGE][PASSED] - Delayed 5 second(s)

2018-11-12 14:16:35 - [TEST_STEP][PASSED] - executeJavaScript: Execute JavaScript 'return document.querySelectorAll("#root px-dropdown")[0].shadowRoot.querySelector("#content").shadowRoot.querySelector("#selector > div:nth-child(1) > span").click()' successfully

2018-11-12 14:16:35 - [MESSAGE][PASSED] - Execute JavaScript 'return document.querySelectorAll("#root px-dropdown")[0].shadowRoot.querySelector("#content").shadowRoot.querySelector("#selector > div:nth-child(1) > span").click()' successfully

2018-11-12 14:16:35 - [TEST_STEP][PASSED] - com.ge.tms.customer.CustomerVerification.verifyCustomerIDSort: com.ge.tms.customer.CustomerVerification.verifyCustomerIDSort is PASSED

2018-11-12 14:16:35 - [MESSAGE][PASSED] - Send request successfully

2018-11-12 14:16:35 - [MESSAGE][PASSED] - Send request successfully

2018-11-12 14:16:35 - [MESSAGE][PASSED] - Send request successfully

2018-11-12 14:16:35 - [MESSAGE][PASSED] - Send request successfully

2018-11-12 14:16:35 - [MESSAGE][PASSED] - Send request successfully

2018-11-12 14:16:35 - [MESSAGE][PASSED] - Send request successfully

2018-11-12 14:16:35 - [MESSAGE][PASSED] - Send request successfully

2018-11-12 14:16:35 - [MESSAGE][PASSED] - Send request successfully

2018-11-12 14:16:35 - [MESSAGE][PASSED] - Send request successfully

2018-11-12 14:16:35 - [MESSAGE][PASSED] - Actual object 'true' and expected object 'true' are equal

2018-11-12 14:16:35 - [MESSAGE][PASSED] - com.ge.tms.customer.CustomerVerification.verifyCustomerIDSort is PASSED

2018-11-12 14:16:35 - [TEST_STEP][PASSED] - executeJavaScript: Execute JavaScript 'return document.querySelectorAll("px-icon")[1].shadowRoot.querySelector("iron-icon").click()' successfully

2018-11-12 14:16:35 - [MESSAGE][PASSED] - Execute JavaScript 'return document.querySelectorAll("px-icon")[1].shadowRoot.querySelector("iron-icon").click()' successfully

2018-11-12 14:16:35 - [TEST_STEP][PASSED] - com.ge.tms.customer.CustomerVerification.verifyCustomerIDWithDescendingOrder: com.ge.tms.customer.CustomerVerification.verifyCustomerIDWithDescendingOrder is PASSED

2018-11-12 14:16:35 - [MESSAGE][PASSED] - Send request successfully

2018-11-12 14:16:35 - [MESSAGE][PASSED] - Send request successfully

2018-11-12 14:16:35 - [MESSAGE][PASSED] - Send request successfully

2018-11-12 14:16:35 - [MESSAGE][PASSED] - Send request successfully

2018-11-12 14:16:35 - [MESSAGE][PASSED] - Send request successfully

2018-11-12 14:16:35 - [MESSAGE][PASSED] - Send request successfully

2018-11-12 14:16:35 - [MESSAGE][PASSED] - Send request successfully

2018-11-12 14:16:35 - [MESSAGE][PASSED] - Send request successfully

2018-11-12 14:16:35 - [MESSAGE][PASSED] - Send request successfully

2018-11-12 14:16:35 - [MESSAGE][PASSED] - Actual object 'true' and expected object 'true' are equal

2018-11-12 14:16:35 - [MESSAGE][PASSED] - com.ge.tms.customer.CustomerVerification.verifyCustomerIDWithDescendingOrder is PASSED

2018-11-12 14:16:35 - [TEST_STEP][PASSED] - executeJavaScript: Execute JavaScript 'return document.querySelectorAll("px-icon")[1].shadowRoot.querySelector("iron-icon").click()' successfully

2018-11-12 14:16:35 - [MESSAGE][PASSED] - Execute JavaScript 'return document.querySelectorAll("px-icon")[1].shadowRoot.querySelector("iron-icon").click()' successfully

2018-11-12 14:16:35 - [TEST_STEP][PASSED] - com.ge.tms.customer.CustomerVerification.verifyCustomerIDSort: com.ge.tms.customer.CustomerVerification.verifyCustomerIDSort is PASSED

2018-11-12 14:16:35 - [MESSAGE][PASSED] - Send request successfully

2018-11-12 14:16:35 - [MESSAGE][PASSED] - Send request successfully

2018-11-12 14:16:35 - [MESSAGE][PASSED] - Send request successfully

2018-11-12 14:16:35 - [MESSAGE][PASSED] - Send request successfully

2018-11-12 14:16:35 - [MESSAGE][PASSED] - Send request successfully

2018-11-12 14:16:35 - [MESSAGE][PASSED] - Send request successfully

2018-11-12 14:16:35 - [MESSAGE][PASSED] - Send request successfully

2018-11-12 14:16:35 - [MESSAGE][PASSED] - Send request successfully

2018-11-12 14:16:35 - [MESSAGE][PASSED] - Send request successfully

2018-11-12 14:16:35 - [MESSAGE][PASSED] - Actual object 'true' and expected object 'true' are equal

2018-11-12 14:16:35 - [MESSAGE][PASSED] - com.ge.tms.customer.CustomerVerification.verifyCustomerIDSort is PASSED

2018-11-12 14:16:35 - [TEST_STEP][PASSED] - executeJavaScript: Execute JavaScript 'return document.querySelectorAll("#root px-dropdown")[0].shadowRoot.querySelector("#content").shadowRoot.querySelector("#selector > div:nth-child(3) > span").click()' successfully

2018-11-12 14:16:35 - [MESSAGE][PASSED] - Execute JavaScript 'return document.querySelectorAll("#root px-dropdown")[0].shadowRoot.querySelector("#content").shadowRoot.querySelector("#selector > div:nth-child(3) > span").click()' successfully

2018-11-12 14:16:35 - [TEST_STEP][PASSED] - com.ge.tms.customer.CustomerVerification.verifyAddressKeySort: com.ge.tms.customer.CustomerVerification.verifyAddressKeySort is PASSED

2018-11-12 14:16:35 - [MESSAGE][PASSED] - Send request successfully

2018-11-12 14:16:35 - [MESSAGE][PASSED] - Send request successfully

2018-11-12 14:16:35 - [MESSAGE][PASSED] - Send request successfully

2018-11-12 14:16:35 - [MESSAGE][PASSED] - Send request successfully

2018-11-12 14:16:35 - [MESSAGE][PASSED] - Send request successfully

2018-11-12 14:16:35 - [MESSAGE][PASSED] - Send request successfully

2018-11-12 14:16:35 - [MESSAGE][PASSED] - Send request successfully

2018-11-12 14:16:35 - [MESSAGE][PASSED] - Send request successfully

2018-11-12 14:16:35 - [MESSAGE][PASSED] - Send request successfully

2018-11-12 14:16:35 - [MESSAGE][PASSED] - Actual object 'true' and expected object 'true' are equal

2018-11-12 14:16:35 - [MESSAGE][PASSED] - com.ge.tms.customer.CustomerVerification.verifyAddressKeySort is PASSED

2018-11-12 14:16:35 - [TEST_STEP][PASSED] - executeJavaScript: Execute JavaScript 'return document.querySelectorAll("px-icon")[1].shadowRoot.querySelector("iron-icon").click()' successfully

2018-11-12 14:16:35 - [MESSAGE][PASSED] - Execute JavaScript 'return document.querySelectorAll("px-icon")[1].shadowRoot.querySelector("iron-icon").click()' successfully

2018-11-12 14:16:35 - [TEST_STEP][PASSED] - com.ge.tms.customer.CustomerVerification.verifyAddressKeyWithDescendingOrder: com.ge.tms.customer.CustomerVerification.verifyAddressKeyWithDescendingOrder is PASSED

2018-11-12 14:16:35 - [MESSAGE][PASSED] - Send request successfully

2018-11-12 14:16:35 - [MESSAGE][PASSED] - Send request successfully

2018-11-12 14:16:35 - [MESSAGE][PASSED] - Send request successfully

2018-11-12 14:16:35 - [MESSAGE][PASSED] - Send request successfully

2018-11-12 14:16:36 - [MESSAGE][PASSED] - Send request successfully

2018-11-12 14:16:36 - [MESSAGE][PASSED] - Send request successfully

2018-11-12 14:16:36 - [MESSAGE][PASSED] - Send request successfully

2018-11-12 14:16:36 - [MESSAGE][PASSED] - Send request successfully

2018-11-12 14:16:36 - [MESSAGE][PASSED] - Send request successfully

2018-11-12 14:16:36 - [MESSAGE][PASSED] - Actual object 'true' and expected object 'true' are equal

2018-11-12 14:16:36 - [MESSAGE][PASSED] - com.ge.tms.customer.CustomerVerification.verifyAddressKeyWithDescendingOrder is PASSED

2018-11-12 14:16:36 - [TEST_STEP][PASSED] - executeJavaScript: Execute JavaScript 'return document.querySelectorAll("px-icon")[1].shadowRoot.querySelector("iron-icon").click()' successfully

2018-11-12 14:16:36 - [MESSAGE][PASSED] - Execute JavaScript 'return document.querySelectorAll("px-icon")[1].shadowRoot.querySelector("iron-icon").click()' successfully

2018-11-12 14:16:36 - [TEST_STEP][PASSED] - com.ge.tms.customer.CustomerVerification.verifyAddressKeySort: com.ge.tms.customer.CustomerVerification.verifyAddressKeySort is PASSED

2018-11-12 14:16:36 - [MESSAGE][PASSED] - Send request successfully

2018-11-12 14:16:36 - [MESSAGE][PASSED] - Send request successfully

2018-11-12 14:16:36 - [MESSAGE][PASSED] - Send request successfully

2018-11-12 14:16:36 - [MESSAGE][PASSED] - Send request successfully

2018-11-12 14:16:36 - [MESSAGE][PASSED] - Send request successfully

2018-11-12 14:16:36 - [MESSAGE][PASSED] - Send request successfully

2018-11-12 14:16:36 - [MESSAGE][PASSED] - Send request successfully

2018-11-12 14:16:36 - [MESSAGE][PASSED] - Send request successfully

2018-11-12 14:16:36 - [MESSAGE][PASSED] - Send request successfully

2018-11-12 14:16:36 - [MESSAGE][PASSED] - Actual object 'true' and expected object 'true' are equal

2018-11-12 14:16:36 - [MESSAGE][PASSED] - com.ge.tms.customer.CustomerVerification.verifyAddressKeySort is PASSED

2018-11-12 14:16:36 - [TEST_STEP][PASSED] - Start listener action : closeBrowserForTestCasse: Navigate to 'http://localhost:8080/home' successfully

2018-11-12 14:16:36 - [TEST_STEP][PASSED] - Statement - If (isTestSuitEnable == true): null

2018-11-12 14:16:36 - [TEST_STEP][PASSED] - Statement - beforeTestCaseExecute(): null

2018-11-12 14:16:36 - [TEST_STEP][PASSED] - Statement - If (isTestSuitEnable == true): Navigate to 'http://localhost:8080/home' successfully

2018-11-12 14:16:36 - [TEST_STEP][PASSED] - navigateToUrl: Navigate to 'http://localhost:8080/home' successfully

2018-11-12 14:16:37 - [MESSAGE][PASSED] - Navigate to 'http://localhost:8080/home' successfully

2018-11-12 14:16:37 - [TEST_STEP][PASSED] - Start listener action : afterTestCase: Invoke 'com.kms.katalon.core.annotation.AfterTestCase' method: 'TmsTestListner.afterTestCase(...)' completed.

2018-11-12 14:16:37 - [TEST_STEP][PASSED] - Statement - If (java.lang.System.getProperties().containsKey("updateRally")): Invoke 'com.kms.katalon.core.annotation.AfterTestCase' method: 'TmsTestListner.afterTestCase(...)' completed.]]></system-out>
         <system-err><![CDATA[]]></system-err>
      </testcase>
      <testcase name="Test Cases/Customer/F11762-View Customer/QA-US84851/US83148-SearchCustomer/TC60100-SortCustomer" classname="Test Cases/Customer/F11762-View Customer/QA-US84851/US83148-SearchCustomer/TC60100-SortCustomer" status="PASSED">
         <system-out><![CDATA[2018-11-12 14:16:37 - [TEST_CASE][PASSED] - Test Cases/Customer/F11762-View Customer/QA-US84851/US83148-SearchCustomer/TC60100-SortCustomer: Test Cases/Customer/F11762-View Customer/QA-US84851/US83148-SearchCustomer/TC60100-SortCustomer

2018-11-12 14:16:37 - [TEST_STEP][PASSED] - Start listener action : beforeTestCaseExecute: Navigate to 'http://localhost:8080/home' successfully

2018-11-12 14:16:37 - [TEST_STEP][PASSED] - Statement - If (isTestSuitEnable == true): Navigate to 'http://localhost:8080/home' successfully

2018-11-12 14:16:37 - [TEST_STEP][PASSED] - navigateToUrl: Navigate to 'http://localhost:8080/home' successfully

2018-11-12 14:16:38 - [MESSAGE][PASSED] - Navigate to 'http://localhost:8080/home' successfully

2018-11-12 14:16:38 - [TEST_STEP][PASSED] - com.ge.tms.commonactions.CommonClickEvents.clickOnManageCustomers: com.ge.tms.commonactions.CommonClickEvents.clickOnManageCustomers is PASSED

2018-11-12 14:16:38 - [MESSAGE][PASSED] - Execute JavaScript 'document.querySelector('px-app-nav').shadowRoot.querySelector('#items > px-app-nav-group:nth-child(13) > px-app-nav-subitem:nth-child(2)').click()' successfully

2018-11-12 14:16:39 - [MESSAGE][PASSED] - Delayed 1 second(s)

2018-11-12 14:16:39 - [MESSAGE][PASSED] - com.ge.tms.commonactions.CommonClickEvents.clickOnManageCustomers is PASSED

2018-11-12 14:16:39 - [TEST_STEP][PASSED] - com.ge.tms.customer.CustomerVerification.verifyCustomerPageHeader: com.ge.tms.customer.CustomerVerification.verifyCustomerPageHeader is PASSED

2018-11-12 14:16:39 - [MESSAGE][PASSED] - Send request successfully

2018-11-12 14:16:39 - [MESSAGE][PASSED] - Send request successfully

2018-11-12 14:16:39 - [MESSAGE][PASSED] - Send request successfully

2018-11-12 14:16:39 - [MESSAGE][PASSED] - Send request successfully

2018-11-12 14:16:39 - [MESSAGE][PASSED] - Send request successfully

2018-11-12 14:16:39 - [MESSAGE][PASSED] - Send request successfully

2018-11-12 14:16:39 - [MESSAGE][PASSED] - Send request successfully

2018-11-12 14:16:39 - [MESSAGE][PASSED] - Send request successfully

2018-11-12 14:16:39 - [MESSAGE][PASSED] - Send request successfully

2018-11-12 14:16:39 - [MESSAGE][PASSED] - Text of object 'Object Repository/F11762-View Customer/QA-US83146/US84104-View Customer/View Customer/CustomerPageObject/h1_Manage Customers' is: 'Customer Management'

2018-11-12 14:16:39 - [MESSAGE][PASSED] - Actual object 'Customer Management' and expected object 'Customer Management' are equal

2018-11-12 14:16:39 - [MESSAGE][PASSED] - com.ge.tms.customer.CustomerVerification.verifyCustomerPageHeader is PASSED

2018-11-12 14:16:39 - [TEST_STEP][PASSED] - executeJavaScript: Execute JavaScript 'return document.querySelectorAll("#root px-dropdown")[0].shadowRoot.querySelector("#content").shadowRoot.querySelector("#selector > div:nth-child(2) > span").click()' successfully

2018-11-12 14:16:39 - [MESSAGE][PASSED] - Execute JavaScript 'return document.querySelectorAll("#root px-dropdown")[0].shadowRoot.querySelector("#content").shadowRoot.querySelector("#selector > div:nth-child(2) > span").click()' successfully

2018-11-12 14:16:39 - [TEST_STEP][PASSED] - com.ge.tms.customer.CustomerVerification.verifyNameSort: com.ge.tms.customer.CustomerVerification.verifyNameSort is PASSED

2018-11-12 14:16:39 - [MESSAGE][PASSED] - Send request successfully

2018-11-12 14:16:39 - [MESSAGE][PASSED] - Send request successfully

2018-11-12 14:16:39 - [MESSAGE][PASSED] - Send request successfully

2018-11-12 14:16:39 - [MESSAGE][PASSED] - Send request successfully

2018-11-12 14:16:39 - [MESSAGE][PASSED] - Send request successfully

2018-11-12 14:16:39 - [MESSAGE][PASSED] - Send request successfully

2018-11-12 14:16:39 - [MESSAGE][PASSED] - Send request successfully

2018-11-12 14:16:39 - [MESSAGE][PASSED] - Send request successfully

2018-11-12 14:16:39 - [MESSAGE][PASSED] - Send request successfully

2018-11-12 14:16:39 - [MESSAGE][PASSED] - Actual object 'true' and expected object 'true' are equal

2018-11-12 14:16:39 - [MESSAGE][PASSED] - com.ge.tms.customer.CustomerVerification.verifyNameSort is PASSED

2018-11-12 14:16:39 - [TEST_STEP][PASSED] - executeJavaScript: Execute JavaScript 'return document.querySelectorAll("px-icon")[2].shadowRoot.querySelector("iron-icon").click()' successfully

2018-11-12 14:16:39 - [MESSAGE][PASSED] - Execute JavaScript 'return document.querySelectorAll("px-icon")[2].shadowRoot.querySelector("iron-icon").click()' successfully

2018-11-12 14:16:39 - [TEST_STEP][PASSED] - com.ge.tms.customer.CustomerVerification.verifyNameSort: com.ge.tms.customer.CustomerVerification.verifyNameSort is PASSED

2018-11-12 14:16:39 - [MESSAGE][PASSED] - Send request successfully

2018-11-12 14:16:39 - [MESSAGE][PASSED] - Send request successfully

2018-11-12 14:16:39 - [MESSAGE][PASSED] - Send request successfully

2018-11-12 14:16:39 - [MESSAGE][PASSED] - Send request successfully

2018-11-12 14:16:39 - [MESSAGE][PASSED] - Send request successfully

2018-11-12 14:16:39 - [MESSAGE][PASSED] - Send request successfully

2018-11-12 14:16:39 - [MESSAGE][PASSED] - Send request successfully

2018-11-12 14:16:39 - [MESSAGE][PASSED] - Send request successfully

2018-11-12 14:16:39 - [MESSAGE][PASSED] - Send request successfully

2018-11-12 14:16:39 - [MESSAGE][PASSED] - Actual object 'true' and expected object 'true' are equal

2018-11-12 14:16:39 - [MESSAGE][PASSED] - com.ge.tms.customer.CustomerVerification.verifyNameSort is PASSED

2018-11-12 14:16:39 - [TEST_STEP][PASSED] - executeJavaScript: Execute JavaScript 'return document.querySelectorAll("px-icon")[2].shadowRoot.querySelector("iron-icon").click()' successfully

2018-11-12 14:16:39 - [MESSAGE][PASSED] - Execute JavaScript 'return document.querySelectorAll("px-icon")[2].shadowRoot.querySelector("iron-icon").click()' successfully

2018-11-12 14:16:39 - [TEST_STEP][PASSED] - com.ge.tms.customer.CustomerVerification.verifyNameSort: com.ge.tms.customer.CustomerVerification.verifyNameSort is PASSED

2018-11-12 14:16:39 - [MESSAGE][PASSED] - Send request successfully

2018-11-12 14:16:39 - [MESSAGE][PASSED] - Send request successfully

2018-11-12 14:16:39 - [MESSAGE][PASSED] - Send request successfully

2018-11-12 14:16:39 - [MESSAGE][PASSED] - Send request successfully

2018-11-12 14:16:39 - [MESSAGE][PASSED] - Send request successfully

2018-11-12 14:16:39 - [MESSAGE][PASSED] - Send request successfully

2018-11-12 14:16:39 - [MESSAGE][PASSED] - Send request successfully

2018-11-12 14:16:39 - [MESSAGE][PASSED] - Send request successfully

2018-11-12 14:16:39 - [MESSAGE][PASSED] - Send request successfully

2018-11-12 14:16:39 - [MESSAGE][PASSED] - Actual object 'true' and expected object 'true' are equal

2018-11-12 14:16:39 - [MESSAGE][PASSED] - com.ge.tms.customer.CustomerVerification.verifyNameSort is PASSED

2018-11-12 14:16:39 - [TEST_STEP][PASSED] - executeJavaScript: Execute JavaScript 'return document.querySelectorAll("#root px-dropdown")[0].shadowRoot.querySelector("#content").shadowRoot.querySelector("#selector > div:nth-child(1) > span").click()' successfully

2018-11-12 14:16:39 - [MESSAGE][PASSED] - Execute JavaScript 'return document.querySelectorAll("#root px-dropdown")[0].shadowRoot.querySelector("#content").shadowRoot.querySelector("#selector > div:nth-child(1) > span").click()' successfully

2018-11-12 14:16:39 - [TEST_STEP][PASSED] - com.ge.tms.customer.CustomerVerification.verifyCustomerIDSort: com.ge.tms.customer.CustomerVerification.verifyCustomerIDSort is PASSED

2018-11-12 14:16:39 - [MESSAGE][PASSED] - Send request successfully

2018-11-12 14:16:39 - [MESSAGE][PASSED] - Send request successfully

2018-11-12 14:16:39 - [MESSAGE][PASSED] - Send request successfully

2018-11-12 14:16:40 - [MESSAGE][PASSED] - Send request successfully

2018-11-12 14:16:40 - [MESSAGE][PASSED] - Send request successfully

2018-11-12 14:16:40 - [MESSAGE][PASSED] - Send request successfully

2018-11-12 14:16:40 - [MESSAGE][PASSED] - Send request successfully

2018-11-12 14:16:40 - [MESSAGE][PASSED] - Send request successfully

2018-11-12 14:16:40 - [MESSAGE][PASSED] - Send request successfully

2018-11-12 14:16:40 - [MESSAGE][PASSED] - Actual object 'true' and expected object 'true' are equal

2018-11-12 14:16:40 - [MESSAGE][PASSED] - com.ge.tms.customer.CustomerVerification.verifyCustomerIDSort is PASSED

2018-11-12 14:16:40 - [TEST_STEP][PASSED] - executeJavaScript: Execute JavaScript 'return document.querySelectorAll("px-icon")[2].shadowRoot.querySelector("iron-icon").click()' successfully

2018-11-12 14:16:40 - [MESSAGE][PASSED] - Execute JavaScript 'return document.querySelectorAll("px-icon")[2].shadowRoot.querySelector("iron-icon").click()' successfully

2018-11-12 14:16:40 - [TEST_STEP][PASSED] - com.ge.tms.customer.CustomerVerification.verifyCustomerIDSort: com.ge.tms.customer.CustomerVerification.verifyCustomerIDSort is PASSED

2018-11-12 14:16:40 - [MESSAGE][PASSED] - Send request successfully

2018-11-12 14:16:40 - [MESSAGE][PASSED] - Send request successfully

2018-11-12 14:16:40 - [MESSAGE][PASSED] - Send request successfully

2018-11-12 14:16:40 - [MESSAGE][PASSED] - Send request successfully

2018-11-12 14:16:40 - [MESSAGE][PASSED] - Send request successfully

2018-11-12 14:16:40 - [MESSAGE][PASSED] - Send request successfully

2018-11-12 14:16:40 - [MESSAGE][PASSED] - Send request successfully

2018-11-12 14:16:40 - [MESSAGE][PASSED] - Send request successfully

2018-11-12 14:16:40 - [MESSAGE][PASSED] - Send request successfully

2018-11-12 14:16:40 - [MESSAGE][PASSED] - Actual object 'true' and expected object 'true' are equal

2018-11-12 14:16:40 - [MESSAGE][PASSED] - com.ge.tms.customer.CustomerVerification.verifyCustomerIDSort is PASSED

2018-11-12 14:16:40 - [TEST_STEP][PASSED] - executeJavaScript: Execute JavaScript 'return document.querySelectorAll("px-icon")[2].shadowRoot.querySelector("iron-icon").click()' successfully

2018-11-12 14:16:40 - [MESSAGE][PASSED] - Execute JavaScript 'return document.querySelectorAll("px-icon")[2].shadowRoot.querySelector("iron-icon").click()' successfully

2018-11-12 14:16:40 - [TEST_STEP][PASSED] - com.ge.tms.customer.CustomerVerification.verifyCustomerIDSort: com.ge.tms.customer.CustomerVerification.verifyCustomerIDSort is PASSED

2018-11-12 14:16:40 - [MESSAGE][PASSED] - Send request successfully

2018-11-12 14:16:40 - [MESSAGE][PASSED] - Send request successfully

2018-11-12 14:16:40 - [MESSAGE][PASSED] - Send request successfully

2018-11-12 14:16:40 - [MESSAGE][PASSED] - Send request successfully

2018-11-12 14:16:40 - [MESSAGE][PASSED] - Send request successfully

2018-11-12 14:16:40 - [MESSAGE][PASSED] - Send request successfully

2018-11-12 14:16:40 - [MESSAGE][PASSED] - Send request successfully

2018-11-12 14:16:40 - [MESSAGE][PASSED] - Send request successfully

2018-11-12 14:16:40 - [MESSAGE][PASSED] - Send request successfully

2018-11-12 14:16:40 - [MESSAGE][PASSED] - Actual object 'true' and expected object 'true' are equal

2018-11-12 14:16:40 - [MESSAGE][PASSED] - com.ge.tms.customer.CustomerVerification.verifyCustomerIDSort is PASSED

2018-11-12 14:16:40 - [TEST_STEP][PASSED] - executeJavaScript: Execute JavaScript 'return document.querySelectorAll("#root px-dropdown")[0].shadowRoot.querySelector("#content").shadowRoot.querySelector("#selector > div:nth-child(3) > span").click()' successfully

2018-11-12 14:16:40 - [MESSAGE][PASSED] - Execute JavaScript 'return document.querySelectorAll("#root px-dropdown")[0].shadowRoot.querySelector("#content").shadowRoot.querySelector("#selector > div:nth-child(3) > span").click()' successfully

2018-11-12 14:16:40 - [TEST_STEP][PASSED] - com.ge.tms.customer.CustomerVerification.verifyAddressKeySort: com.ge.tms.customer.CustomerVerification.verifyAddressKeySort is PASSED

2018-11-12 14:16:40 - [MESSAGE][PASSED] - Send request successfully

2018-11-12 14:16:40 - [MESSAGE][PASSED] - Send request successfully

2018-11-12 14:16:40 - [MESSAGE][PASSED] - Send request successfully

2018-11-12 14:16:40 - [MESSAGE][PASSED] - Send request successfully

2018-11-12 14:16:40 - [MESSAGE][PASSED] - Send request successfully

2018-11-12 14:16:40 - [MESSAGE][PASSED] - Send request successfully

2018-11-12 14:16:40 - [MESSAGE][PASSED] - Send request successfully

2018-11-12 14:16:40 - [MESSAGE][PASSED] - Send request successfully

2018-11-12 14:16:40 - [MESSAGE][PASSED] - Send request successfully

2018-11-12 14:16:40 - [MESSAGE][PASSED] - Actual object 'true' and expected object 'true' are equal

2018-11-12 14:16:40 - [MESSAGE][PASSED] - com.ge.tms.customer.CustomerVerification.verifyAddressKeySort is PASSED

2018-11-12 14:16:40 - [TEST_STEP][PASSED] - executeJavaScript: Execute JavaScript 'return document.querySelectorAll("px-icon")[2].shadowRoot.querySelector("iron-icon").click()' successfully

2018-11-12 14:16:40 - [MESSAGE][PASSED] - Execute JavaScript 'return document.querySelectorAll("px-icon")[2].shadowRoot.querySelector("iron-icon").click()' successfully

2018-11-12 14:16:40 - [TEST_STEP][PASSED] - executeJavaScript: Execute JavaScript 'return document.querySelectorAll("px-icon")[2].shadowRoot.querySelector("iron-icon").click()' successfully

2018-11-12 14:16:40 - [MESSAGE][PASSED] - Execute JavaScript 'return document.querySelectorAll("px-icon")[2].shadowRoot.querySelector("iron-icon").click()' successfully

2018-11-12 14:16:40 - [TEST_STEP][PASSED] - com.ge.tms.customer.CustomerVerification.verifyAddressKeySort: com.ge.tms.customer.CustomerVerification.verifyAddressKeySort is PASSED

2018-11-12 14:16:40 - [MESSAGE][PASSED] - Send request successfully

2018-11-12 14:16:40 - [MESSAGE][PASSED] - Send request successfully

2018-11-12 14:16:40 - [MESSAGE][PASSED] - Send request successfully

2018-11-12 14:16:40 - [MESSAGE][PASSED] - Send request successfully

2018-11-12 14:16:40 - [MESSAGE][PASSED] - Send request successfully

2018-11-12 14:16:40 - [MESSAGE][PASSED] - Send request successfully

2018-11-12 14:16:40 - [MESSAGE][PASSED] - Send request successfully

2018-11-12 14:16:40 - [MESSAGE][PASSED] - Send request successfully

2018-11-12 14:16:40 - [MESSAGE][PASSED] - Send request successfully

2018-11-12 14:16:40 - [MESSAGE][PASSED] - Actual object 'true' and expected object 'true' are equal

2018-11-12 14:16:40 - [MESSAGE][PASSED] - com.ge.tms.customer.CustomerVerification.verifyAddressKeySort is PASSED

2018-11-12 14:16:40 - [TEST_STEP][PASSED] - executeJavaScript: Execute JavaScript 'return document.querySelectorAll("#root px-dropdown")[0].shadowRoot.querySelector("#content").shadowRoot.querySelector("#selector > div:nth-child(4) > span").click()' successfully

2018-11-12 14:16:40 - [MESSAGE][PASSED] - Execute JavaScript 'return document.querySelectorAll("#root px-dropdown")[0].shadowRoot.querySelector("#content").shadowRoot.querySelector("#selector > div:nth-child(4) > span").click()' successfully

2018-11-12 14:16:40 - [TEST_STEP][PASSED] - com.ge.tms.customer.CustomerVerification.verifyModifiedDateSort: com.ge.tms.customer.CustomerVerification.verifyModifiedDateSort is PASSED

2018-11-12 14:16:40 - [MESSAGE][PASSED] - Send request successfully

2018-11-12 14:16:40 - [MESSAGE][PASSED] - Send request successfully

2018-11-12 14:16:40 - [MESSAGE][PASSED] - Send request successfully

2018-11-12 14:16:40 - [MESSAGE][PASSED] - Send request successfully

2018-11-12 14:16:40 - [MESSAGE][PASSED] - Send request successfully

2018-11-12 14:16:40 - [MESSAGE][PASSED] - Send request successfully

2018-11-12 14:16:40 - [MESSAGE][PASSED] - Send request successfully

2018-11-12 14:16:40 - [MESSAGE][PASSED] - Send request successfully

2018-11-12 14:16:40 - [MESSAGE][PASSED] - Send request successfully

2018-11-12 14:16:41 - [MESSAGE][PASSED] - Actual object 'true' and expected object 'true' are equal

2018-11-12 14:16:41 - [MESSAGE][PASSED] - com.ge.tms.customer.CustomerVerification.verifyModifiedDateSort is PASSED

2018-11-12 14:16:41 - [TEST_STEP][PASSED] - executeJavaScript: Execute JavaScript 'return document.querySelectorAll("px-icon")[2].shadowRoot.querySelector("iron-icon").click()' successfully

2018-11-12 14:16:41 - [MESSAGE][PASSED] - Execute JavaScript 'return document.querySelectorAll("px-icon")[2].shadowRoot.querySelector("iron-icon").click()' successfully

2018-11-12 14:16:41 - [TEST_STEP][PASSED] - executeJavaScript: Execute JavaScript 'return document.querySelectorAll("px-icon")[2].shadowRoot.querySelector("iron-icon").click()' successfully

2018-11-12 14:16:41 - [MESSAGE][PASSED] - Execute JavaScript 'return document.querySelectorAll("px-icon")[2].shadowRoot.querySelector("iron-icon").click()' successfully

2018-11-12 14:16:41 - [TEST_STEP][PASSED] - com.ge.tms.customer.CustomerVerification.verifyModifiedDateSort: com.ge.tms.customer.CustomerVerification.verifyModifiedDateSort is PASSED

2018-11-12 14:16:41 - [MESSAGE][PASSED] - Send request successfully

2018-11-12 14:16:41 - [MESSAGE][PASSED] - Send request successfully

2018-11-12 14:16:41 - [MESSAGE][PASSED] - Send request successfully

2018-11-12 14:16:41 - [MESSAGE][PASSED] - Send request successfully

2018-11-12 14:16:41 - [MESSAGE][PASSED] - Send request successfully

2018-11-12 14:16:41 - [MESSAGE][PASSED] - Send request successfully

2018-11-12 14:16:41 - [MESSAGE][PASSED] - Send request successfully

2018-11-12 14:16:41 - [MESSAGE][PASSED] - Send request successfully

2018-11-12 14:16:41 - [MESSAGE][PASSED] - Send request successfully

2018-11-12 14:16:41 - [MESSAGE][PASSED] - Actual object 'true' and expected object 'true' are equal

2018-11-12 14:16:41 - [MESSAGE][PASSED] - com.ge.tms.customer.CustomerVerification.verifyModifiedDateSort is PASSED

2018-11-12 14:16:41 - [TEST_STEP][PASSED] - Start listener action : closeBrowserForTestCasse: Navigate to 'http://localhost:8080/home' successfully

2018-11-12 14:16:41 - [TEST_STEP][PASSED] - Statement - If (isTestSuitEnable == true): null

2018-11-12 14:16:41 - [TEST_STEP][PASSED] - Statement - beforeTestCaseExecute(): null

2018-11-12 14:16:41 - [TEST_STEP][PASSED] - Statement - If (isTestSuitEnable == true): Navigate to 'http://localhost:8080/home' successfully

2018-11-12 14:16:41 - [TEST_STEP][PASSED] - navigateToUrl: Navigate to 'http://localhost:8080/home' successfully

2018-11-12 14:16:42 - [MESSAGE][PASSED] - Navigate to 'http://localhost:8080/home' successfully

2018-11-12 14:16:42 - [TEST_STEP][PASSED] - Start listener action : afterTestCase: Invoke 'com.kms.katalon.core.annotation.AfterTestCase' method: 'TmsTestListner.afterTestCase(...)' completed.

2018-11-12 14:16:42 - [TEST_STEP][PASSED] - Statement - If (java.lang.System.getProperties().containsKey("updateRally")): Invoke 'com.kms.katalon.core.annotation.AfterTestCase' method: 'TmsTestListner.afterTestCase(...)' completed.]]></system-out>
         <system-err><![CDATA[]]></system-err>
      </testcase>
      <system-out><![CDATA[2018-11-12 14:14:53 - [TEST_SUITE][FAILED] - Manage Customer Test Suite: Test Cases/Customer/F11762-View Customer/QA-US83146/US84104-View Customer/TC59502-Verify Customer Page FAILED because (of) (Stack trace: com.kms.katalon.core.exception.StepFailedException: Unable to verify equal between actual object 'Z5HSLIL - null' and expected object 'Z5HSLIL' (Root cause: Actual object 'Z5HSLIL - null' and expected object 'Z5HSLIL' are not equal)
	at com.kms.katalon.core.keyword.internal.KeywordMain.stepFailed(KeywordMain.groovy:36)
	at com.kms.katalon.core.keyword.internal.KeywordMain.stepFailed(KeywordMain.groovy)
	at com.kms.katalon.core.keyword.internal.KeywordMain.runKeyword(KeywordMain.groovy:56)
	at com.kms.katalon.core.keyword.builtin.VerifyEqualKeyword.verifyEqual(VerifyEqualKeyword.groovy:64)
	at com.kms.katalon.core.keyword.builtin.VerifyEqualKeyword.execute(VerifyEqualKeyword.groovy:45)
	at com.kms.katalon.core.keyword.internal.KeywordExecutor.executeKeywordForPlatform(KeywordExecutor.groovy:53)
	at com.kms.katalon.core.keyword.BuiltinKeywords.verifyEqual(BuiltinKeywords.groovy:141)
	at sun.reflect.GeneratedMethodAccessor3.invoke(Unknown Source)
	at sun.reflect.DelegatingMethodAccessorImpl.invoke(DelegatingMethodAccessorImpl.java:43)
	at java.lang.reflect.Method.invoke(Method.java:498)
	at org.codehaus.groovy.reflection.CachedMethod.invoke(CachedMethod.java:93)
	at groovy.lang.MetaMethod.doMethodInvoke(MetaMethod.java:325)
	at groovy.lang.MetaClassImpl.invokeStaticMethod(MetaClassImpl.java:1469)
	at org.codehaus.groovy.runtime.callsite.StaticMetaClassSite.call(StaticMetaClassSite.java:53)
	at org.codehaus.groovy.runtime.callsite.CallSiteArray.defaultCall(CallSiteArray.java:48)
	at org.codehaus.groovy.runtime.callsite.AbstractCallSite.call(AbstractCallSite.java:113)
	at org.codehaus.groovy.runtime.callsite.AbstractCallSite.call(AbstractCallSite.java:133)
	at com.ge.tms.customer.CustomerVerification.verifyCustomerDetailsInRightPane(CustomerVerification.groovy:245)
	at sun.reflect.NativeMethodAccessorImpl.invoke0(Native Method)
	at sun.reflect.NativeMethodAccessorImpl.invoke(NativeMethodAccessorImpl.java:62)
	at sun.reflect.DelegatingMethodAccessorImpl.invoke(DelegatingMethodAccessorImpl.java:43)
	at java.lang.reflect.Method.invoke(Method.java:498)
	at org.codehaus.groovy.reflection.CachedMethod.invoke(CachedMethod.java:93)
	at groovy.lang.MetaMethod.doMethodInvoke(MetaMethod.java:325)
	at groovy.lang.MetaClassImpl.invokeMethod(MetaClassImpl.java:1215)
	at groovy.lang.MetaClassImpl.invokeMethod(MetaClassImpl.java:1024)
	at groovy.lang.MetaClassImpl.invokeMethod(MetaClassImpl.java:812)
	at groovy.lang.DelegatingMetaClass.invokeMethod(DelegatingMetaClass.java:144)
	at com.ge.tms.customer.CustomerVerification.invokeMethod(CustomerVerification.groovy)
	at com.kms.katalon.core.main.CustomKeywordDelegatingMetaClass.invokeStaticMethod(CustomKeywordDelegatingMetaClass.java:46)
	at org.codehaus.groovy.runtime.callsite.StaticMetaClassSite.call(StaticMetaClassSite.java:53)
	at org.codehaus.groovy.runtime.callsite.CallSiteArray.defaultCall(CallSiteArray.java:48)
	at org.codehaus.groovy.runtime.callsite.AbstractCallSite.call(AbstractCallSite.java:113)
	at org.codehaus.groovy.runtime.callsite.AbstractCallSite.call(AbstractCallSite.java:125)
	at Script1533639748945.run(Script1533639748945.groovy:90)
	at com.kms.katalon.core.main.ScriptEngine.run(ScriptEngine.java:183)
	at com.kms.katalon.core.main.ScriptEngine.runScriptAsRawText(ScriptEngine.java:108)
	at com.kms.katalon.core.main.TestCaseExecutor.runScript(TestCaseExecutor.java:294)
	at com.kms.katalon.core.main.TestCaseExecutor.doExecute(TestCaseExecutor.java:285)
	at com.kms.katalon.core.main.TestCaseExecutor.processExecutionPhase(TestCaseExecutor.java:264)
	at com.kms.katalon.core.main.TestCaseExecutor.accessMainPhase(TestCaseExecutor.java:256)
	at com.kms.katalon.core.main.TestCaseExecutor.execute(TestCaseExecutor.java:200)
	at com.kms.katalon.core.main.TestSuiteExecutor.accessTestCaseMainPhase(TestSuiteExecutor.java:129)
	at com.kms.katalon.core.main.TestSuiteExecutor.accessTestSuiteMainPhase(TestSuiteExecutor.java:112)
	at com.kms.katalon.core.main.TestSuiteExecutor.execute(TestSuiteExecutor.java:81)
	at com.kms.katalon.core.main.TestCaseMain.startTestSuite(TestCaseMain.java:142)
	at com.kms.katalon.core.main.TestCaseMain$startTestSuite$0.call(Unknown Source)
	at org.codehaus.groovy.runtime.callsite.CallSiteArray.defaultCall(CallSiteArray.java:48)
	at org.codehaus.groovy.runtime.callsite.AbstractCallSite.call(AbstractCallSite.java:113)
	at org.codehaus.groovy.runtime.callsite.AbstractCallSite.call(AbstractCallSite.java:141)
	at TempTestSuite1542012289825.run(TempTestSuite1542012289825.groovy:36)
	at groovy.lang.GroovyShell.runScriptOrMainOrTestOrRunnable(GroovyShell.java:263)
	at groovy.lang.GroovyShell.run(GroovyShell.java:518)
	at groovy.lang.GroovyShell.run(GroovyShell.java:507)
	at groovy.ui.GroovyMain.processOnce(GroovyMain.java:653)
	at groovy.ui.GroovyMain.run(GroovyMain.java:384)
	at groovy.ui.GroovyMain.process(GroovyMain.java:370)
	at groovy.ui.GroovyMain.processArgs(GroovyMain.java:129)
	at groovy.ui.GroovyMain.main(GroovyMain.java:109)
	at sun.reflect.NativeMethodAccessorImpl.invoke0(Native Method)
	at sun.reflect.NativeMethodAccessorImpl.invoke(NativeMethodAccessorImpl.java:62)
	at sun.reflect.DelegatingMethodAccessorImpl.invoke(DelegatingMethodAccessorImpl.java:43)
	at java.lang.reflect.Method.invoke(Method.java:498)
	at org.codehaus.groovy.tools.GroovyStarter.rootLoader(GroovyStarter.java:109)
	at org.codehaus.groovy.tools.GroovyStarter.main(GroovyStarter.java:131)
)]]></system-out>
      <system-err><![CDATA[2018-11-12 14:14:53 - [TEST_SUITE][FAILED] - Manage Customer Test Suite: Test Cases/Customer/F11762-View Customer/QA-US83146/US84104-View Customer/TC59502-Verify Customer Page FAILED because (of) (Stack trace: com.kms.katalon.core.exception.StepFailedException: Unable to verify equal between actual object 'Z5HSLIL - null' and expected object 'Z5HSLIL' (Root cause: Actual object 'Z5HSLIL - null' and expected object 'Z5HSLIL' are not equal)
	at com.kms.katalon.core.keyword.internal.KeywordMain.stepFailed(KeywordMain.groovy:36)
	at com.kms.katalon.core.keyword.internal.KeywordMain.stepFailed(KeywordMain.groovy)
	at com.kms.katalon.core.keyword.internal.KeywordMain.runKeyword(KeywordMain.groovy:56)
	at com.kms.katalon.core.keyword.builtin.VerifyEqualKeyword.verifyEqual(VerifyEqualKeyword.groovy:64)
	at com.kms.katalon.core.keyword.builtin.VerifyEqualKeyword.execute(VerifyEqualKeyword.groovy:45)
	at com.kms.katalon.core.keyword.internal.KeywordExecutor.executeKeywordForPlatform(KeywordExecutor.groovy:53)
	at com.kms.katalon.core.keyword.BuiltinKeywords.verifyEqual(BuiltinKeywords.groovy:141)
	at sun.reflect.GeneratedMethodAccessor3.invoke(Unknown Source)
	at sun.reflect.DelegatingMethodAccessorImpl.invoke(DelegatingMethodAccessorImpl.java:43)
	at java.lang.reflect.Method.invoke(Method.java:498)
	at org.codehaus.groovy.reflection.CachedMethod.invoke(CachedMethod.java:93)
	at groovy.lang.MetaMethod.doMethodInvoke(MetaMethod.java:325)
	at groovy.lang.MetaClassImpl.invokeStaticMethod(MetaClassImpl.java:1469)
	at org.codehaus.groovy.runtime.callsite.StaticMetaClassSite.call(StaticMetaClassSite.java:53)
	at org.codehaus.groovy.runtime.callsite.CallSiteArray.defaultCall(CallSiteArray.java:48)
	at org.codehaus.groovy.runtime.callsite.AbstractCallSite.call(AbstractCallSite.java:113)
	at org.codehaus.groovy.runtime.callsite.AbstractCallSite.call(AbstractCallSite.java:133)
	at com.ge.tms.customer.CustomerVerification.verifyCustomerDetailsInRightPane(CustomerVerification.groovy:245)
	at sun.reflect.NativeMethodAccessorImpl.invoke0(Native Method)
	at sun.reflect.NativeMethodAccessorImpl.invoke(NativeMethodAccessorImpl.java:62)
	at sun.reflect.DelegatingMethodAccessorImpl.invoke(DelegatingMethodAccessorImpl.java:43)
	at java.lang.reflect.Method.invoke(Method.java:498)
	at org.codehaus.groovy.reflection.CachedMethod.invoke(CachedMethod.java:93)
	at groovy.lang.MetaMethod.doMethodInvoke(MetaMethod.java:325)
	at groovy.lang.MetaClassImpl.invokeMethod(MetaClassImpl.java:1215)
	at groovy.lang.MetaClassImpl.invokeMethod(MetaClassImpl.java:1024)
	at groovy.lang.MetaClassImpl.invokeMethod(MetaClassImpl.java:812)
	at groovy.lang.DelegatingMetaClass.invokeMethod(DelegatingMetaClass.java:144)
	at com.ge.tms.customer.CustomerVerification.invokeMethod(CustomerVerification.groovy)
	at com.kms.katalon.core.main.CustomKeywordDelegatingMetaClass.invokeStaticMethod(CustomKeywordDelegatingMetaClass.java:46)
	at org.codehaus.groovy.runtime.callsite.StaticMetaClassSite.call(StaticMetaClassSite.java:53)
	at org.codehaus.groovy.runtime.callsite.CallSiteArray.defaultCall(CallSiteArray.java:48)
	at org.codehaus.groovy.runtime.callsite.AbstractCallSite.call(AbstractCallSite.java:113)
	at org.codehaus.groovy.runtime.callsite.AbstractCallSite.call(AbstractCallSite.java:125)
	at Script1533639748945.run(Script1533639748945.groovy:90)
	at com.kms.katalon.core.main.ScriptEngine.run(ScriptEngine.java:183)
	at com.kms.katalon.core.main.ScriptEngine.runScriptAsRawText(ScriptEngine.java:108)
	at com.kms.katalon.core.main.TestCaseExecutor.runScript(TestCaseExecutor.java:294)
	at com.kms.katalon.core.main.TestCaseExecutor.doExecute(TestCaseExecutor.java:285)
	at com.kms.katalon.core.main.TestCaseExecutor.processExecutionPhase(TestCaseExecutor.java:264)
	at com.kms.katalon.core.main.TestCaseExecutor.accessMainPhase(TestCaseExecutor.java:256)
	at com.kms.katalon.core.main.TestCaseExecutor.execute(TestCaseExecutor.java:200)
	at com.kms.katalon.core.main.TestSuiteExecutor.accessTestCaseMainPhase(TestSuiteExecutor.java:129)
	at com.kms.katalon.core.main.TestSuiteExecutor.accessTestSuiteMainPhase(TestSuiteExecutor.java:112)
	at com.kms.katalon.core.main.TestSuiteExecutor.execute(TestSuiteExecutor.java:81)
	at com.kms.katalon.core.main.TestCaseMain.startTestSuite(TestCaseMain.java:142)
	at com.kms.katalon.core.main.TestCaseMain$startTestSuite$0.call(Unknown Source)
	at org.codehaus.groovy.runtime.callsite.CallSiteArray.defaultCall(CallSiteArray.java:48)
	at org.codehaus.groovy.runtime.callsite.AbstractCallSite.call(AbstractCallSite.java:113)
	at org.codehaus.groovy.runtime.callsite.AbstractCallSite.call(AbstractCallSite.java:141)
	at TempTestSuite1542012289825.run(TempTestSuite1542012289825.groovy:36)
	at groovy.lang.GroovyShell.runScriptOrMainOrTestOrRunnable(GroovyShell.java:263)
	at groovy.lang.GroovyShell.run(GroovyShell.java:518)
	at groovy.lang.GroovyShell.run(GroovyShell.java:507)
	at groovy.ui.GroovyMain.processOnce(GroovyMain.java:653)
	at groovy.ui.GroovyMain.run(GroovyMain.java:384)
	at groovy.ui.GroovyMain.process(GroovyMain.java:370)
	at groovy.ui.GroovyMain.processArgs(GroovyMain.java:129)
	at groovy.ui.GroovyMain.main(GroovyMain.java:109)
	at sun.reflect.NativeMethodAccessorImpl.invoke0(Native Method)
	at sun.reflect.NativeMethodAccessorImpl.invoke(NativeMethodAccessorImpl.java:62)
	at sun.reflect.DelegatingMethodAccessorImpl.invoke(DelegatingMethodAccessorImpl.java:43)
	at java.lang.reflect.Method.invoke(Method.java:498)
	at org.codehaus.groovy.tools.GroovyStarter.rootLoader(GroovyStarter.java:109)
	at org.codehaus.groovy.tools.GroovyStarter.main(GroovyStarter.java:131)
)]]></system-err>
   </testsuite>
</testsuites>
